Mon Apr 30 09:34:58 EDT 2018: TriNet-VSP-834X4 Starting
Mon Apr 30 09:34:58 EDT 2018: TriNet-VSP-834X4 - Create file record.
Mon Apr 30 09:35:02 EDT 2018: File id = 1060
Mon Apr 30 09:35:02 EDT 2018: TriNet-VSP-834X4 - Create file record data.
Mon Apr 30 09:35:38 EDT 2018: TriNet-VSP-834X4 - Get number of subscribers in the file record data tables.
Mon Apr 30 09:35:39 EDT 2018: Number of subscribers = 10830.
Mon Apr 30 09:35:39 EDT 2018: TriNet-VSP-834X4 - Create file target/TriNet-VSP-834X4-20180430-093458.x12.
2018-04-30 09:35:40.981  INFO 10474 --- [           main] com.trinet.cvf.files.TriNetCvfFilesMain  : Starting TriNetCvfFilesMain v00015 on bib01bredimft01.ux.corp.local with PID 10474 (/opt/trinet/cronprograms/cvf-java-files/lib/com.trinet.cvf.filesimpl-TriNet-VSP-834.jar started by cronjobs in /opt/trinet/util/cronjobs)
2018-04-30 09:35:40.987 DEBUG 10474 --- [           main] com.trinet.cvf.files.TriNetCvfFilesMain  : Running with Spring Boot v1.5.2.RELEASE, Spring v4.3.7.RELEASE
2018-04-30 09:35:40.987  INFO 10474 --- [           main] com.trinet.cvf.files.TriNetCvfFilesMain  : No active profile set, falling back to default profiles: default
2018-04-30 09:35:51.464  INFO 10474 --- [           main] com.trinet.cvf.files.ansi5010.Ansi5010   : Create ANSI5010 file for file id 1060 output to target/TriNet-VSP-834X4-20180430-093458.x12.
2018-04-30 09:35:51.567  INFO 10474 --- [           main] com.trinet.cvf.files.ansi5010.Ansi5010   : File name: VSP 834 X4
2018-04-30 09:35:53.793 DEBUG 10474 --- [           main] c.t.c.f.a.loops.LoopTransactionSet       : Saved exception: Exception{exceptionId=386949, fileDefinitionId=26, fileInstanceId=1060, fileRecordId=261572, exceptionType='ERROR', category='DATA ELEMENT', subCategory='Illegal element value.', detail='Loop id 2000 Segment ID: INS Student Status Code [U] must equal one of P,F,N.', subscriberId='00001529922', memberId='01', exceptionCreated=2018-04-30 09:35:53.748}
2018-04-30 09:35:53.861 DEBUG 10474 --- [           main] c.t.c.f.a.loops.LoopTransactionSet       : Delete file instance file record id: 6633355
2018-04-30 09:35:53.861 DEBUG 10474 --- [           main] c.t.c.f.a.loops.LoopTransactionSet       : Delete file instance file record id: 6633356
2018-04-30 09:35:55.539 DEBUG 10474 --- [           main] c.t.c.f.a.loops.LoopTransactionSet       : Saved exception: Exception{exceptionId=386950, fileDefinitionId=26, fileInstanceId=1060, fileRecordId=252242, exceptionType='ERROR', category='DATA ELEMENT', subCategory='Illegal element value.', detail='Loop id 2000 Segment ID: INS Student Status Code [U] must equal one of P,F,N.', subscriberId='00001511364', memberId='01', exceptionCreated=2018-04-30 09:35:55.537}
2018-04-30 09:35:55.594 DEBUG 10474 --- [           main] c.t.c.f.a.loops.LoopTransactionSet       : Delete file instance file record id: 6624027
2018-04-30 09:35:55.595 DEBUG 10474 --- [           main] c.t.c.f.a.loops.LoopTransactionSet       : Delete file instance file record id: 6624028
2018-04-30 09:35:55.595 DEBUG 10474 --- [           main] c.t.c.f.a.loops.LoopTransactionSet       : Delete file instance file record id: 6624029
2018-04-30 09:35:55.969 DEBUG 10474 --- [           main] c.t.c.f.a.loops.LoopTransactionSet       : Saved exception: Exception{exceptionId=386951, fileDefinitionId=26, fileInstanceId=1060, fileRecordId=261259, exceptionType='ERROR', category='DATA ELEMENT', subCategory='Illegal element value.', detail='Loop id 2000 Segment ID: INS Student Status Code [U] must equal one of P,F,N.', subscriberId='00001529605', memberId='01', exceptionCreated=2018-04-30 09:35:55.967}
2018-04-30 09:35:55.971 DEBUG 10474 --- [           main] c.t.c.f.a.loops.LoopTransactionSet       : Delete file instance file record id: 6633042
2018-04-30 09:35:55.971 DEBUG 10474 --- [           main] c.t.c.f.a.loops.LoopTransactionSet       : Delete file instance file record id: 6633043
2018-04-30 09:35:55.971 DEBUG 10474 --- [           main] c.t.c.f.a.loops.LoopTransactionSet       : Delete file instance file record id: 6633044
2018-04-30 09:35:56.320 DEBUG 10474 --- [           main] c.t.c.f.a.loops.LoopTransactionSet       : Saved exception: Exception{exceptionId=386952, fileDefinitionId=26, fileInstanceId=1060, fileRecordId=257773, exceptionType='ERROR', category='DATA ELEMENT', subCategory='Illegal element value.', detail='Loop id 2000 Segment ID: INS Student Status Code [U] must equal one of P,F,N.', subscriberId='00001522956', memberId='01', exceptionCreated=2018-04-30 09:35:56.318}
2018-04-30 09:35:56.323 DEBUG 10474 --- [           main] c.t.c.f.a.loops.LoopTransactionSet       : Saved exception: Exception{exceptionId=386953, fileDefinitionId=26, fileInstanceId=1060, fileRecordId=253012, exceptionType='ERROR', category='DATA ELEMENT', subCategory='Illegal element value.', detail='Loop id 2000 Segment ID: INS Student Status Code [U] must equal one of P,F,N.', subscriberId='00001512300', memberId='01', exceptionCreated=2018-04-30 09:35:56.321}
2018-04-30 09:35:56.378 DEBUG 10474 --- [           main] c.t.c.f.a.loops.LoopTransactionSet       : Saved exception: Exception{exceptionId=386954, fileDefinitionId=26, fileInstanceId=1060, fileRecordId=261077, exceptionType='ERROR', category='DATA ELEMENT', subCategory='Illegal element value.', detail='Loop id 2000 Segment ID: INS Student Status Code [U] must equal one of P,F,N.', subscriberId='00001528093', memberId='01', exceptionCreated=2018-04-30 09:35:56.376}
2018-04-30 09:35:56.385 DEBUG 10474 --- [           main] c.t.c.f.a.loops.LoopTransactionSet       : Delete file instance file record id: 6629558
2018-04-30 09:35:56.386 DEBUG 10474 --- [           main] c.t.c.f.a.loops.LoopTransactionSet       : Delete file instance file record id: 6629559
2018-04-30 09:35:56.386 DEBUG 10474 --- [           main] c.t.c.f.a.loops.LoopTransactionSet       : Delete file instance file record id: 6624797
2018-04-30 09:35:56.386 DEBUG 10474 --- [           main] c.t.c.f.a.loops.LoopTransactionSet       : Delete file instance file record id: 6624798
2018-04-30 09:35:56.386 DEBUG 10474 --- [           main] c.t.c.f.a.loops.LoopTransactionSet       : Delete file instance file record id: 6632860
2018-04-30 09:35:56.387 DEBUG 10474 --- [           main] c.t.c.f.a.loops.LoopTransactionSet       : Delete file instance file record id: 6632861
2018-04-30 09:35:56.804 DEBUG 10474 --- [           main] c.t.c.f.a.loops.LoopTransactionSet       : Saved exception: Exception{exceptionId=386955, fileDefinitionId=26, fileInstanceId=1060, fileRecordId=257757, exceptionType='ERROR', category='DATA ELEMENT', subCategory='Illegal element value.', detail='Loop id 2000 Segment ID: INS Student Status Code [U] must equal one of P,F,N.', subscriberId='00001522935', memberId='01', exceptionCreated=2018-04-30 09:35:56.803}
2018-04-30 09:35:56.829 DEBUG 10474 --- [           main] c.t.c.f.a.loops.LoopTransactionSet       : Saved exception: Exception{exceptionId=386956, fileDefinitionId=26, fileInstanceId=1060, fileRecordId=263919, exceptionType='ERROR', category='DATA ELEMENT', subCategory='Illegal element value.', detail='Loop id 2000 Segment ID: INS Student Status Code [U] must equal one of P,F,N.', subscriberId='00001536422', memberId='01', exceptionCreated=2018-04-30 09:35:56.826}
2018-04-30 09:35:56.858 DEBUG 10474 --- [           main] c.t.c.f.a.loops.LoopTransactionSet       : Delete file instance file record id: 6629542
2018-04-30 09:35:56.858 DEBUG 10474 --- [           main] c.t.c.f.a.loops.LoopTransactionSet       : Delete file instance file record id: 6629543
2018-04-30 09:35:56.858 DEBUG 10474 --- [           main] c.t.c.f.a.loops.LoopTransactionSet       : Delete file instance file record id: 6629544
2018-04-30 09:35:56.858 DEBUG 10474 --- [           main] c.t.c.f.a.loops.LoopTransactionSet       : Delete file instance file record id: 6629545
2018-04-30 09:35:56.859 DEBUG 10474 --- [           main] c.t.c.f.a.loops.LoopTransactionSet       : Delete file instance file record id: 6635702
2018-04-30 09:35:56.859 DEBUG 10474 --- [           main] c.t.c.f.a.loops.LoopTransactionSet       : Delete file instance file record id: 6635703
2018-04-30 09:35:57.158 DEBUG 10474 --- [           main] c.t.c.f.a.loops.LoopTransactionSet       : Saved exception: Exception{exceptionId=386957, fileDefinitionId=26, fileInstanceId=1060, fileRecordId=262450, exceptionType='ERROR', category='DATA ELEMENT', subCategory='Illegal element value.', detail='Loop id 2000 Segment ID: INS Student Status Code [U] must equal one of P,F,N.', subscriberId='00001532039', memberId='01', exceptionCreated=2018-04-30 09:35:57.156}
2018-04-30 09:35:57.186 DEBUG 10474 --- [           main] c.t.c.f.a.loops.LoopTransactionSet       : Saved exception: Exception{exceptionId=386958, fileDefinitionId=26, fileInstanceId=1060, fileRecordId=270722, exceptionType='ERROR', category='DATA ELEMENT', subCategory='Invalid element length.', detail='Loop id 2100A Segment ID: N4 State Code [NSW] length of 3 exceeds the maximum length of 2', subscriberId='00001924356', memberId='04', exceptionCreated=2018-04-30 09:35:57.185}
2018-04-30 09:35:57.188 DEBUG 10474 --- [           main] c.t.c.f.a.loops.LoopTransactionSet       : Saved exception: Exception{exceptionId=386959, fileDefinitionId=26, fileInstanceId=1060, fileRecordId=270723, exceptionType='ERROR', category='DATA ELEMENT', subCategory='Invalid element length.', detail='Loop id 2100A Segment ID: N4 State Code [NSW] length of 3 exceeds the maximum length of 2', subscriberId='00001924356', memberId='05', exceptionCreated=2018-04-30 09:35:57.188}
2018-04-30 09:35:57.208 DEBUG 10474 --- [           main] c.t.c.f.a.loops.LoopTransactionSet       : Saved exception: Exception{exceptionId=386960, fileDefinitionId=26, fileInstanceId=1060, fileRecordId=258901, exceptionType='ERROR', category='DATA ELEMENT', subCategory='Illegal element value.', detail='Loop id 2000 Segment ID: INS Student Status Code [U] must equal one of P,F,N.', subscriberId='00001524550', memberId='01', exceptionCreated=2018-04-30 09:35:57.207}
2018-04-30 09:35:57.226 DEBUG 10474 --- [           main] c.t.c.f.a.loops.LoopTransactionSet       : Delete file instance file record id: 6634233
2018-04-30 09:35:57.226 DEBUG 10474 --- [           main] c.t.c.f.a.loops.LoopTransactionSet       : Delete file instance file record id: 6634234
2018-04-30 09:35:57.227 DEBUG 10474 --- [           main] c.t.c.f.a.loops.LoopTransactionSet       : Delete file instance file record id: 6642503
2018-04-30 09:35:57.227 DEBUG 10474 --- [           main] c.t.c.f.a.loops.LoopTransactionSet       : Delete file instance file record id: 6642504
2018-04-30 09:35:57.227 DEBUG 10474 --- [           main] c.t.c.f.a.loops.LoopTransactionSet       : Delete file instance file record id: 6642505
2018-04-30 09:35:57.227 DEBUG 10474 --- [           main] c.t.c.f.a.loops.LoopTransactionSet       : Delete file instance file record id: 6642506
2018-04-30 09:35:57.227 DEBUG 10474 --- [           main] c.t.c.f.a.loops.LoopTransactionSet       : Delete file instance file record id: 6642507
2018-04-30 09:35:57.227 DEBUG 10474 --- [           main] c.t.c.f.a.loops.LoopTransactionSet       : Delete file instance file record id: 6630686
2018-04-30 09:35:57.227 DEBUG 10474 --- [           main] c.t.c.f.a.loops.LoopTransactionSet       : Delete file instance file record id: 6630687
2018-04-30 09:35:57.535 DEBUG 10474 --- [           main] c.t.c.f.a.loops.LoopTransactionSet       : Saved exception: Exception{exceptionId=386961, fileDefinitionId=26, fileInstanceId=1060, fileRecordId=261573, exceptionType='ERROR', category='DATA ELEMENT', subCategory='Missing required element.', detail='Loop id 2000 Segment ID: INS Employment Status Code', subscriberId='00001529923', memberId='00001529923', exceptionCreated=2018-04-30 09:35:57.533}
2018-04-30 09:35:57.536 DEBUG 10474 --- [           main] c.t.c.f.a.loops.LoopTransactionSet       : Saved exception: Exception{exceptionId=386962, fileDefinitionId=26, fileInstanceId=1060, fileRecordId=261305, exceptionType='ERROR', category='DATA ELEMENT', subCategory='Illegal element value.', detail='Loop id 2000 Segment ID: INS Student Status Code [U] must equal one of P,F,N.', subscriberId='00001529627', memberId='01', exceptionCreated=2018-04-30 09:35:57.536}
2018-04-30 09:35:57.580 DEBUG 10474 --- [           main] c.t.c.f.a.loops.LoopTransactionSet       : Delete file instance file record id: 6633357
2018-04-30 09:35:57.580 DEBUG 10474 --- [           main] c.t.c.f.a.loops.LoopTransactionSet       : Delete file instance file record id: 6633358
2018-04-30 09:35:57.580 DEBUG 10474 --- [           main] c.t.c.f.a.loops.LoopTransactionSet       : Delete file instance file record id: 6633088
2018-04-30 09:35:57.580 DEBUG 10474 --- [           main] c.t.c.f.a.loops.LoopTransactionSet       : Delete file instance file record id: 6633089
2018-04-30 09:35:57.580 DEBUG 10474 --- [           main] c.t.c.f.a.loops.LoopTransactionSet       : Delete file instance file record id: 6633090
2018-04-30 09:35:57.580 DEBUG 10474 --- [           main] c.t.c.f.a.loops.LoopTransactionSet       : Delete file instance file record id: 6633091
2018-04-30 09:35:57.893 DEBUG 10474 --- [           main] c.t.c.f.a.loops.LoopTransactionSet       : Saved exception: Exception{exceptionId=386963, fileDefinitionId=26, fileInstanceId=1060, fileRecordId=254793, exceptionType='ERROR', category='DATA ELEMENT', subCategory='Illegal element value.', detail='Loop id 2000 Segment ID: INS Student Status Code [U] must equal one of P,F,N.', subscriberId='00001516412', memberId='02', exceptionCreated=2018-04-30 09:35:57.892}
2018-04-30 09:35:57.934 DEBUG 10474 --- [           main] c.t.c.f.a.loops.LoopTransactionSet       : Delete file instance file record id: 6626578
2018-04-30 09:35:57.934 DEBUG 10474 --- [           main] c.t.c.f.a.loops.LoopTransactionSet       : Delete file instance file record id: 6626579
2018-04-30 09:35:58.248 DEBUG 10474 --- [           main] c.t.c.f.a.loops.LoopTransactionSet       : Saved exception: Exception{exceptionId=386964, fileDefinitionId=26, fileInstanceId=1060, fileRecordId=257949, exceptionType='ERROR', category='DATA ELEMENT', subCategory='Illegal element value.', detail='Loop id 2000 Segment ID: INS Student Status Code [U] must equal one of P,F,N.', subscriberId='00001523144', memberId='02', exceptionCreated=2018-04-30 09:35:58.247}
2018-04-30 09:35:58.250 DEBUG 10474 --- [           main] c.t.c.f.a.loops.LoopTransactionSet       : Saved exception: Exception{exceptionId=386965, fileDefinitionId=26, fileInstanceId=1060, fileRecordId=257950, exceptionType='ERROR', category='DATA ELEMENT', subCategory='Illegal element value.', detail='Loop id 2000 Segment ID: INS Student Status Code [U] must equal one of P,F,N.', subscriberId='00001523144', memberId='04', exceptionCreated=2018-04-30 09:35:58.249}
2018-04-30 09:35:58.297 DEBUG 10474 --- [           main] c.t.c.f.a.loops.LoopTransactionSet       : Delete file instance file record id: 6629733
2018-04-30 09:35:58.297 DEBUG 10474 --- [           main] c.t.c.f.a.loops.LoopTransactionSet       : Delete file instance file record id: 6629734
2018-04-30 09:35:58.297 DEBUG 10474 --- [           main] c.t.c.f.a.loops.LoopTransactionSet       : Delete file instance file record id: 6629735
2018-04-30 09:35:58.297 DEBUG 10474 --- [           main] c.t.c.f.a.loops.LoopTransactionSet       : Delete file instance file record id: 6629736
2018-04-30 09:35:58.967 DEBUG 10474 --- [           main] c.t.c.f.a.loops.LoopTransactionSet       : Saved exception: Exception{exceptionId=386966, fileDefinitionId=26, fileInstanceId=1060, fileRecordId=274489, exceptionType='ERROR', category='DATA ELEMENT', subCategory='Invalid element length.', detail='Loop id 2100A Segment ID: N4 State Code [SOMER] length of 5 exceeds the maximum length of 2', subscriberId='00002040356', memberId='02', exceptionCreated=2018-04-30 09:35:58.965}
2018-04-30 09:35:58.978 DEBUG 10474 --- [           main] c.t.c.f.a.loops.LoopTransactionSet       : Saved exception: Exception{exceptionId=386967, fileDefinitionId=26, fileInstanceId=1060, fileRecordId=263753, exceptionType='ERROR', category='DATA ELEMENT', subCategory='Illegal element value.', detail='Loop id 2000 Segment ID: INS Student Status Code [U] must equal one of P,F,N.', subscriberId='00001536035', memberId='02', exceptionCreated=2018-04-30 09:35:58.976}
2018-04-30 09:35:58.983 DEBUG 10474 --- [           main] c.t.c.f.a.loops.LoopTransactionSet       : Saved exception: Exception{exceptionId=386968, fileDefinitionId=26, fileInstanceId=1060, fileRecordId=255760, exceptionType='ERROR', category='DATA ELEMENT', subCategory='Illegal element value.', detail='Loop id 2000 Segment ID: INS Student Status Code [U] must equal one of P,F,N.', subscriberId='00001518585', memberId='01', exceptionCreated=2018-04-30 09:35:58.982}
2018-04-30 09:35:59.034 DEBUG 10474 --- [           main] c.t.c.f.a.loops.LoopTransactionSet       : Delete file instance file record id: 6646271
2018-04-30 09:35:59.034 DEBUG 10474 --- [           main] c.t.c.f.a.loops.LoopTransactionSet       : Delete file instance file record id: 6646272
2018-04-30 09:35:59.034 DEBUG 10474 --- [           main] c.t.c.f.a.loops.LoopTransactionSet       : Delete file instance file record id: 6646273
2018-04-30 09:35:59.034 DEBUG 10474 --- [           main] c.t.c.f.a.loops.LoopTransactionSet       : Delete file instance file record id: 6646274
2018-04-30 09:35:59.034 DEBUG 10474 --- [           main] c.t.c.f.a.loops.LoopTransactionSet       : Delete file instance file record id: 6646275
2018-04-30 09:35:59.034 DEBUG 10474 --- [           main] c.t.c.f.a.loops.LoopTransactionSet       : Delete file instance file record id: 6646276
2018-04-30 09:35:59.034 DEBUG 10474 --- [           main] c.t.c.f.a.loops.LoopTransactionSet       : Delete file instance file record id: 6635536
2018-04-30 09:35:59.035 DEBUG 10474 --- [           main] c.t.c.f.a.loops.LoopTransactionSet       : Delete file instance file record id: 6635537
2018-04-30 09:35:59.035 DEBUG 10474 --- [           main] c.t.c.f.a.loops.LoopTransactionSet       : Delete file instance file record id: 6627545
2018-04-30 09:35:59.035 DEBUG 10474 --- [           main] c.t.c.f.a.loops.LoopTransactionSet       : Delete file instance file record id: 6627546
2018-04-30 09:35:59.812 DEBUG 10474 --- [           main] c.t.c.f.a.loops.LoopTransactionSet       : Saved exception: Exception{exceptionId=386969, fileDefinitionId=26, fileInstanceId=1060, fileRecordId=259062, exceptionType='ERROR', category='DATA ELEMENT', subCategory='Illegal element value.', detail='Loop id 2000 Segment ID: INS Student Status Code [U] must equal one of P,F,N.', subscriberId='00001524745', memberId='03', exceptionCreated=2018-04-30 09:35:59.811}
2018-04-30 09:35:59.847 DEBUG 10474 --- [           main] c.t.c.f.a.loops.LoopTransactionSet       : Delete file instance file record id: 6630846
2018-04-30 09:35:59.847 DEBUG 10474 --- [           main] c.t.c.f.a.loops.LoopTransactionSet       : Delete file instance file record id: 6630847
2018-04-30 09:35:59.847 DEBUG 10474 --- [           main] c.t.c.f.a.loops.LoopTransactionSet       : Delete file instance file record id: 6630848
2018-04-30 09:35:59.847 DEBUG 10474 --- [           main] c.t.c.f.a.loops.LoopTransactionSet       : Delete file instance file record id: 6630849
2018-04-30 09:36:00.124 DEBUG 10474 --- [           main] c.t.c.f.a.loops.LoopTransactionSet       : Saved exception: Exception{exceptionId=386970, fileDefinitionId=26, fileInstanceId=1060, fileRecordId=261564, exceptionType='ERROR', category='DATA ELEMENT', subCategory='Illegal element value.', detail='Loop id 2000 Segment ID: INS Student Status Code [U] must equal one of P,F,N.', subscriberId='00001529918', memberId='01', exceptionCreated=2018-04-30 09:36:00.123}
2018-04-30 09:36:00.151 DEBUG 10474 --- [           main] c.t.c.f.a.loops.LoopTransactionSet       : Saved exception: Exception{exceptionId=386971, fileDefinitionId=26, fileInstanceId=1060, fileRecordId=263237, exceptionType='ERROR', category='DATA ELEMENT', subCategory='Illegal element value.', detail='Loop id 2000 Segment ID: INS Student Status Code [U] must equal one of P,F,N.', subscriberId='00001534228', memberId='01', exceptionCreated=2018-04-30 09:36:00.15}
2018-04-30 09:36:00.173 DEBUG 10474 --- [           main] c.t.c.f.a.loops.LoopTransactionSet       : Saved exception: Exception{exceptionId=386972, fileDefinitionId=26, fileInstanceId=1060, fileRecordId=257112, exceptionType='ERROR', category='DATA ELEMENT', subCategory='Illegal element value.', detail='Loop id 2000 Segment ID: INS Student Status Code [U] must equal one of P,F,N.', subscriberId='00001521319', memberId='03', exceptionCreated=2018-04-30 09:36:00.171}
2018-04-30 09:36:00.181 DEBUG 10474 --- [           main] c.t.c.f.a.loops.LoopTransactionSet       : Delete file instance file record id: 6633347
2018-04-30 09:36:00.182 DEBUG 10474 --- [           main] c.t.c.f.a.loops.LoopTransactionSet       : Delete file instance file record id: 6633348
2018-04-30 09:36:00.182 DEBUG 10474 --- [           main] c.t.c.f.a.loops.LoopTransactionSet       : Delete file instance file record id: 6635020
2018-04-30 09:36:00.182 DEBUG 10474 --- [           main] c.t.c.f.a.loops.LoopTransactionSet       : Delete file instance file record id: 6635021
2018-04-30 09:36:00.182 DEBUG 10474 --- [           main] c.t.c.f.a.loops.LoopTransactionSet       : Delete file instance file record id: 6628896
2018-04-30 09:36:00.182 DEBUG 10474 --- [           main] c.t.c.f.a.loops.LoopTransactionSet       : Delete file instance file record id: 6628898
2018-04-30 09:36:00.182 DEBUG 10474 --- [           main] c.t.c.f.a.loops.LoopTransactionSet       : Delete file instance file record id: 6628897
2018-04-30 09:36:00.182 DEBUG 10474 --- [           main] c.t.c.f.a.loops.LoopTransactionSet       : Delete file instance file record id: 6628899
2018-04-30 09:36:00.469 DEBUG 10474 --- [           main] c.t.c.f.a.loops.LoopTransactionSet       : Saved exception: Exception{exceptionId=386973, fileDefinitionId=26, fileInstanceId=1060, fileRecordId=261199, exceptionType='ERROR', category='DATA ELEMENT', subCategory='Illegal element value.', detail='Loop id 2000 Segment ID: INS Student Status Code [U] must equal one of P,F,N.', subscriberId='00001529118', memberId='02', exceptionCreated=2018-04-30 09:36:00.468}
2018-04-30 09:36:00.473 DEBUG 10474 --- [           main] c.t.c.f.a.loops.LoopTransactionSet       : Saved exception: Exception{exceptionId=386974, fileDefinitionId=26, fileInstanceId=1060, fileRecordId=254283, exceptionType='ERROR', category='DATA ELEMENT', subCategory='Illegal element value.', detail='Loop id 2000 Segment ID: INS Student Status Code [U] must equal one of P,F,N.', subscriberId='00001514685', memberId='02', exceptionCreated=2018-04-30 09:36:00.472}
2018-04-30 09:36:00.522 DEBUG 10474 --- [           main] c.t.c.f.a.loops.LoopTransactionSet       : Delete file instance file record id: 6632982
2018-04-30 09:36:00.523 DEBUG 10474 --- [           main] c.t.c.f.a.loops.LoopTransactionSet       : Delete file instance file record id: 6632983
2018-04-30 09:36:00.523 DEBUG 10474 --- [           main] c.t.c.f.a.loops.LoopTransactionSet       : Delete file instance file record id: 6626068
2018-04-30 09:36:00.523 DEBUG 10474 --- [           main] c.t.c.f.a.loops.LoopTransactionSet       : Delete file instance file record id: 6626069
2018-04-30 09:36:00.523 DEBUG 10474 --- [           main] c.t.c.f.a.loops.LoopTransactionSet       : Delete file instance file record id: 6626070
2018-04-30 09:36:00.523 DEBUG 10474 --- [           main] c.t.c.f.a.loops.LoopTransactionSet       : Delete file instance file record id: 6626071
2018-04-30 09:36:00.523 DEBUG 10474 --- [           main] c.t.c.f.a.loops.LoopTransactionSet       : Delete file instance file record id: 6626072
2018-04-30 09:36:01.157 DEBUG 10474 --- [           main] c.t.c.f.a.loops.LoopTransactionSet       : Saved exception: Exception{exceptionId=386975, fileDefinitionId=26, fileInstanceId=1060, fileRecordId=260649, exceptionType='ERROR', category='DATA ELEMENT', subCategory='Illegal element value.', detail='Loop id 2000 Segment ID: INS Student Status Code [U] must equal one of P,F,N.', subscriberId='00001527167', memberId='01', exceptionCreated=2018-04-30 09:36:01.156}
2018-04-30 09:36:01.203 DEBUG 10474 --- [           main] c.t.c.f.a.loops.LoopTransactionSet       : Delete file instance file record id: 6632434
2018-04-30 09:36:01.203 DEBUG 10474 --- [           main] c.t.c.f.a.loops.LoopTransactionSet       : Delete file instance file record id: 6632435
2018-04-30 09:36:01.203 DEBUG 10474 --- [           main] c.t.c.f.a.loops.LoopTransactionSet       : Delete file instance file record id: 6632436
2018-04-30 09:36:01.203 DEBUG 10474 --- [           main] c.t.c.f.a.loops.LoopTransactionSet       : Delete file instance file record id: 6632437
2018-04-30 09:36:01.510 DEBUG 10474 --- [           main] c.t.c.f.a.loops.LoopTransactionSet       : Saved exception: Exception{exceptionId=386976, fileDefinitionId=26, fileInstanceId=1060, fileRecordId=258366, exceptionType='ERROR', category='DATA ELEMENT', subCategory='Illegal element value.', detail='Loop id 2000 Segment ID: INS Student Status Code [U] must equal one of P,F,N.', subscriberId='00001523682', memberId='01', exceptionCreated=2018-04-30 09:36:01.508}
2018-04-30 09:36:01.531 DEBUG 10474 --- [           main] c.t.c.f.a.loops.LoopTransactionSet       : Saved exception: Exception{exceptionId=386977, fileDefinitionId=26, fileInstanceId=1060, fileRecordId=260362, exceptionType='ERROR', category='DATA ELEMENT', subCategory='Illegal element value.', detail='Loop id 2000 Segment ID: INS Student Status Code [U] must equal one of P,F,N.', subscriberId='00001526315', memberId='01', exceptionCreated=2018-04-30 09:36:01.53}
2018-04-30 09:36:01.562 DEBUG 10474 --- [           main] c.t.c.f.a.loops.LoopTransactionSet       : Delete file instance file record id: 6630151
2018-04-30 09:36:01.562 DEBUG 10474 --- [           main] c.t.c.f.a.loops.LoopTransactionSet       : Delete file instance file record id: 6630152
2018-04-30 09:36:01.563 DEBUG 10474 --- [           main] c.t.c.f.a.loops.LoopTransactionSet       : Delete file instance file record id: 6632147
2018-04-30 09:36:01.563 DEBUG 10474 --- [           main] c.t.c.f.a.loops.LoopTransactionSet       : Delete file instance file record id: 6632148
2018-04-30 09:36:01.898 DEBUG 10474 --- [           main] c.t.c.f.a.loops.LoopTransactionSet       : Saved exception: Exception{exceptionId=386978, fileDefinitionId=26, fileInstanceId=1060, fileRecordId=256156, exceptionType='ERROR', category='DATA ELEMENT', subCategory='Illegal element value.', detail='Loop id 2000 Segment ID: INS Student Status Code [U] must equal one of P,F,N.', subscriberId='00001519145', memberId='01', exceptionCreated=2018-04-30 09:36:01.896}
2018-04-30 09:36:01.919 DEBUG 10474 --- [           main] c.t.c.f.a.loops.LoopTransactionSet       : Delete file instance file record id: 6627941
2018-04-30 09:36:01.919 DEBUG 10474 --- [           main] c.t.c.f.a.loops.LoopTransactionSet       : Delete file instance file record id: 6627942
2018-04-30 09:36:01.919 DEBUG 10474 --- [           main] c.t.c.f.a.loops.LoopTransactionSet       : Delete file instance file record id: 6627943
2018-04-30 09:36:01.919 DEBUG 10474 --- [           main] c.t.c.f.a.loops.LoopTransactionSet       : Delete file instance file record id: 6627944
2018-04-30 09:36:02.261 DEBUG 10474 --- [           main] c.t.c.f.a.loops.LoopTransactionSet       : Saved exception: Exception{exceptionId=386979, fileDefinitionId=26, fileInstanceId=1060, fileRecordId=262755, exceptionType='ERROR', category='DATA ELEMENT', subCategory='Illegal element value.', detail='Loop id 2000 Segment ID: INS Student Status Code [U] must equal one of P,F,N.', subscriberId='00001533116', memberId='03', exceptionCreated=2018-04-30 09:36:02.259}
2018-04-30 09:36:02.343 DEBUG 10474 --- [           main] c.t.c.f.a.loops.LoopTransactionSet       : Delete file instance file record id: 6634536
2018-04-30 09:36:02.343 DEBUG 10474 --- [           main] c.t.c.f.a.loops.LoopTransactionSet       : Delete file instance file record id: 6634539
2018-04-30 09:36:02.343 DEBUG 10474 --- [           main] c.t.c.f.a.loops.LoopTransactionSet       : Delete file instance file record id: 6634537
2018-04-30 09:36:02.343 DEBUG 10474 --- [           main] c.t.c.f.a.loops.LoopTransactionSet       : Delete file instance file record id: 6634538
2018-04-30 09:36:03.016 DEBUG 10474 --- [           main] c.t.c.f.a.loops.LoopTransactionSet       : Saved exception: Exception{exceptionId=386980, fileDefinitionId=26, fileInstanceId=1060, fileRecordId=261976, exceptionType='ERROR', category='DATA ELEMENT', subCategory='Illegal element value.', detail='Loop id 2000 Segment ID: INS Student Status Code [U] must equal one of P,F,N.', subscriberId='00001531330', memberId='01', exceptionCreated=2018-04-30 09:36:03.014}
2018-04-30 09:36:03.034 DEBUG 10474 --- [           main] c.t.c.f.a.loops.LoopTransactionSet       : Delete file instance file record id: 6633759
2018-04-30 09:36:03.034 DEBUG 10474 --- [           main] c.t.c.f.a.loops.LoopTransactionSet       : Delete file instance file record id: 6633760
2018-04-30 09:36:03.918  INFO 10474 --- [           main] com.trinet.cvf.files.TriNetCvfFilesMain  : Started TriNetCvfFilesMain in 23.525 seconds (JVM running for 24.72)
Mon Apr 30 09:36:04 EDT 2018: TriNet-VSP-834X4 - Get number of subscribers in the file record data tables post file creation.
Mon Apr 30 09:36:04 EDT 2018: Number of subscribers = 10800.
Mon Apr 30 09:36:04 EDT 2018: TriNet-VSP-834X4 - Check exception table for errors.
Mon Apr 30 09:36:05 EDT 2018: Number or errors = 32.
Mon Apr 30 09:36:05 EDT 2018: TriNet-VSP-834X4 - Move target/TriNet-VSP-834X4-20180430-093458.x12 to ../processandarchivefile/incomingqueue/TriNet-VSP-834X4-20180430-093458.x12
Mon Apr 30 09:36:05 EDT 2018: TriNet-VSP-834X4 - Process and archive file ../processandarchivefile/incomingqueue/TriNet-VSP-834X4-20180430-093458.x12
Mon Apr 30 09:36:06 EDT 2018: Running process file script using this command: $PROCESSSCRIPTSDIRECTORY/$PROCESSNAME.sh "$INCOMINGFILEPATH"
Mon Apr 30 09:36:06 EDT 2018: TriNet-VSP-834X4 Process - Find file instance id for file TriNet-VSP-834X4-20180430-093458.x12.
Mon Apr 30 09:36:06 EDT 2018: TriNet-VSP-834X4 Process - Create file upload record.
Mon Apr 30 09:36:07 EDT 2018: TriNet-VSP-834X4 Process - Uploading 834 file to none://@:/TriNet-VSP-834X4-20180430-093458.x12
Mon Apr 30 09:36:07 EDT 2018: TriNet-VSP-834X4 Process - File uploaded successfully. Mark the file as sent.
Mon Apr 30 09:36:08 EDT 2018: TriNet-VSP-834X4 Process Done
Mon Apr 30 09:36:08 EDT 2018: Compressing file ../processandarchivefile/incomingqueue/TriNet-VSP-834X4-20180430-093458.x12 for the PROCESSED file archive using bzip2.
Mon Apr 30 09:36:08 EDT 2018: Remove the original file "../processandarchivefile/incomingqueue/TriNet-VSP-834X4-20180430-093458.x12" because the compressed file "../processandarchivefile/incomingqueue/TriNet-VSP-834X4-20180430-093458.x12.bz2" was created.
Mon Apr 30 09:36:08 EDT 2018: Archiving ../processandarchivefile/incomingqueue/TriNet-VSP-834X4-20180430-093458.x12.bz2 as archives/TriNet-VSP-834X4/processed/TriNet-VSP-834X4-20180430-093458.x12.bz2.
Mon Apr 30 09:36:08 EDT 2018: TriNet-VSP-834X4 - Update termination counts.
Mon Apr 30 09:36:09 EDT 2018: TriNet-VSP-834X4 - Update file instance status.
Mon Apr 30 09:36:10 EDT 2018: File generated and sent successfully but 32 error(s) found in the exceptions table. Please check the exceptions table using the following sql and try correct the issues before the next run: select * from ansi5010.exception_view where file_instance_id = 1060;
Mon Apr 30 09:36:10 EDT 2018: TriNet-VSP-834X4 Done
