Thu May 10 04:07:08 EDT 2018: TriNet-VSP-834X4 Starting
Thu May 10 04:07:08 EDT 2018: TriNet-VSP-834X4 - Create file record.
Thu May 10 04:07:10 EDT 2018: File id = 1070
Thu May 10 04:07:10 EDT 2018: TriNet-VSP-834X4 - Create file record data.
Thu May 10 04:07:26 EDT 2018: TriNet-VSP-834X4 - Get number of subscribers in the file record data tables.
Thu May 10 04:07:27 EDT 2018: Number of subscribers = 9786.
Thu May 10 04:07:27 EDT 2018: TriNet-VSP-834X4 - Create file target/TriNet-VSP-834X4-20180510-040708.x12.
2018-05-10 04:07:28.833  INFO 23484 --- [           main] com.trinet.cvf.files.TriNetCvfFilesMain  : Starting TriNetCvfFilesMain v00015 on bib01bredimft01.ux.corp.local with PID 23484 (/opt/trinet/cronprograms/cvf-java-files/lib/com.trinet.cvf.filesimpl-TriNet-VSP-834.jar started by cronjobs in /opt/trinet/util/cronjobs)
2018-05-10 04:07:28.839 DEBUG 23484 --- [           main] com.trinet.cvf.files.TriNetCvfFilesMain  : Running with Spring Boot v1.5.2.RELEASE, Spring v4.3.7.RELEASE
2018-05-10 04:07:28.839  INFO 23484 --- [           main] com.trinet.cvf.files.TriNetCvfFilesMain  : No active profile set, falling back to default profiles: default
2018-05-10 04:07:37.442  INFO 23484 --- [           main] com.trinet.cvf.files.ansi5010.Ansi5010   : Create ANSI5010 file for file id 1070 output to target/TriNet-VSP-834X4-20180510-040708.x12.
2018-05-10 04:07:37.537  INFO 23484 --- [           main] com.trinet.cvf.files.ansi5010.Ansi5010   : File name: VSP 834 X4
2018-05-10 04:07:39.401 DEBUG 23484 --- [           main] c.t.c.f.a.loops.LoopTransactionSet       : Saved exception: Exception{exceptionId=393419, fileDefinitionId=26, fileInstanceId=1070, fileRecordId=261572, exceptionType='ERROR', category='DATA ELEMENT', subCategory='Illegal element value.', detail='Loop id 2000 Segment ID: INS Student Status Code [U] must equal one of P,F,N.', subscriberId='00001529922', memberId='01', exceptionCreated=2018-05-10 04:07:39.397}
2018-05-10 04:07:39.460 DEBUG 23484 --- [           main] c.t.c.f.a.loops.LoopTransactionSet       : Delete file instance file record id: 6841291
2018-05-10 04:07:39.460 DEBUG 23484 --- [           main] c.t.c.f.a.loops.LoopTransactionSet       : Delete file instance file record id: 6841292
2018-05-10 04:07:40.398 DEBUG 23484 --- [           main] c.t.c.f.a.loops.LoopTransactionSet       : Saved exception: Exception{exceptionId=393420, fileDefinitionId=26, fileInstanceId=1070, fileRecordId=252242, exceptionType='ERROR', category='DATA ELEMENT', subCategory='Illegal element value.', detail='Loop id 2000 Segment ID: INS Student Status Code [U] must equal one of P,F,N.', subscriberId='00001511364', memberId='01', exceptionCreated=2018-05-10 04:07:40.396}
2018-05-10 04:07:40.421 DEBUG 23484 --- [           main] c.t.c.f.a.loops.LoopTransactionSet       : Delete file instance file record id: 6832776
2018-05-10 04:07:40.421 DEBUG 23484 --- [           main] c.t.c.f.a.loops.LoopTransactionSet       : Delete file instance file record id: 6832777
2018-05-10 04:07:40.421 DEBUG 23484 --- [           main] c.t.c.f.a.loops.LoopTransactionSet       : Delete file instance file record id: 6832778
2018-05-10 04:07:41.877 DEBUG 23484 --- [           main] c.t.c.f.a.loops.LoopTransactionSet       : Saved exception: Exception{exceptionId=393421, fileDefinitionId=26, fileInstanceId=1070, fileRecordId=261259, exceptionType='ERROR', category='DATA ELEMENT', subCategory='Illegal element value.', detail='Loop id 2000 Segment ID: INS Student Status Code [U] must equal one of P,F,N.', subscriberId='00001529605', memberId='01', exceptionCreated=2018-05-10 04:07:41.875}
2018-05-10 04:07:41.882 DEBUG 23484 --- [           main] c.t.c.f.a.loops.LoopTransactionSet       : Saved exception: Exception{exceptionId=393422, fileDefinitionId=26, fileInstanceId=1070, fileRecordId=257773, exceptionType='ERROR', category='DATA ELEMENT', subCategory='Illegal element value.', detail='Loop id 2000 Segment ID: INS Student Status Code [U] must equal one of P,F,N.', subscriberId='00001522956', memberId='01', exceptionCreated=2018-05-10 04:07:41.881}
2018-05-10 04:07:41.892 DEBUG 23484 --- [           main] c.t.c.f.a.loops.LoopTransactionSet       : Saved exception: Exception{exceptionId=393423, fileDefinitionId=26, fileInstanceId=1070, fileRecordId=253012, exceptionType='ERROR', category='DATA ELEMENT', subCategory='Illegal element value.', detail='Loop id 2000 Segment ID: INS Student Status Code [U] must equal one of P,F,N.', subscriberId='00001512300', memberId='01', exceptionCreated=2018-05-10 04:07:41.89}
2018-05-10 04:07:41.919 DEBUG 23484 --- [           main] c.t.c.f.a.loops.LoopTransactionSet       : Delete file instance file record id: 6841085
2018-05-10 04:07:41.919 DEBUG 23484 --- [           main] c.t.c.f.a.loops.LoopTransactionSet       : Delete file instance file record id: 6841086
2018-05-10 04:07:41.919 DEBUG 23484 --- [           main] c.t.c.f.a.loops.LoopTransactionSet       : Delete file instance file record id: 6841087
2018-05-10 04:07:41.919 DEBUG 23484 --- [           main] c.t.c.f.a.loops.LoopTransactionSet       : Delete file instance file record id: 6837898
2018-05-10 04:07:41.919 DEBUG 23484 --- [           main] c.t.c.f.a.loops.LoopTransactionSet       : Delete file instance file record id: 6837899
2018-05-10 04:07:41.920 DEBUG 23484 --- [           main] c.t.c.f.a.loops.LoopTransactionSet       : Delete file instance file record id: 6833529
2018-05-10 04:07:41.920 DEBUG 23484 --- [           main] c.t.c.f.a.loops.LoopTransactionSet       : Delete file instance file record id: 6833530
2018-05-10 04:07:42.245 DEBUG 23484 --- [           main] c.t.c.f.a.loops.LoopTransactionSet       : Saved exception: Exception{exceptionId=393424, fileDefinitionId=26, fileInstanceId=1070, fileRecordId=261077, exceptionType='ERROR', category='DATA ELEMENT', subCategory='Illegal element value.', detail='Loop id 2000 Segment ID: INS Student Status Code [U] must equal one of P,F,N.', subscriberId='00001528093', memberId='01', exceptionCreated=2018-05-10 04:07:42.244}
2018-05-10 04:07:42.257 DEBUG 23484 --- [           main] c.t.c.f.a.loops.LoopTransactionSet       : Saved exception: Exception{exceptionId=393425, fileDefinitionId=26, fileInstanceId=1070, fileRecordId=257757, exceptionType='ERROR', category='DATA ELEMENT', subCategory='Illegal element value.', detail='Loop id 2000 Segment ID: INS Student Status Code [U] must equal one of P,F,N.', subscriberId='00001522935', memberId='01', exceptionCreated=2018-05-10 04:07:42.256}
2018-05-10 04:07:42.276 DEBUG 23484 --- [           main] c.t.c.f.a.loops.LoopTransactionSet       : Saved exception: Exception{exceptionId=393426, fileDefinitionId=26, fileInstanceId=1070, fileRecordId=263919, exceptionType='ERROR', category='DATA ELEMENT', subCategory='Illegal element value.', detail='Loop id 2000 Segment ID: INS Student Status Code [U] must equal one of P,F,N.', subscriberId='00001536422', memberId='01', exceptionCreated=2018-05-10 04:07:42.274}
2018-05-10 04:07:42.287 DEBUG 23484 --- [           main] c.t.c.f.a.loops.LoopTransactionSet       : Delete file instance file record id: 6840916
2018-05-10 04:07:42.287 DEBUG 23484 --- [           main] c.t.c.f.a.loops.LoopTransactionSet       : Delete file instance file record id: 6840917
2018-05-10 04:07:42.287 DEBUG 23484 --- [           main] c.t.c.f.a.loops.LoopTransactionSet       : Delete file instance file record id: 6837882
2018-05-10 04:07:42.287 DEBUG 23484 --- [           main] c.t.c.f.a.loops.LoopTransactionSet       : Delete file instance file record id: 6837883
2018-05-10 04:07:42.287 DEBUG 23484 --- [           main] c.t.c.f.a.loops.LoopTransactionSet       : Delete file instance file record id: 6837884
2018-05-10 04:07:42.287 DEBUG 23484 --- [           main] c.t.c.f.a.loops.LoopTransactionSet       : Delete file instance file record id: 6837885
2018-05-10 04:07:42.288 DEBUG 23484 --- [           main] c.t.c.f.a.loops.LoopTransactionSet       : Delete file instance file record id: 6843401
2018-05-10 04:07:42.288 DEBUG 23484 --- [           main] c.t.c.f.a.loops.LoopTransactionSet       : Delete file instance file record id: 6843402
2018-05-10 04:07:42.626 DEBUG 23484 --- [           main] c.t.c.f.a.loops.LoopTransactionSet       : Saved exception: Exception{exceptionId=393427, fileDefinitionId=26, fileInstanceId=1070, fileRecordId=262450, exceptionType='ERROR', category='DATA ELEMENT', subCategory='Illegal element value.', detail='Loop id 2000 Segment ID: INS Student Status Code [U] must equal one of P,F,N.', subscriberId='00001532039', memberId='01', exceptionCreated=2018-05-10 04:07:42.625}
2018-05-10 04:07:42.662 DEBUG 23484 --- [           main] c.t.c.f.a.loops.LoopTransactionSet       : Saved exception: Exception{exceptionId=393428, fileDefinitionId=26, fileInstanceId=1070, fileRecordId=258901, exceptionType='ERROR', category='DATA ELEMENT', subCategory='Illegal element value.', detail='Loop id 2000 Segment ID: INS Student Status Code [U] must equal one of P,F,N.', subscriberId='00001524550', memberId='01', exceptionCreated=2018-05-10 04:07:42.661}
2018-05-10 04:07:42.665 DEBUG 23484 --- [           main] c.t.c.f.a.loops.LoopTransactionSet       : Delete file instance file record id: 6842049
2018-05-10 04:07:42.665 DEBUG 23484 --- [           main] c.t.c.f.a.loops.LoopTransactionSet       : Delete file instance file record id: 6842050
2018-05-10 04:07:42.666 DEBUG 23484 --- [           main] c.t.c.f.a.loops.LoopTransactionSet       : Delete file instance file record id: 6838924
2018-05-10 04:07:42.666 DEBUG 23484 --- [           main] c.t.c.f.a.loops.LoopTransactionSet       : Delete file instance file record id: 6838925
2018-05-10 04:07:42.981 DEBUG 23484 --- [           main] c.t.c.f.a.loops.LoopTransactionSet       : Saved exception: Exception{exceptionId=393429, fileDefinitionId=26, fileInstanceId=1070, fileRecordId=261573, exceptionType='ERROR', category='DATA ELEMENT', subCategory='Missing required element.', detail='Loop id 2000 Segment ID: INS Employment Status Code', subscriberId='00001529923', memberId='00001529923', exceptionCreated=2018-05-10 04:07:42.98}
2018-05-10 04:07:42.983 DEBUG 23484 --- [           main] c.t.c.f.a.loops.LoopTransactionSet       : Saved exception: Exception{exceptionId=393430, fileDefinitionId=26, fileInstanceId=1070, fileRecordId=261305, exceptionType='ERROR', category='DATA ELEMENT', subCategory='Illegal element value.', detail='Loop id 2000 Segment ID: INS Student Status Code [U] must equal one of P,F,N.', subscriberId='00001529627', memberId='01', exceptionCreated=2018-05-10 04:07:42.982}
2018-05-10 04:07:43.017 DEBUG 23484 --- [           main] c.t.c.f.a.loops.LoopTransactionSet       : Delete file instance file record id: 6841293
2018-05-10 04:07:43.017 DEBUG 23484 --- [           main] c.t.c.f.a.loops.LoopTransactionSet       : Delete file instance file record id: 6841294
2018-05-10 04:07:43.017 DEBUG 23484 --- [           main] c.t.c.f.a.loops.LoopTransactionSet       : Delete file instance file record id: 6841126
2018-05-10 04:07:43.017 DEBUG 23484 --- [           main] c.t.c.f.a.loops.LoopTransactionSet       : Delete file instance file record id: 6841127
2018-05-10 04:07:43.017 DEBUG 23484 --- [           main] c.t.c.f.a.loops.LoopTransactionSet       : Delete file instance file record id: 6841128
2018-05-10 04:07:43.017 DEBUG 23484 --- [           main] c.t.c.f.a.loops.LoopTransactionSet       : Delete file instance file record id: 6841129
2018-05-10 04:07:43.336 DEBUG 23484 --- [           main] c.t.c.f.a.loops.LoopTransactionSet       : Saved exception: Exception{exceptionId=393431, fileDefinitionId=26, fileInstanceId=1070, fileRecordId=254793, exceptionType='ERROR', category='DATA ELEMENT', subCategory='Illegal element value.', detail='Loop id 2000 Segment ID: INS Student Status Code [U] must equal one of P,F,N.', subscriberId='00001516412', memberId='02', exceptionCreated=2018-05-10 04:07:43.335}
2018-05-10 04:07:43.371 DEBUG 23484 --- [           main] c.t.c.f.a.loops.LoopTransactionSet       : Delete file instance file record id: 6835158
2018-05-10 04:07:43.372 DEBUG 23484 --- [           main] c.t.c.f.a.loops.LoopTransactionSet       : Delete file instance file record id: 6835159
2018-05-10 04:07:43.688 DEBUG 23484 --- [           main] c.t.c.f.a.loops.LoopTransactionSet       : Saved exception: Exception{exceptionId=393432, fileDefinitionId=26, fileInstanceId=1070, fileRecordId=257949, exceptionType='ERROR', category='DATA ELEMENT', subCategory='Illegal element value.', detail='Loop id 2000 Segment ID: INS Student Status Code [U] must equal one of P,F,N.', subscriberId='00001523144', memberId='02', exceptionCreated=2018-05-10 04:07:43.686}
2018-05-10 04:07:43.689 DEBUG 23484 --- [           main] c.t.c.f.a.loops.LoopTransactionSet       : Saved exception: Exception{exceptionId=393433, fileDefinitionId=26, fileInstanceId=1070, fileRecordId=257950, exceptionType='ERROR', category='DATA ELEMENT', subCategory='Illegal element value.', detail='Loop id 2000 Segment ID: INS Student Status Code [U] must equal one of P,F,N.', subscriberId='00001523144', memberId='04', exceptionCreated=2018-05-10 04:07:43.688}
2018-05-10 04:07:43.733 DEBUG 23484 --- [           main] c.t.c.f.a.loops.LoopTransactionSet       : Delete file instance file record id: 6838060
2018-05-10 04:07:43.733 DEBUG 23484 --- [           main] c.t.c.f.a.loops.LoopTransactionSet       : Delete file instance file record id: 6838061
2018-05-10 04:07:43.733 DEBUG 23484 --- [           main] c.t.c.f.a.loops.LoopTransactionSet       : Delete file instance file record id: 6838062
2018-05-10 04:07:43.733 DEBUG 23484 --- [           main] c.t.c.f.a.loops.LoopTransactionSet       : Delete file instance file record id: 6838063
2018-05-10 04:07:44.344 DEBUG 23484 --- [           main] c.t.c.f.a.loops.LoopTransactionSet       : Saved exception: Exception{exceptionId=393434, fileDefinitionId=26, fileInstanceId=1070, fileRecordId=263753, exceptionType='ERROR', category='DATA ELEMENT', subCategory='Illegal element value.', detail='Loop id 2000 Segment ID: INS Student Status Code [U] must equal one of P,F,N.', subscriberId='00001536035', memberId='02', exceptionCreated=2018-05-10 04:07:44.342}
2018-05-10 04:07:44.347 DEBUG 23484 --- [           main] c.t.c.f.a.loops.LoopTransactionSet       : Saved exception: Exception{exceptionId=393435, fileDefinitionId=26, fileInstanceId=1070, fileRecordId=255760, exceptionType='ERROR', category='DATA ELEMENT', subCategory='Illegal element value.', detail='Loop id 2000 Segment ID: INS Student Status Code [U] must equal one of P,F,N.', subscriberId='00001518585', memberId='01', exceptionCreated=2018-05-10 04:07:44.346}
2018-05-10 04:07:44.398 DEBUG 23484 --- [           main] c.t.c.f.a.loops.LoopTransactionSet       : Delete file instance file record id: 6843247
2018-05-10 04:07:44.398 DEBUG 23484 --- [           main] c.t.c.f.a.loops.LoopTransactionSet       : Delete file instance file record id: 6843248
2018-05-10 04:07:44.398 DEBUG 23484 --- [           main] c.t.c.f.a.loops.LoopTransactionSet       : Delete file instance file record id: 6836006
2018-05-10 04:07:44.398 DEBUG 23484 --- [           main] c.t.c.f.a.loops.LoopTransactionSet       : Delete file instance file record id: 6836007
2018-05-10 04:07:44.679 DEBUG 23484 --- [           main] c.t.c.f.a.loops.LoopTransactionSet       : Saved exception: Exception{exceptionId=393436, fileDefinitionId=26, fileInstanceId=1070, fileRecordId=259062, exceptionType='ERROR', category='DATA ELEMENT', subCategory='Illegal element value.', detail='Loop id 2000 Segment ID: INS Student Status Code [U] must equal one of P,F,N.', subscriberId='00001524745', memberId='03', exceptionCreated=2018-05-10 04:07:44.677}
2018-05-10 04:07:44.717 DEBUG 23484 --- [           main] c.t.c.f.a.loops.LoopTransactionSet       : Saved exception: Exception{exceptionId=393437, fileDefinitionId=26, fileInstanceId=1070, fileRecordId=261564, exceptionType='ERROR', category='DATA ELEMENT', subCategory='Illegal element value.', detail='Loop id 2000 Segment ID: INS Student Status Code [U] must equal one of P,F,N.', subscriberId='00001529918', memberId='01', exceptionCreated=2018-05-10 04:07:44.714}
2018-05-10 04:07:44.737 DEBUG 23484 --- [           main] c.t.c.f.a.loops.LoopTransactionSet       : Delete file instance file record id: 6839075
2018-05-10 04:07:44.737 DEBUG 23484 --- [           main] c.t.c.f.a.loops.LoopTransactionSet       : Delete file instance file record id: 6839076
2018-05-10 04:07:44.737 DEBUG 23484 --- [           main] c.t.c.f.a.loops.LoopTransactionSet       : Delete file instance file record id: 6839077
2018-05-10 04:07:44.737 DEBUG 23484 --- [           main] c.t.c.f.a.loops.LoopTransactionSet       : Delete file instance file record id: 6839078
2018-05-10 04:07:44.738 DEBUG 23484 --- [           main] c.t.c.f.a.loops.LoopTransactionSet       : Delete file instance file record id: 6841283
2018-05-10 04:07:44.738 DEBUG 23484 --- [           main] c.t.c.f.a.loops.LoopTransactionSet       : Delete file instance file record id: 6841284
2018-05-10 04:07:45.083 DEBUG 23484 --- [           main] c.t.c.f.a.loops.LoopTransactionSet       : Saved exception: Exception{exceptionId=393438, fileDefinitionId=26, fileInstanceId=1070, fileRecordId=263237, exceptionType='ERROR', category='DATA ELEMENT', subCategory='Illegal element value.', detail='Loop id 2000 Segment ID: INS Student Status Code [U] must equal one of P,F,N.', subscriberId='00001534228', memberId='01', exceptionCreated=2018-05-10 04:07:45.082}
2018-05-10 04:07:45.105 DEBUG 23484 --- [           main] c.t.c.f.a.loops.LoopTransactionSet       : Saved exception: Exception{exceptionId=393439, fileDefinitionId=26, fileInstanceId=1070, fileRecordId=257112, exceptionType='ERROR', category='DATA ELEMENT', subCategory='Illegal element value.', detail='Loop id 2000 Segment ID: INS Student Status Code [U] must equal one of P,F,N.', subscriberId='00001521319', memberId='03', exceptionCreated=2018-05-10 04:07:45.103}
2018-05-10 04:07:45.118 DEBUG 23484 --- [           main] c.t.c.f.a.loops.LoopTransactionSet       : Saved exception: Exception{exceptionId=393440, fileDefinitionId=26, fileInstanceId=1070, fileRecordId=261199, exceptionType='ERROR', category='DATA ELEMENT', subCategory='Illegal element value.', detail='Loop id 2000 Segment ID: INS Student Status Code [U] must equal one of P,F,N.', subscriberId='00001529118', memberId='02', exceptionCreated=2018-05-10 04:07:45.117}
2018-05-10 04:07:45.122 DEBUG 23484 --- [           main] c.t.c.f.a.loops.LoopTransactionSet       : Saved exception: Exception{exceptionId=393441, fileDefinitionId=26, fileInstanceId=1070, fileRecordId=254283, exceptionType='ERROR', category='DATA ELEMENT', subCategory='Illegal element value.', detail='Loop id 2000 Segment ID: INS Student Status Code [U] must equal one of P,F,N.', subscriberId='00001514685', memberId='02', exceptionCreated=2018-05-10 04:07:45.121}
2018-05-10 04:07:45.141 DEBUG 23484 --- [           main] c.t.c.f.a.loops.LoopTransactionSet       : Delete file instance file record id: 6842794
2018-05-10 04:07:45.142 DEBUG 23484 --- [           main] c.t.c.f.a.loops.LoopTransactionSet       : Delete file instance file record id: 6842795
2018-05-10 04:07:45.142 DEBUG 23484 --- [           main] c.t.c.f.a.loops.LoopTransactionSet       : Delete file instance file record id: 6837272
2018-05-10 04:07:45.142 DEBUG 23484 --- [           main] c.t.c.f.a.loops.LoopTransactionSet       : Delete file instance file record id: 6837274
2018-05-10 04:07:45.142 DEBUG 23484 --- [           main] c.t.c.f.a.loops.LoopTransactionSet       : Delete file instance file record id: 6837273
2018-05-10 04:07:45.142 DEBUG 23484 --- [           main] c.t.c.f.a.loops.LoopTransactionSet       : Delete file instance file record id: 6837275
2018-05-10 04:07:45.142 DEBUG 23484 --- [           main] c.t.c.f.a.loops.LoopTransactionSet       : Delete file instance file record id: 6841033
2018-05-10 04:07:45.143 DEBUG 23484 --- [           main] c.t.c.f.a.loops.LoopTransactionSet       : Delete file instance file record id: 6841034
2018-05-10 04:07:45.143 DEBUG 23484 --- [           main] c.t.c.f.a.loops.LoopTransactionSet       : Delete file instance file record id: 6834694
2018-05-10 04:07:45.143 DEBUG 23484 --- [           main] c.t.c.f.a.loops.LoopTransactionSet       : Delete file instance file record id: 6834695
2018-05-10 04:07:45.143 DEBUG 23484 --- [           main] c.t.c.f.a.loops.LoopTransactionSet       : Delete file instance file record id: 6834696
2018-05-10 04:07:45.143 DEBUG 23484 --- [           main] c.t.c.f.a.loops.LoopTransactionSet       : Delete file instance file record id: 6834697
2018-05-10 04:07:45.143 DEBUG 23484 --- [           main] c.t.c.f.a.loops.LoopTransactionSet       : Delete file instance file record id: 6834698
2018-05-10 04:07:45.799 DEBUG 23484 --- [           main] c.t.c.f.a.loops.LoopTransactionSet       : Saved exception: Exception{exceptionId=393442, fileDefinitionId=26, fileInstanceId=1070, fileRecordId=260649, exceptionType='ERROR', category='DATA ELEMENT', subCategory='Illegal element value.', detail='Loop id 2000 Segment ID: INS Student Status Code [U] must equal one of P,F,N.', subscriberId='00001527167', memberId='01', exceptionCreated=2018-05-10 04:07:45.797}
2018-05-10 04:07:45.827 DEBUG 23484 --- [           main] c.t.c.f.a.loops.LoopTransactionSet       : Delete file instance file record id: 6840517
2018-05-10 04:07:45.827 DEBUG 23484 --- [           main] c.t.c.f.a.loops.LoopTransactionSet       : Delete file instance file record id: 6840518
2018-05-10 04:07:45.827 DEBUG 23484 --- [           main] c.t.c.f.a.loops.LoopTransactionSet       : Delete file instance file record id: 6840519
2018-05-10 04:07:45.827 DEBUG 23484 --- [           main] c.t.c.f.a.loops.LoopTransactionSet       : Delete file instance file record id: 6840520
2018-05-10 04:07:46.113 DEBUG 23484 --- [           main] c.t.c.f.a.loops.LoopTransactionSet       : Saved exception: Exception{exceptionId=393443, fileDefinitionId=26, fileInstanceId=1070, fileRecordId=258366, exceptionType='ERROR', category='DATA ELEMENT', subCategory='Illegal element value.', detail='Loop id 2000 Segment ID: INS Student Status Code [U] must equal one of P,F,N.', subscriberId='00001523682', memberId='01', exceptionCreated=2018-05-10 04:07:46.111}
2018-05-10 04:07:46.131 DEBUG 23484 --- [           main] c.t.c.f.a.loops.LoopTransactionSet       : Saved exception: Exception{exceptionId=393444, fileDefinitionId=26, fileInstanceId=1070, fileRecordId=260362, exceptionType='ERROR', category='DATA ELEMENT', subCategory='Illegal element value.', detail='Loop id 2000 Segment ID: INS Student Status Code [U] must equal one of P,F,N.', subscriberId='00001526315', memberId='01', exceptionCreated=2018-05-10 04:07:46.13}
2018-05-10 04:07:46.152 DEBUG 23484 --- [           main] c.t.c.f.a.loops.LoopTransactionSet       : Delete file instance file record id: 6838407
2018-05-10 04:07:46.152 DEBUG 23484 --- [           main] c.t.c.f.a.loops.LoopTransactionSet       : Delete file instance file record id: 6838408
2018-05-10 04:07:46.153 DEBUG 23484 --- [           main] c.t.c.f.a.loops.LoopTransactionSet       : Delete file instance file record id: 6840254
2018-05-10 04:07:46.153 DEBUG 23484 --- [           main] c.t.c.f.a.loops.LoopTransactionSet       : Delete file instance file record id: 6840255
2018-05-10 04:07:46.464 DEBUG 23484 --- [           main] c.t.c.f.a.loops.LoopTransactionSet       : Saved exception: Exception{exceptionId=393445, fileDefinitionId=26, fileInstanceId=1070, fileRecordId=256156, exceptionType='ERROR', category='DATA ELEMENT', subCategory='Illegal element value.', detail='Loop id 2000 Segment ID: INS Student Status Code [U] must equal one of P,F,N.', subscriberId='00001519145', memberId='01', exceptionCreated=2018-05-10 04:07:46.463}
2018-05-10 04:07:46.481 DEBUG 23484 --- [           main] c.t.c.f.a.loops.LoopTransactionSet       : Delete file instance file record id: 6836378
2018-05-10 04:07:46.481 DEBUG 23484 --- [           main] c.t.c.f.a.loops.LoopTransactionSet       : Delete file instance file record id: 6836379
2018-05-10 04:07:46.481 DEBUG 23484 --- [           main] c.t.c.f.a.loops.LoopTransactionSet       : Delete file instance file record id: 6836380
2018-05-10 04:07:46.481 DEBUG 23484 --- [           main] c.t.c.f.a.loops.LoopTransactionSet       : Delete file instance file record id: 6836381
2018-05-10 04:07:46.792 DEBUG 23484 --- [           main] c.t.c.f.a.loops.LoopTransactionSet       : Saved exception: Exception{exceptionId=393446, fileDefinitionId=26, fileInstanceId=1070, fileRecordId=262755, exceptionType='ERROR', category='DATA ELEMENT', subCategory='Illegal element value.', detail='Loop id 2000 Segment ID: INS Student Status Code [U] must equal one of P,F,N.', subscriberId='00001533116', memberId='03', exceptionCreated=2018-05-10 04:07:46.791}
2018-05-10 04:07:46.822 DEBUG 23484 --- [           main] c.t.c.f.a.loops.LoopTransactionSet       : Delete file instance file record id: 6842343
2018-05-10 04:07:46.822 DEBUG 23484 --- [           main] c.t.c.f.a.loops.LoopTransactionSet       : Delete file instance file record id: 6842346
2018-05-10 04:07:46.822 DEBUG 23484 --- [           main] c.t.c.f.a.loops.LoopTransactionSet       : Delete file instance file record id: 6842344
2018-05-10 04:07:46.822 DEBUG 23484 --- [           main] c.t.c.f.a.loops.LoopTransactionSet       : Delete file instance file record id: 6842345
2018-05-10 04:07:47.446 DEBUG 23484 --- [           main] c.t.c.f.a.loops.LoopTransactionSet       : Saved exception: Exception{exceptionId=393447, fileDefinitionId=26, fileInstanceId=1070, fileRecordId=261976, exceptionType='ERROR', category='DATA ELEMENT', subCategory='Illegal element value.', detail='Loop id 2000 Segment ID: INS Student Status Code [U] must equal one of P,F,N.', subscriberId='00001531330', memberId='01', exceptionCreated=2018-05-10 04:07:47.445}
2018-05-10 04:07:47.477 DEBUG 23484 --- [           main] c.t.c.f.a.loops.LoopTransactionSet       : Delete file instance file record id: 6841594
2018-05-10 04:07:47.477 DEBUG 23484 --- [           main] c.t.c.f.a.loops.LoopTransactionSet       : Delete file instance file record id: 6841595
2018-05-10 04:07:48.140  INFO 23484 --- [           main] com.trinet.cvf.files.TriNetCvfFilesMain  : Started TriNetCvfFilesMain in 19.794 seconds (JVM running for 20.478)
Thu May 10 04:07:48 EDT 2018: TriNet-VSP-834X4 - Get number of subscribers in the file record data tables post file creation.
Thu May 10 04:07:50 EDT 2018: Number of subscribers = 9758.
Thu May 10 04:07:50 EDT 2018: TriNet-VSP-834X4 - Check exception table for errors.
Thu May 10 04:07:50 EDT 2018: Number or errors = 29.
Thu May 10 04:07:50 EDT 2018: TriNet-VSP-834X4 - Move target/TriNet-VSP-834X4-20180510-040708.x12 to ../processandarchivefile/incomingqueue/TriNet-VSP-834X4-20180510-040708.x12
Thu May 10 04:07:50 EDT 2018: TriNet-VSP-834X4 - Process and archive file ../processandarchivefile/incomingqueue/TriNet-VSP-834X4-20180510-040708.x12
Thu May 10 04:07:50 EDT 2018: Running process file script using this command: $PROCESSSCRIPTSDIRECTORY/$PROCESSNAME.sh "$INCOMINGFILEPATH"
Thu May 10 04:07:50 EDT 2018: TriNet-VSP-834X4 Process - Find file instance id for file TriNet-VSP-834X4-20180510-040708.x12.
Thu May 10 04:07:51 EDT 2018: TriNet-VSP-834X4 Process - Create file upload record.
Thu May 10 04:07:51 EDT 2018: TriNet-VSP-834X4 Process - Uploading 834 file to none://@:/TriNet-VSP-834X4-20180510-040708.x12
Thu May 10 04:07:51 EDT 2018: TriNet-VSP-834X4 Process - File uploaded successfully. Mark the file as sent.
Thu May 10 04:07:52 EDT 2018: TriNet-VSP-834X4 Process Done
Thu May 10 04:07:52 EDT 2018: Compressing file ../processandarchivefile/incomingqueue/TriNet-VSP-834X4-20180510-040708.x12 for the PROCESSED file archive using bzip2.
Thu May 10 04:07:53 EDT 2018: Remove the original file "../processandarchivefile/incomingqueue/TriNet-VSP-834X4-20180510-040708.x12" because the compressed file "../processandarchivefile/incomingqueue/TriNet-VSP-834X4-20180510-040708.x12.bz2" was created.
Thu May 10 04:07:53 EDT 2018: Archiving ../processandarchivefile/incomingqueue/TriNet-VSP-834X4-20180510-040708.x12.bz2 as archives/TriNet-VSP-834X4/processed/TriNet-VSP-834X4-20180510-040708.x12.bz2.
Thu May 10 04:07:53 EDT 2018: TriNet-VSP-834X4 - Update termination counts.
Thu May 10 04:07:54 EDT 2018: TriNet-VSP-834X4 - Update file instance status.
Thu May 10 04:07:54 EDT 2018: File generated and sent successfully but 29 error(s) found in the exceptions table. Please check the exceptions table using the following sql and try correct the issues before the next run: select * from ansi5010.exception_view where file_instance_id = 1070;
Thu May 10 04:07:54 EDT 2018: TriNet-VSP-834X4 Done
