Mon May  7 08:10:42 EDT 2018: TriNet-VSP-834X4 Starting
Mon May  7 08:10:42 EDT 2018: TriNet-VSP-834X4 - Create file record.
Mon May  7 08:10:45 EDT 2018: File id = 1063
Mon May  7 08:10:45 EDT 2018: TriNet-VSP-834X4 - Create file record data.
Mon May  7 08:11:00 EDT 2018: TriNet-VSP-834X4 - Get number of subscribers in the file record data tables.
Mon May  7 08:11:01 EDT 2018: Number of subscribers = 10830.
Mon May  7 08:11:01 EDT 2018: TriNet-VSP-834X4 - Create file target/TriNet-VSP-834X4-20180507-081042.x12.
2018-05-07 08:11:02.654  INFO 4156 --- [           main] com.trinet.cvf.files.TriNetCvfFilesMain  : Starting TriNetCvfFilesMain v00015 on bib01bredimft01.ux.corp.local with PID 4156 (/opt/trinet/cronprograms/cvf-java-files/lib/com.trinet.cvf.filesimpl-TriNet-VSP-834.jar started by cronjobs in /opt/trinet/util/cronjobs)
2018-05-07 08:11:02.660 DEBUG 4156 --- [           main] com.trinet.cvf.files.TriNetCvfFilesMain  : Running with Spring Boot v1.5.2.RELEASE, Spring v4.3.7.RELEASE
2018-05-07 08:11:02.660  INFO 4156 --- [           main] com.trinet.cvf.files.TriNetCvfFilesMain  : No active profile set, falling back to default profiles: default
2018-05-07 08:11:10.649  INFO 4156 --- [           main] com.trinet.cvf.files.ansi5010.Ansi5010   : Create ANSI5010 file for file id 1063 output to target/TriNet-VSP-834X4-20180507-081042.x12.
2018-05-07 08:11:10.758  INFO 4156 --- [           main] com.trinet.cvf.files.ansi5010.Ansi5010   : File name: VSP 834 X4
2018-05-07 08:11:12.617 DEBUG 4156 --- [           main] c.t.c.f.a.loops.LoopTransactionSet       : Saved exception: Exception{exceptionId=387014, fileDefinitionId=26, fileInstanceId=1063, fileRecordId=261572, exceptionType='ERROR', category='DATA ELEMENT', subCategory='Illegal element value.', detail='Loop id 2000 Segment ID: INS Student Status Code [U] must equal one of P,F,N.', subscriberId='00001529922', memberId='01', exceptionCreated=2018-05-07 08:11:12.612}
2018-05-07 08:11:12.658 DEBUG 4156 --- [           main] c.t.c.f.a.loops.LoopTransactionSet       : Delete file instance file record id: 6692861
2018-05-07 08:11:12.659 DEBUG 4156 --- [           main] c.t.c.f.a.loops.LoopTransactionSet       : Delete file instance file record id: 6692862
2018-05-07 08:11:13.875 DEBUG 4156 --- [           main] c.t.c.f.a.loops.LoopTransactionSet       : Saved exception: Exception{exceptionId=387015, fileDefinitionId=26, fileInstanceId=1063, fileRecordId=252242, exceptionType='ERROR', category='DATA ELEMENT', subCategory='Illegal element value.', detail='Loop id 2000 Segment ID: INS Student Status Code [U] must equal one of P,F,N.', subscriberId='00001511364', memberId='01', exceptionCreated=2018-05-07 08:11:13.871}
2018-05-07 08:11:13.935 DEBUG 4156 --- [           main] c.t.c.f.a.loops.LoopTransactionSet       : Delete file instance file record id: 6683533
2018-05-07 08:11:13.936 DEBUG 4156 --- [           main] c.t.c.f.a.loops.LoopTransactionSet       : Delete file instance file record id: 6683534
2018-05-07 08:11:13.936 DEBUG 4156 --- [           main] c.t.c.f.a.loops.LoopTransactionSet       : Delete file instance file record id: 6683535
2018-05-07 08:11:14.797 DEBUG 4156 --- [           main] c.t.c.f.a.loops.LoopTransactionSet       : Saved exception: Exception{exceptionId=387016, fileDefinitionId=26, fileInstanceId=1063, fileRecordId=261259, exceptionType='ERROR', category='DATA ELEMENT', subCategory='Illegal element value.', detail='Loop id 2000 Segment ID: INS Student Status Code [U] must equal one of P,F,N.', subscriberId='00001529605', memberId='01', exceptionCreated=2018-05-07 08:11:14.796}
2018-05-07 08:11:14.799 DEBUG 4156 --- [           main] c.t.c.f.a.loops.LoopTransactionSet       : Delete file instance file record id: 6692548
2018-05-07 08:11:14.799 DEBUG 4156 --- [           main] c.t.c.f.a.loops.LoopTransactionSet       : Delete file instance file record id: 6692549
2018-05-07 08:11:14.799 DEBUG 4156 --- [           main] c.t.c.f.a.loops.LoopTransactionSet       : Delete file instance file record id: 6692550
2018-05-07 08:11:15.085 DEBUG 4156 --- [           main] c.t.c.f.a.loops.LoopTransactionSet       : Saved exception: Exception{exceptionId=387017, fileDefinitionId=26, fileInstanceId=1063, fileRecordId=257773, exceptionType='ERROR', category='DATA ELEMENT', subCategory='Illegal element value.', detail='Loop id 2000 Segment ID: INS Student Status Code [U] must equal one of P,F,N.', subscriberId='00001522956', memberId='01', exceptionCreated=2018-05-07 08:11:15.083}
2018-05-07 08:11:15.087 DEBUG 4156 --- [           main] c.t.c.f.a.loops.LoopTransactionSet       : Saved exception: Exception{exceptionId=387018, fileDefinitionId=26, fileInstanceId=1063, fileRecordId=253012, exceptionType='ERROR', category='DATA ELEMENT', subCategory='Illegal element value.', detail='Loop id 2000 Segment ID: INS Student Status Code [U] must equal one of P,F,N.', subscriberId='00001512300', memberId='01', exceptionCreated=2018-05-07 08:11:15.086}
2018-05-07 08:11:15.132 DEBUG 4156 --- [           main] c.t.c.f.a.loops.LoopTransactionSet       : Saved exception: Exception{exceptionId=387019, fileDefinitionId=26, fileInstanceId=1063, fileRecordId=261077, exceptionType='ERROR', category='DATA ELEMENT', subCategory='Illegal element value.', detail='Loop id 2000 Segment ID: INS Student Status Code [U] must equal one of P,F,N.', subscriberId='00001528093', memberId='01', exceptionCreated=2018-05-07 08:11:15.131}
2018-05-07 08:11:15.138 DEBUG 4156 --- [           main] c.t.c.f.a.loops.LoopTransactionSet       : Delete file instance file record id: 6689064
2018-05-07 08:11:15.138 DEBUG 4156 --- [           main] c.t.c.f.a.loops.LoopTransactionSet       : Delete file instance file record id: 6689065
2018-05-07 08:11:15.138 DEBUG 4156 --- [           main] c.t.c.f.a.loops.LoopTransactionSet       : Delete file instance file record id: 6684303
2018-05-07 08:11:15.138 DEBUG 4156 --- [           main] c.t.c.f.a.loops.LoopTransactionSet       : Delete file instance file record id: 6684304
2018-05-07 08:11:15.139 DEBUG 4156 --- [           main] c.t.c.f.a.loops.LoopTransactionSet       : Delete file instance file record id: 6692366
2018-05-07 08:11:15.139 DEBUG 4156 --- [           main] c.t.c.f.a.loops.LoopTransactionSet       : Delete file instance file record id: 6692367
2018-05-07 08:11:15.438 DEBUG 4156 --- [           main] c.t.c.f.a.loops.LoopTransactionSet       : Saved exception: Exception{exceptionId=387020, fileDefinitionId=26, fileInstanceId=1063, fileRecordId=257757, exceptionType='ERROR', category='DATA ELEMENT', subCategory='Illegal element value.', detail='Loop id 2000 Segment ID: INS Student Status Code [U] must equal one of P,F,N.', subscriberId='00001522935', memberId='01', exceptionCreated=2018-05-07 08:11:15.437}
2018-05-07 08:11:15.462 DEBUG 4156 --- [           main] c.t.c.f.a.loops.LoopTransactionSet       : Saved exception: Exception{exceptionId=387021, fileDefinitionId=26, fileInstanceId=1063, fileRecordId=263919, exceptionType='ERROR', category='DATA ELEMENT', subCategory='Illegal element value.', detail='Loop id 2000 Segment ID: INS Student Status Code [U] must equal one of P,F,N.', subscriberId='00001536422', memberId='01', exceptionCreated=2018-05-07 08:11:15.46}
2018-05-07 08:11:15.493 DEBUG 4156 --- [           main] c.t.c.f.a.loops.LoopTransactionSet       : Delete file instance file record id: 6689048
2018-05-07 08:11:15.493 DEBUG 4156 --- [           main] c.t.c.f.a.loops.LoopTransactionSet       : Delete file instance file record id: 6689049
2018-05-07 08:11:15.494 DEBUG 4156 --- [           main] c.t.c.f.a.loops.LoopTransactionSet       : Delete file instance file record id: 6689050
2018-05-07 08:11:15.494 DEBUG 4156 --- [           main] c.t.c.f.a.loops.LoopTransactionSet       : Delete file instance file record id: 6689051
2018-05-07 08:11:15.494 DEBUG 4156 --- [           main] c.t.c.f.a.loops.LoopTransactionSet       : Delete file instance file record id: 6695208
2018-05-07 08:11:15.494 DEBUG 4156 --- [           main] c.t.c.f.a.loops.LoopTransactionSet       : Delete file instance file record id: 6695209
2018-05-07 08:11:15.774 DEBUG 4156 --- [           main] c.t.c.f.a.loops.LoopTransactionSet       : Saved exception: Exception{exceptionId=387022, fileDefinitionId=26, fileInstanceId=1063, fileRecordId=262450, exceptionType='ERROR', category='DATA ELEMENT', subCategory='Illegal element value.', detail='Loop id 2000 Segment ID: INS Student Status Code [U] must equal one of P,F,N.', subscriberId='00001532039', memberId='01', exceptionCreated=2018-05-07 08:11:15.773}
2018-05-07 08:11:15.807 DEBUG 4156 --- [           main] c.t.c.f.a.loops.LoopTransactionSet       : Saved exception: Exception{exceptionId=387023, fileDefinitionId=26, fileInstanceId=1063, fileRecordId=258901, exceptionType='ERROR', category='DATA ELEMENT', subCategory='Illegal element value.', detail='Loop id 2000 Segment ID: INS Student Status Code [U] must equal one of P,F,N.', subscriberId='00001524550', memberId='01', exceptionCreated=2018-05-07 08:11:15.806}
2018-05-07 08:11:15.821 DEBUG 4156 --- [           main] c.t.c.f.a.loops.LoopTransactionSet       : Delete file instance file record id: 6693739
2018-05-07 08:11:15.821 DEBUG 4156 --- [           main] c.t.c.f.a.loops.LoopTransactionSet       : Delete file instance file record id: 6693740
2018-05-07 08:11:15.822 DEBUG 4156 --- [           main] c.t.c.f.a.loops.LoopTransactionSet       : Delete file instance file record id: 6690192
2018-05-07 08:11:15.822 DEBUG 4156 --- [           main] c.t.c.f.a.loops.LoopTransactionSet       : Delete file instance file record id: 6690193
2018-05-07 08:11:16.085 DEBUG 4156 --- [           main] c.t.c.f.a.loops.LoopTransactionSet       : Saved exception: Exception{exceptionId=387024, fileDefinitionId=26, fileInstanceId=1063, fileRecordId=261573, exceptionType='ERROR', category='DATA ELEMENT', subCategory='Missing required element.', detail='Loop id 2000 Segment ID: INS Employment Status Code', subscriberId='00001529923', memberId='00001529923', exceptionCreated=2018-05-07 08:11:16.083}
2018-05-07 08:11:16.086 DEBUG 4156 --- [           main] c.t.c.f.a.loops.LoopTransactionSet       : Saved exception: Exception{exceptionId=387025, fileDefinitionId=26, fileInstanceId=1063, fileRecordId=261305, exceptionType='ERROR', category='DATA ELEMENT', subCategory='Illegal element value.', detail='Loop id 2000 Segment ID: INS Student Status Code [U] must equal one of P,F,N.', subscriberId='00001529627', memberId='01', exceptionCreated=2018-05-07 08:11:16.086}
2018-05-07 08:11:16.125 DEBUG 4156 --- [           main] c.t.c.f.a.loops.LoopTransactionSet       : Delete file instance file record id: 6692863
2018-05-07 08:11:16.125 DEBUG 4156 --- [           main] c.t.c.f.a.loops.LoopTransactionSet       : Delete file instance file record id: 6692864
2018-05-07 08:11:16.125 DEBUG 4156 --- [           main] c.t.c.f.a.loops.LoopTransactionSet       : Delete file instance file record id: 6692594
2018-05-07 08:11:16.125 DEBUG 4156 --- [           main] c.t.c.f.a.loops.LoopTransactionSet       : Delete file instance file record id: 6692595
2018-05-07 08:11:16.125 DEBUG 4156 --- [           main] c.t.c.f.a.loops.LoopTransactionSet       : Delete file instance file record id: 6692596
2018-05-07 08:11:16.125 DEBUG 4156 --- [           main] c.t.c.f.a.loops.LoopTransactionSet       : Delete file instance file record id: 6692597
2018-05-07 08:11:16.412 DEBUG 4156 --- [           main] c.t.c.f.a.loops.LoopTransactionSet       : Saved exception: Exception{exceptionId=387026, fileDefinitionId=26, fileInstanceId=1063, fileRecordId=254793, exceptionType='ERROR', category='DATA ELEMENT', subCategory='Illegal element value.', detail='Loop id 2000 Segment ID: INS Student Status Code [U] must equal one of P,F,N.', subscriberId='00001516412', memberId='02', exceptionCreated=2018-05-07 08:11:16.411}
2018-05-07 08:11:16.449 DEBUG 4156 --- [           main] c.t.c.f.a.loops.LoopTransactionSet       : Delete file instance file record id: 6686084
2018-05-07 08:11:16.449 DEBUG 4156 --- [           main] c.t.c.f.a.loops.LoopTransactionSet       : Delete file instance file record id: 6686085
2018-05-07 08:11:16.717 DEBUG 4156 --- [           main] c.t.c.f.a.loops.LoopTransactionSet       : Saved exception: Exception{exceptionId=387027, fileDefinitionId=26, fileInstanceId=1063, fileRecordId=257949, exceptionType='ERROR', category='DATA ELEMENT', subCategory='Illegal element value.', detail='Loop id 2000 Segment ID: INS Student Status Code [U] must equal one of P,F,N.', subscriberId='00001523144', memberId='02', exceptionCreated=2018-05-07 08:11:16.716}
2018-05-07 08:11:16.718 DEBUG 4156 --- [           main] c.t.c.f.a.loops.LoopTransactionSet       : Saved exception: Exception{exceptionId=387028, fileDefinitionId=26, fileInstanceId=1063, fileRecordId=257950, exceptionType='ERROR', category='DATA ELEMENT', subCategory='Illegal element value.', detail='Loop id 2000 Segment ID: INS Student Status Code [U] must equal one of P,F,N.', subscriberId='00001523144', memberId='04', exceptionCreated=2018-05-07 08:11:16.718}
2018-05-07 08:11:16.756 DEBUG 4156 --- [           main] c.t.c.f.a.loops.LoopTransactionSet       : Delete file instance file record id: 6689239
2018-05-07 08:11:16.756 DEBUG 4156 --- [           main] c.t.c.f.a.loops.LoopTransactionSet       : Delete file instance file record id: 6689240
2018-05-07 08:11:16.756 DEBUG 4156 --- [           main] c.t.c.f.a.loops.LoopTransactionSet       : Delete file instance file record id: 6689241
2018-05-07 08:11:16.756 DEBUG 4156 --- [           main] c.t.c.f.a.loops.LoopTransactionSet       : Delete file instance file record id: 6689242
2018-05-07 08:11:17.310 DEBUG 4156 --- [           main] c.t.c.f.a.loops.LoopTransactionSet       : Saved exception: Exception{exceptionId=387029, fileDefinitionId=26, fileInstanceId=1063, fileRecordId=263753, exceptionType='ERROR', category='DATA ELEMENT', subCategory='Illegal element value.', detail='Loop id 2000 Segment ID: INS Student Status Code [U] must equal one of P,F,N.', subscriberId='00001536035', memberId='02', exceptionCreated=2018-05-07 08:11:17.308}
2018-05-07 08:11:17.313 DEBUG 4156 --- [           main] c.t.c.f.a.loops.LoopTransactionSet       : Saved exception: Exception{exceptionId=387030, fileDefinitionId=26, fileInstanceId=1063, fileRecordId=255760, exceptionType='ERROR', category='DATA ELEMENT', subCategory='Illegal element value.', detail='Loop id 2000 Segment ID: INS Student Status Code [U] must equal one of P,F,N.', subscriberId='00001518585', memberId='01', exceptionCreated=2018-05-07 08:11:17.313}
2018-05-07 08:11:17.344 DEBUG 4156 --- [           main] c.t.c.f.a.loops.LoopTransactionSet       : Delete file instance file record id: 6695042
2018-05-07 08:11:17.344 DEBUG 4156 --- [           main] c.t.c.f.a.loops.LoopTransactionSet       : Delete file instance file record id: 6695043
2018-05-07 08:11:17.344 DEBUG 4156 --- [           main] c.t.c.f.a.loops.LoopTransactionSet       : Delete file instance file record id: 6687051
2018-05-07 08:11:17.344 DEBUG 4156 --- [           main] c.t.c.f.a.loops.LoopTransactionSet       : Delete file instance file record id: 6687052
2018-05-07 08:11:17.691 DEBUG 4156 --- [           main] c.t.c.f.a.loops.LoopTransactionSet       : Saved exception: Exception{exceptionId=387031, fileDefinitionId=26, fileInstanceId=1063, fileRecordId=259062, exceptionType='ERROR', category='DATA ELEMENT', subCategory='Illegal element value.', detail='Loop id 2000 Segment ID: INS Student Status Code [U] must equal one of P,F,N.', subscriberId='00001524745', memberId='03', exceptionCreated=2018-05-07 08:11:17.69}
2018-05-07 08:11:17.719 DEBUG 4156 --- [           main] c.t.c.f.a.loops.LoopTransactionSet       : Delete file instance file record id: 6690352
2018-05-07 08:11:17.720 DEBUG 4156 --- [           main] c.t.c.f.a.loops.LoopTransactionSet       : Delete file instance file record id: 6690353
2018-05-07 08:11:17.720 DEBUG 4156 --- [           main] c.t.c.f.a.loops.LoopTransactionSet       : Delete file instance file record id: 6690354
2018-05-07 08:11:17.720 DEBUG 4156 --- [           main] c.t.c.f.a.loops.LoopTransactionSet       : Delete file instance file record id: 6690355
2018-05-07 08:11:17.953 DEBUG 4156 --- [           main] c.t.c.f.a.loops.LoopTransactionSet       : Saved exception: Exception{exceptionId=387032, fileDefinitionId=26, fileInstanceId=1063, fileRecordId=261564, exceptionType='ERROR', category='DATA ELEMENT', subCategory='Illegal element value.', detail='Loop id 2000 Segment ID: INS Student Status Code [U] must equal one of P,F,N.', subscriberId='00001529918', memberId='01', exceptionCreated=2018-05-07 08:11:17.952}
2018-05-07 08:11:17.974 DEBUG 4156 --- [           main] c.t.c.f.a.loops.LoopTransactionSet       : Saved exception: Exception{exceptionId=387033, fileDefinitionId=26, fileInstanceId=1063, fileRecordId=263237, exceptionType='ERROR', category='DATA ELEMENT', subCategory='Illegal element value.', detail='Loop id 2000 Segment ID: INS Student Status Code [U] must equal one of P,F,N.', subscriberId='00001534228', memberId='01', exceptionCreated=2018-05-07 08:11:17.973}
2018-05-07 08:11:17.992 DEBUG 4156 --- [           main] c.t.c.f.a.loops.LoopTransactionSet       : Saved exception: Exception{exceptionId=387034, fileDefinitionId=26, fileInstanceId=1063, fileRecordId=257112, exceptionType='ERROR', category='DATA ELEMENT', subCategory='Illegal element value.', detail='Loop id 2000 Segment ID: INS Student Status Code [U] must equal one of P,F,N.', subscriberId='00001521319', memberId='03', exceptionCreated=2018-05-07 08:11:17.991}
2018-05-07 08:11:17.999 DEBUG 4156 --- [           main] c.t.c.f.a.loops.LoopTransactionSet       : Delete file instance file record id: 6692853
2018-05-07 08:11:17.999 DEBUG 4156 --- [           main] c.t.c.f.a.loops.LoopTransactionSet       : Delete file instance file record id: 6692854
2018-05-07 08:11:17.999 DEBUG 4156 --- [           main] c.t.c.f.a.loops.LoopTransactionSet       : Delete file instance file record id: 6694526
2018-05-07 08:11:18.000 DEBUG 4156 --- [           main] c.t.c.f.a.loops.LoopTransactionSet       : Delete file instance file record id: 6694527
2018-05-07 08:11:18.000 DEBUG 4156 --- [           main] c.t.c.f.a.loops.LoopTransactionSet       : Delete file instance file record id: 6688402
2018-05-07 08:11:18.000 DEBUG 4156 --- [           main] c.t.c.f.a.loops.LoopTransactionSet       : Delete file instance file record id: 6688404
2018-05-07 08:11:18.000 DEBUG 4156 --- [           main] c.t.c.f.a.loops.LoopTransactionSet       : Delete file instance file record id: 6688403
2018-05-07 08:11:18.000 DEBUG 4156 --- [           main] c.t.c.f.a.loops.LoopTransactionSet       : Delete file instance file record id: 6688405
2018-05-07 08:11:18.252 DEBUG 4156 --- [           main] c.t.c.f.a.loops.LoopTransactionSet       : Saved exception: Exception{exceptionId=387035, fileDefinitionId=26, fileInstanceId=1063, fileRecordId=261199, exceptionType='ERROR', category='DATA ELEMENT', subCategory='Illegal element value.', detail='Loop id 2000 Segment ID: INS Student Status Code [U] must equal one of P,F,N.', subscriberId='00001529118', memberId='02', exceptionCreated=2018-05-07 08:11:18.251}
2018-05-07 08:11:18.255 DEBUG 4156 --- [           main] c.t.c.f.a.loops.LoopTransactionSet       : Saved exception: Exception{exceptionId=387036, fileDefinitionId=26, fileInstanceId=1063, fileRecordId=254283, exceptionType='ERROR', category='DATA ELEMENT', subCategory='Illegal element value.', detail='Loop id 2000 Segment ID: INS Student Status Code [U] must equal one of P,F,N.', subscriberId='00001514685', memberId='02', exceptionCreated=2018-05-07 08:11:18.255}
2018-05-07 08:11:18.295 DEBUG 4156 --- [           main] c.t.c.f.a.loops.LoopTransactionSet       : Delete file instance file record id: 6692488
2018-05-07 08:11:18.295 DEBUG 4156 --- [           main] c.t.c.f.a.loops.LoopTransactionSet       : Delete file instance file record id: 6692489
2018-05-07 08:11:18.295 DEBUG 4156 --- [           main] c.t.c.f.a.loops.LoopTransactionSet       : Delete file instance file record id: 6685574
2018-05-07 08:11:18.295 DEBUG 4156 --- [           main] c.t.c.f.a.loops.LoopTransactionSet       : Delete file instance file record id: 6685575
2018-05-07 08:11:18.296 DEBUG 4156 --- [           main] c.t.c.f.a.loops.LoopTransactionSet       : Delete file instance file record id: 6685576
2018-05-07 08:11:18.296 DEBUG 4156 --- [           main] c.t.c.f.a.loops.LoopTransactionSet       : Delete file instance file record id: 6685577
2018-05-07 08:11:18.296 DEBUG 4156 --- [           main] c.t.c.f.a.loops.LoopTransactionSet       : Delete file instance file record id: 6685578
2018-05-07 08:11:18.862 DEBUG 4156 --- [           main] c.t.c.f.a.loops.LoopTransactionSet       : Saved exception: Exception{exceptionId=387037, fileDefinitionId=26, fileInstanceId=1063, fileRecordId=260649, exceptionType='ERROR', category='DATA ELEMENT', subCategory='Illegal element value.', detail='Loop id 2000 Segment ID: INS Student Status Code [U] must equal one of P,F,N.', subscriberId='00001527167', memberId='01', exceptionCreated=2018-05-07 08:11:18.86}
2018-05-07 08:11:18.899 DEBUG 4156 --- [           main] c.t.c.f.a.loops.LoopTransactionSet       : Delete file instance file record id: 6691940
2018-05-07 08:11:18.900 DEBUG 4156 --- [           main] c.t.c.f.a.loops.LoopTransactionSet       : Delete file instance file record id: 6691941
2018-05-07 08:11:18.900 DEBUG 4156 --- [           main] c.t.c.f.a.loops.LoopTransactionSet       : Delete file instance file record id: 6691942
2018-05-07 08:11:18.900 DEBUG 4156 --- [           main] c.t.c.f.a.loops.LoopTransactionSet       : Delete file instance file record id: 6691943
2018-05-07 08:11:19.156 DEBUG 4156 --- [           main] c.t.c.f.a.loops.LoopTransactionSet       : Saved exception: Exception{exceptionId=387038, fileDefinitionId=26, fileInstanceId=1063, fileRecordId=258366, exceptionType='ERROR', category='DATA ELEMENT', subCategory='Illegal element value.', detail='Loop id 2000 Segment ID: INS Student Status Code [U] must equal one of P,F,N.', subscriberId='00001523682', memberId='01', exceptionCreated=2018-05-07 08:11:19.155}
2018-05-07 08:11:19.175 DEBUG 4156 --- [           main] c.t.c.f.a.loops.LoopTransactionSet       : Saved exception: Exception{exceptionId=387039, fileDefinitionId=26, fileInstanceId=1063, fileRecordId=260362, exceptionType='ERROR', category='DATA ELEMENT', subCategory='Illegal element value.', detail='Loop id 2000 Segment ID: INS Student Status Code [U] must equal one of P,F,N.', subscriberId='00001526315', memberId='01', exceptionCreated=2018-05-07 08:11:19.174}
2018-05-07 08:11:19.203 DEBUG 4156 --- [           main] c.t.c.f.a.loops.LoopTransactionSet       : Delete file instance file record id: 6689657
2018-05-07 08:11:19.203 DEBUG 4156 --- [           main] c.t.c.f.a.loops.LoopTransactionSet       : Delete file instance file record id: 6689658
2018-05-07 08:11:19.204 DEBUG 4156 --- [           main] c.t.c.f.a.loops.LoopTransactionSet       : Delete file instance file record id: 6691653
2018-05-07 08:11:19.204 DEBUG 4156 --- [           main] c.t.c.f.a.loops.LoopTransactionSet       : Delete file instance file record id: 6691654
2018-05-07 08:11:19.487 DEBUG 4156 --- [           main] c.t.c.f.a.loops.LoopTransactionSet       : Saved exception: Exception{exceptionId=387040, fileDefinitionId=26, fileInstanceId=1063, fileRecordId=256156, exceptionType='ERROR', category='DATA ELEMENT', subCategory='Illegal element value.', detail='Loop id 2000 Segment ID: INS Student Status Code [U] must equal one of P,F,N.', subscriberId='00001519145', memberId='01', exceptionCreated=2018-05-07 08:11:19.486}
2018-05-07 08:11:19.501 DEBUG 4156 --- [           main] c.t.c.f.a.loops.LoopTransactionSet       : Delete file instance file record id: 6687447
2018-05-07 08:11:19.502 DEBUG 4156 --- [           main] c.t.c.f.a.loops.LoopTransactionSet       : Delete file instance file record id: 6687448
2018-05-07 08:11:19.502 DEBUG 4156 --- [           main] c.t.c.f.a.loops.LoopTransactionSet       : Delete file instance file record id: 6687449
2018-05-07 08:11:19.502 DEBUG 4156 --- [           main] c.t.c.f.a.loops.LoopTransactionSet       : Delete file instance file record id: 6687450
2018-05-07 08:11:19.784 DEBUG 4156 --- [           main] c.t.c.f.a.loops.LoopTransactionSet       : Saved exception: Exception{exceptionId=387041, fileDefinitionId=26, fileInstanceId=1063, fileRecordId=262755, exceptionType='ERROR', category='DATA ELEMENT', subCategory='Illegal element value.', detail='Loop id 2000 Segment ID: INS Student Status Code [U] must equal one of P,F,N.', subscriberId='00001533116', memberId='03', exceptionCreated=2018-05-07 08:11:19.782}
2018-05-07 08:11:19.804 DEBUG 4156 --- [           main] c.t.c.f.a.loops.LoopTransactionSet       : Delete file instance file record id: 6694042
2018-05-07 08:11:19.805 DEBUG 4156 --- [           main] c.t.c.f.a.loops.LoopTransactionSet       : Delete file instance file record id: 6694045
2018-05-07 08:11:19.805 DEBUG 4156 --- [           main] c.t.c.f.a.loops.LoopTransactionSet       : Delete file instance file record id: 6694043
2018-05-07 08:11:19.805 DEBUG 4156 --- [           main] c.t.c.f.a.loops.LoopTransactionSet       : Delete file instance file record id: 6694044
2018-05-07 08:11:20.402 DEBUG 4156 --- [           main] c.t.c.f.a.loops.LoopTransactionSet       : Saved exception: Exception{exceptionId=387042, fileDefinitionId=26, fileInstanceId=1063, fileRecordId=261976, exceptionType='ERROR', category='DATA ELEMENT', subCategory='Illegal element value.', detail='Loop id 2000 Segment ID: INS Student Status Code [U] must equal one of P,F,N.', subscriberId='00001531330', memberId='01', exceptionCreated=2018-05-07 08:11:20.401}
2018-05-07 08:11:20.416 DEBUG 4156 --- [           main] c.t.c.f.a.loops.LoopTransactionSet       : Delete file instance file record id: 6693265
2018-05-07 08:11:20.416 DEBUG 4156 --- [           main] c.t.c.f.a.loops.LoopTransactionSet       : Delete file instance file record id: 6693266
2018-05-07 08:11:21.310  INFO 4156 --- [           main] com.trinet.cvf.files.TriNetCvfFilesMain  : Started TriNetCvfFilesMain in 19.195 seconds (JVM running for 19.787)
Mon May  7 08:11:21 EDT 2018: TriNet-VSP-834X4 - Get number of subscribers in the file record data tables post file creation.
Mon May  7 08:11:22 EDT 2018: Number of subscribers = 10802.
Mon May  7 08:11:22 EDT 2018: TriNet-VSP-834X4 - Check exception table for errors.
Mon May  7 08:11:22 EDT 2018: Number or errors = 29.
Mon May  7 08:11:22 EDT 2018: TriNet-VSP-834X4 - Move target/TriNet-VSP-834X4-20180507-081042.x12 to ../processandarchivefile/incomingqueue/TriNet-VSP-834X4-20180507-081042.x12
Mon May  7 08:11:22 EDT 2018: TriNet-VSP-834X4 - Process and archive file ../processandarchivefile/incomingqueue/TriNet-VSP-834X4-20180507-081042.x12
Mon May  7 08:11:23 EDT 2018: Running process file script using this command: $PROCESSSCRIPTSDIRECTORY/$PROCESSNAME.sh "$INCOMINGFILEPATH"
Mon May  7 08:11:23 EDT 2018: TriNet-VSP-834X4 Process - Find file instance id for file TriNet-VSP-834X4-20180507-081042.x12.
Mon May  7 08:11:23 EDT 2018: TriNet-VSP-834X4 Process - Create file upload record.
Mon May  7 08:11:24 EDT 2018: TriNet-VSP-834X4 Process - Uploading 834 file to none://@:/TriNet-VSP-834X4-20180507-081042.x12
Mon May  7 08:11:24 EDT 2018: TriNet-VSP-834X4 Process - File uploaded successfully. Mark the file as sent.
Mon May  7 08:11:24 EDT 2018: TriNet-VSP-834X4 Process Done
Mon May  7 08:11:24 EDT 2018: Compressing file ../processandarchivefile/incomingqueue/TriNet-VSP-834X4-20180507-081042.x12 for the PROCESSED file archive using bzip2.
Mon May  7 08:11:25 EDT 2018: Remove the original file "../processandarchivefile/incomingqueue/TriNet-VSP-834X4-20180507-081042.x12" because the compressed file "../processandarchivefile/incomingqueue/TriNet-VSP-834X4-20180507-081042.x12.bz2" was created.
Mon May  7 08:11:25 EDT 2018: Archiving ../processandarchivefile/incomingqueue/TriNet-VSP-834X4-20180507-081042.x12.bz2 as archives/TriNet-VSP-834X4/processed/TriNet-VSP-834X4-20180507-081042.x12.bz2.
Mon May  7 08:11:25 EDT 2018: TriNet-VSP-834X4 - Update termination counts.
Mon May  7 08:11:26 EDT 2018: TriNet-VSP-834X4 - Update file instance status.
Mon May  7 08:11:26 EDT 2018: File generated and sent successfully but 29 error(s) found in the exceptions table. Please check the exceptions table using the following sql and try correct the issues before the next run: select * from ansi5010.exception_view where file_instance_id = 1063;
Mon May  7 08:11:26 EDT 2018: TriNet-VSP-834X4 Done
