Wed Apr 25 09:21:32 EDT 2018: TriNet-VSP-834X4 Starting
Wed Apr 25 09:21:32 EDT 2018: TriNet-VSP-834X4 - Create file record.
Wed Apr 25 09:21:36 EDT 2018: File id = 1037
Wed Apr 25 09:21:36 EDT 2018: TriNet-VSP-834X4 - Create file record data.
Wed Apr 25 09:22:09 EDT 2018: TriNet-VSP-834X4 - Get number of subscribers in the file record data tables.
Wed Apr 25 09:22:09 EDT 2018: Number of subscribers = 10874.
Wed Apr 25 09:22:09 EDT 2018: TriNet-VSP-834X4 - Create file target/TriNet-VSP-834X4-20180425-092132.x12.
2018-04-25 09:22:11.273  INFO 4655 --- [           main] com.trinet.cvf.files.TriNetCvfFilesMain  : Starting TriNetCvfFilesMain v00015 on bib01bredimft01.ux.corp.local with PID 4655 (/opt/trinet/cronprograms/cvf-java-files/lib/com.trinet.cvf.filesimpl-TriNet-VSP-834.jar started by cronjobs in /opt/trinet/util/cronjobs)
2018-04-25 09:22:11.280 DEBUG 4655 --- [           main] com.trinet.cvf.files.TriNetCvfFilesMain  : Running with Spring Boot v1.5.2.RELEASE, Spring v4.3.7.RELEASE
2018-04-25 09:22:11.281  INFO 4655 --- [           main] com.trinet.cvf.files.TriNetCvfFilesMain  : No active profile set, falling back to default profiles: default
2018-04-25 09:22:19.256  INFO 4655 --- [           main] com.trinet.cvf.files.ansi5010.Ansi5010   : Create ANSI5010 file for file id 1037 output to target/TriNet-VSP-834X4-20180425-092132.x12.
2018-04-25 09:22:19.362  INFO 4655 --- [           main] com.trinet.cvf.files.ansi5010.Ansi5010   : File name: VSP 834 X4
2018-04-25 09:22:21.440 DEBUG 4655 --- [           main] c.t.c.f.a.loops.LoopTransactionSet       : Saved exception: Exception{exceptionId=364375, fileDefinitionId=26, fileInstanceId=1037, fileRecordId=261572, exceptionType='ERROR', category='DATA ELEMENT', subCategory='Illegal element value.', detail='Loop id 2000 Segment ID: INS Student Status Code [U] must equal one of P,F,N.', subscriberId='00001529922', memberId='01', exceptionCreated=2018-04-25 09:22:21.432}
2018-04-25 09:22:21.510 DEBUG 4655 --- [           main] c.t.c.f.a.loops.LoopTransactionSet       : Delete file instance file record id: 6535291
2018-04-25 09:22:21.511 DEBUG 4655 --- [           main] c.t.c.f.a.loops.LoopTransactionSet       : Delete file instance file record id: 6535292
2018-04-25 09:22:23.502 DEBUG 4655 --- [           main] c.t.c.f.a.loops.LoopTransactionSet       : Saved exception: Exception{exceptionId=364376, fileDefinitionId=26, fileInstanceId=1037, fileRecordId=252242, exceptionType='ERROR', category='DATA ELEMENT', subCategory='Illegal element value.', detail='Loop id 2000 Segment ID: INS Student Status Code [U] must equal one of P,F,N.', subscriberId='00001511364', memberId='01', exceptionCreated=2018-04-25 09:22:23.501}
2018-04-25 09:22:23.554 DEBUG 4655 --- [           main] c.t.c.f.a.loops.LoopTransactionSet       : Delete file instance file record id: 6526007
2018-04-25 09:22:23.554 DEBUG 4655 --- [           main] c.t.c.f.a.loops.LoopTransactionSet       : Delete file instance file record id: 6526008
2018-04-25 09:22:23.554 DEBUG 4655 --- [           main] c.t.c.f.a.loops.LoopTransactionSet       : Delete file instance file record id: 6526009
2018-04-25 09:22:23.931 DEBUG 4655 --- [           main] c.t.c.f.a.loops.LoopTransactionSet       : Saved exception: Exception{exceptionId=364377, fileDefinitionId=26, fileInstanceId=1037, fileRecordId=261259, exceptionType='ERROR', category='DATA ELEMENT', subCategory='Illegal element value.', detail='Loop id 2000 Segment ID: INS Student Status Code [U] must equal one of P,F,N.', subscriberId='00001529605', memberId='01', exceptionCreated=2018-04-25 09:22:23.93}
2018-04-25 09:22:23.933 DEBUG 4655 --- [           main] c.t.c.f.a.loops.LoopTransactionSet       : Delete file instance file record id: 6534978
2018-04-25 09:22:23.933 DEBUG 4655 --- [           main] c.t.c.f.a.loops.LoopTransactionSet       : Delete file instance file record id: 6534979
2018-04-25 09:22:23.933 DEBUG 4655 --- [           main] c.t.c.f.a.loops.LoopTransactionSet       : Delete file instance file record id: 6534980
2018-04-25 09:22:24.237 DEBUG 4655 --- [           main] c.t.c.f.a.loops.LoopTransactionSet       : Saved exception: Exception{exceptionId=364378, fileDefinitionId=26, fileInstanceId=1037, fileRecordId=257773, exceptionType='ERROR', category='DATA ELEMENT', subCategory='Illegal element value.', detail='Loop id 2000 Segment ID: INS Student Status Code [U] must equal one of P,F,N.', subscriberId='00001522956', memberId='01', exceptionCreated=2018-04-25 09:22:24.236}
2018-04-25 09:22:24.240 DEBUG 4655 --- [           main] c.t.c.f.a.loops.LoopTransactionSet       : Saved exception: Exception{exceptionId=364379, fileDefinitionId=26, fileInstanceId=1037, fileRecordId=253012, exceptionType='ERROR', category='DATA ELEMENT', subCategory='Illegal element value.', detail='Loop id 2000 Segment ID: INS Student Status Code [U] must equal one of P,F,N.', subscriberId='00001512300', memberId='01', exceptionCreated=2018-04-25 09:22:24.239}
2018-04-25 09:22:24.292 DEBUG 4655 --- [           main] c.t.c.f.a.loops.LoopTransactionSet       : Saved exception: Exception{exceptionId=364380, fileDefinitionId=26, fileInstanceId=1037, fileRecordId=261077, exceptionType='ERROR', category='DATA ELEMENT', subCategory='Illegal element value.', detail='Loop id 2000 Segment ID: INS Student Status Code [U] must equal one of P,F,N.', subscriberId='00001528093', memberId='01', exceptionCreated=2018-04-25 09:22:24.29}
2018-04-25 09:22:24.298 DEBUG 4655 --- [           main] c.t.c.f.a.loops.LoopTransactionSet       : Delete file instance file record id: 6531538
2018-04-25 09:22:24.298 DEBUG 4655 --- [           main] c.t.c.f.a.loops.LoopTransactionSet       : Delete file instance file record id: 6531539
2018-04-25 09:22:24.298 DEBUG 4655 --- [           main] c.t.c.f.a.loops.LoopTransactionSet       : Delete file instance file record id: 6526777
2018-04-25 09:22:24.298 DEBUG 4655 --- [           main] c.t.c.f.a.loops.LoopTransactionSet       : Delete file instance file record id: 6526778
2018-04-25 09:22:24.299 DEBUG 4655 --- [           main] c.t.c.f.a.loops.LoopTransactionSet       : Delete file instance file record id: 6534796
2018-04-25 09:22:24.299 DEBUG 4655 --- [           main] c.t.c.f.a.loops.LoopTransactionSet       : Delete file instance file record id: 6534797
2018-04-25 09:22:24.619 DEBUG 4655 --- [           main] c.t.c.f.a.loops.LoopTransactionSet       : Saved exception: Exception{exceptionId=364381, fileDefinitionId=26, fileInstanceId=1037, fileRecordId=257757, exceptionType='ERROR', category='DATA ELEMENT', subCategory='Illegal element value.', detail='Loop id 2000 Segment ID: INS Student Status Code [U] must equal one of P,F,N.', subscriberId='00001522935', memberId='01', exceptionCreated=2018-04-25 09:22:24.618}
2018-04-25 09:22:24.643 DEBUG 4655 --- [           main] c.t.c.f.a.loops.LoopTransactionSet       : Saved exception: Exception{exceptionId=364382, fileDefinitionId=26, fileInstanceId=1037, fileRecordId=263919, exceptionType='ERROR', category='DATA ELEMENT', subCategory='Illegal element value.', detail='Loop id 2000 Segment ID: INS Student Status Code [U] must equal one of P,F,N.', subscriberId='00001536422', memberId='01', exceptionCreated=2018-04-25 09:22:24.641}
2018-04-25 09:22:24.674 DEBUG 4655 --- [           main] c.t.c.f.a.loops.LoopTransactionSet       : Delete file instance file record id: 6531522
2018-04-25 09:22:24.674 DEBUG 4655 --- [           main] c.t.c.f.a.loops.LoopTransactionSet       : Delete file instance file record id: 6531523
2018-04-25 09:22:24.674 DEBUG 4655 --- [           main] c.t.c.f.a.loops.LoopTransactionSet       : Delete file instance file record id: 6531524
2018-04-25 09:22:24.674 DEBUG 4655 --- [           main] c.t.c.f.a.loops.LoopTransactionSet       : Delete file instance file record id: 6531525
2018-04-25 09:22:24.675 DEBUG 4655 --- [           main] c.t.c.f.a.loops.LoopTransactionSet       : Delete file instance file record id: 6537638
2018-04-25 09:22:24.675 DEBUG 4655 --- [           main] c.t.c.f.a.loops.LoopTransactionSet       : Delete file instance file record id: 6537639
2018-04-25 09:22:24.989 DEBUG 4655 --- [           main] c.t.c.f.a.loops.LoopTransactionSet       : Saved exception: Exception{exceptionId=364383, fileDefinitionId=26, fileInstanceId=1037, fileRecordId=262450, exceptionType='ERROR', category='DATA ELEMENT', subCategory='Illegal element value.', detail='Loop id 2000 Segment ID: INS Student Status Code [U] must equal one of P,F,N.', subscriberId='00001532039', memberId='01', exceptionCreated=2018-04-25 09:22:24.988}
2018-04-25 09:22:25.018 DEBUG 4655 --- [           main] c.t.c.f.a.loops.LoopTransactionSet       : Saved exception: Exception{exceptionId=364384, fileDefinitionId=26, fileInstanceId=1037, fileRecordId=270722, exceptionType='ERROR', category='DATA ELEMENT', subCategory='Invalid element length.', detail='Loop id 2100A Segment ID: N4 State Code [NSW] length of 3 exceeds the maximum length of 2', subscriberId='00001924356', memberId='04', exceptionCreated=2018-04-25 09:22:25.016}
2018-04-25 09:22:25.019 DEBUG 4655 --- [           main] c.t.c.f.a.loops.LoopTransactionSet       : Saved exception: Exception{exceptionId=364385, fileDefinitionId=26, fileInstanceId=1037, fileRecordId=270723, exceptionType='ERROR', category='DATA ELEMENT', subCategory='Invalid element length.', detail='Loop id 2100A Segment ID: N4 State Code [NSW] length of 3 exceeds the maximum length of 2', subscriberId='00001924356', memberId='05', exceptionCreated=2018-04-25 09:22:25.018}
2018-04-25 09:22:25.047 DEBUG 4655 --- [           main] c.t.c.f.a.loops.LoopTransactionSet       : Saved exception: Exception{exceptionId=364386, fileDefinitionId=26, fileInstanceId=1037, fileRecordId=258901, exceptionType='ERROR', category='DATA ELEMENT', subCategory='Illegal element value.', detail='Loop id 2000 Segment ID: INS Student Status Code [U] must equal one of P,F,N.', subscriberId='00001524550', memberId='01', exceptionCreated=2018-04-25 09:22:25.046}
2018-04-25 09:22:25.065 DEBUG 4655 --- [           main] c.t.c.f.a.loops.LoopTransactionSet       : Delete file instance file record id: 6536169
2018-04-25 09:22:25.065 DEBUG 4655 --- [           main] c.t.c.f.a.loops.LoopTransactionSet       : Delete file instance file record id: 6536170
2018-04-25 09:22:25.065 DEBUG 4655 --- [           main] c.t.c.f.a.loops.LoopTransactionSet       : Delete file instance file record id: 6544439
2018-04-25 09:22:25.065 DEBUG 4655 --- [           main] c.t.c.f.a.loops.LoopTransactionSet       : Delete file instance file record id: 6544440
2018-04-25 09:22:25.065 DEBUG 4655 --- [           main] c.t.c.f.a.loops.LoopTransactionSet       : Delete file instance file record id: 6544441
2018-04-25 09:22:25.065 DEBUG 4655 --- [           main] c.t.c.f.a.loops.LoopTransactionSet       : Delete file instance file record id: 6544442
2018-04-25 09:22:25.065 DEBUG 4655 --- [           main] c.t.c.f.a.loops.LoopTransactionSet       : Delete file instance file record id: 6544443
2018-04-25 09:22:25.066 DEBUG 4655 --- [           main] c.t.c.f.a.loops.LoopTransactionSet       : Delete file instance file record id: 6532623
2018-04-25 09:22:25.066 DEBUG 4655 --- [           main] c.t.c.f.a.loops.LoopTransactionSet       : Delete file instance file record id: 6532624
2018-04-25 09:22:25.365 DEBUG 4655 --- [           main] c.t.c.f.a.loops.LoopTransactionSet       : Saved exception: Exception{exceptionId=364387, fileDefinitionId=26, fileInstanceId=1037, fileRecordId=261573, exceptionType='ERROR', category='DATA ELEMENT', subCategory='Missing required element.', detail='Loop id 2000 Segment ID: INS Employment Status Code', subscriberId='00001529923', memberId='00001529923', exceptionCreated=2018-04-25 09:22:25.364}
2018-04-25 09:22:25.366 DEBUG 4655 --- [           main] c.t.c.f.a.loops.LoopTransactionSet       : Saved exception: Exception{exceptionId=364388, fileDefinitionId=26, fileInstanceId=1037, fileRecordId=261305, exceptionType='ERROR', category='DATA ELEMENT', subCategory='Illegal element value.', detail='Loop id 2000 Segment ID: INS Student Status Code [U] must equal one of P,F,N.', subscriberId='00001529627', memberId='01', exceptionCreated=2018-04-25 09:22:25.365}
2018-04-25 09:22:25.413 DEBUG 4655 --- [           main] c.t.c.f.a.loops.LoopTransactionSet       : Delete file instance file record id: 6535293
2018-04-25 09:22:25.413 DEBUG 4655 --- [           main] c.t.c.f.a.loops.LoopTransactionSet       : Delete file instance file record id: 6535294
2018-04-25 09:22:25.413 DEBUG 4655 --- [           main] c.t.c.f.a.loops.LoopTransactionSet       : Delete file instance file record id: 6535024
2018-04-25 09:22:25.413 DEBUG 4655 --- [           main] c.t.c.f.a.loops.LoopTransactionSet       : Delete file instance file record id: 6535025
2018-04-25 09:22:25.413 DEBUG 4655 --- [           main] c.t.c.f.a.loops.LoopTransactionSet       : Delete file instance file record id: 6535026
2018-04-25 09:22:25.413 DEBUG 4655 --- [           main] c.t.c.f.a.loops.LoopTransactionSet       : Delete file instance file record id: 6535027
2018-04-25 09:22:25.707 DEBUG 4655 --- [           main] c.t.c.f.a.loops.LoopTransactionSet       : Saved exception: Exception{exceptionId=364389, fileDefinitionId=26, fileInstanceId=1037, fileRecordId=254793, exceptionType='ERROR', category='DATA ELEMENT', subCategory='Illegal element value.', detail='Loop id 2000 Segment ID: INS Student Status Code [U] must equal one of P,F,N.', subscriberId='00001516412', memberId='02', exceptionCreated=2018-04-25 09:22:25.706}
2018-04-25 09:22:25.754 DEBUG 4655 --- [           main] c.t.c.f.a.loops.LoopTransactionSet       : Delete file instance file record id: 6528558
2018-04-25 09:22:25.755 DEBUG 4655 --- [           main] c.t.c.f.a.loops.LoopTransactionSet       : Delete file instance file record id: 6528559
2018-04-25 09:22:26.141 DEBUG 4655 --- [           main] c.t.c.f.a.loops.LoopTransactionSet       : Saved exception: Exception{exceptionId=364390, fileDefinitionId=26, fileInstanceId=1037, fileRecordId=257949, exceptionType='ERROR', category='DATA ELEMENT', subCategory='Illegal element value.', detail='Loop id 2000 Segment ID: INS Student Status Code [U] must equal one of P,F,N.', subscriberId='00001523144', memberId='02', exceptionCreated=2018-04-25 09:22:26.139}
2018-04-25 09:22:26.142 DEBUG 4655 --- [           main] c.t.c.f.a.loops.LoopTransactionSet       : Saved exception: Exception{exceptionId=364391, fileDefinitionId=26, fileInstanceId=1037, fileRecordId=257950, exceptionType='ERROR', category='DATA ELEMENT', subCategory='Illegal element value.', detail='Loop id 2000 Segment ID: INS Student Status Code [U] must equal one of P,F,N.', subscriberId='00001523144', memberId='04', exceptionCreated=2018-04-25 09:22:26.141}
2018-04-25 09:22:26.201 DEBUG 4655 --- [           main] c.t.c.f.a.loops.LoopTransactionSet       : Delete file instance file record id: 6531713
2018-04-25 09:22:26.201 DEBUG 4655 --- [           main] c.t.c.f.a.loops.LoopTransactionSet       : Delete file instance file record id: 6531714
2018-04-25 09:22:26.201 DEBUG 4655 --- [           main] c.t.c.f.a.loops.LoopTransactionSet       : Delete file instance file record id: 6531715
2018-04-25 09:22:26.201 DEBUG 4655 --- [           main] c.t.c.f.a.loops.LoopTransactionSet       : Delete file instance file record id: 6531716
2018-04-25 09:22:27.126 DEBUG 4655 --- [           main] c.t.c.f.a.loops.LoopTransactionSet       : Saved exception: Exception{exceptionId=364392, fileDefinitionId=26, fileInstanceId=1037, fileRecordId=274489, exceptionType='ERROR', category='DATA ELEMENT', subCategory='Invalid element length.', detail='Loop id 2100A Segment ID: N4 State Code [SOMER] length of 5 exceeds the maximum length of 2', subscriberId='00002040356', memberId='02', exceptionCreated=2018-04-25 09:22:27.124}
2018-04-25 09:22:27.135 DEBUG 4655 --- [           main] c.t.c.f.a.loops.LoopTransactionSet       : Saved exception: Exception{exceptionId=364393, fileDefinitionId=26, fileInstanceId=1037, fileRecordId=263753, exceptionType='ERROR', category='DATA ELEMENT', subCategory='Illegal element value.', detail='Loop id 2000 Segment ID: INS Student Status Code [U] must equal one of P,F,N.', subscriberId='00001536035', memberId='02', exceptionCreated=2018-04-25 09:22:27.134}
2018-04-25 09:22:27.139 DEBUG 4655 --- [           main] c.t.c.f.a.loops.LoopTransactionSet       : Saved exception: Exception{exceptionId=364394, fileDefinitionId=26, fileInstanceId=1037, fileRecordId=255760, exceptionType='ERROR', category='DATA ELEMENT', subCategory='Illegal element value.', detail='Loop id 2000 Segment ID: INS Student Status Code [U] must equal one of P,F,N.', subscriberId='00001518585', memberId='01', exceptionCreated=2018-04-25 09:22:27.139}
2018-04-25 09:22:27.188 DEBUG 4655 --- [           main] c.t.c.f.a.loops.LoopTransactionSet       : Delete file instance file record id: 6548207
2018-04-25 09:22:27.188 DEBUG 4655 --- [           main] c.t.c.f.a.loops.LoopTransactionSet       : Delete file instance file record id: 6548208
2018-04-25 09:22:27.188 DEBUG 4655 --- [           main] c.t.c.f.a.loops.LoopTransactionSet       : Delete file instance file record id: 6548209
2018-04-25 09:22:27.188 DEBUG 4655 --- [           main] c.t.c.f.a.loops.LoopTransactionSet       : Delete file instance file record id: 6548210
2018-04-25 09:22:27.188 DEBUG 4655 --- [           main] c.t.c.f.a.loops.LoopTransactionSet       : Delete file instance file record id: 6548211
2018-04-25 09:22:27.188 DEBUG 4655 --- [           main] c.t.c.f.a.loops.LoopTransactionSet       : Delete file instance file record id: 6548212
2018-04-25 09:22:27.188 DEBUG 4655 --- [           main] c.t.c.f.a.loops.LoopTransactionSet       : Delete file instance file record id: 6537472
2018-04-25 09:22:27.188 DEBUG 4655 --- [           main] c.t.c.f.a.loops.LoopTransactionSet       : Delete file instance file record id: 6537473
2018-04-25 09:22:27.188 DEBUG 4655 --- [           main] c.t.c.f.a.loops.LoopTransactionSet       : Delete file instance file record id: 6529525
2018-04-25 09:22:27.189 DEBUG 4655 --- [           main] c.t.c.f.a.loops.LoopTransactionSet       : Delete file instance file record id: 6529526
2018-04-25 09:22:27.578 DEBUG 4655 --- [           main] c.t.c.f.a.loops.LoopTransactionSet       : Saved exception: Exception{exceptionId=364395, fileDefinitionId=26, fileInstanceId=1037, fileRecordId=259062, exceptionType='ERROR', category='DATA ELEMENT', subCategory='Illegal element value.', detail='Loop id 2000 Segment ID: INS Student Status Code [U] must equal one of P,F,N.', subscriberId='00001524745', memberId='03', exceptionCreated=2018-04-25 09:22:27.576}
2018-04-25 09:22:27.613 DEBUG 4655 --- [           main] c.t.c.f.a.loops.LoopTransactionSet       : Delete file instance file record id: 6532783
2018-04-25 09:22:27.614 DEBUG 4655 --- [           main] c.t.c.f.a.loops.LoopTransactionSet       : Delete file instance file record id: 6532784
2018-04-25 09:22:27.614 DEBUG 4655 --- [           main] c.t.c.f.a.loops.LoopTransactionSet       : Delete file instance file record id: 6532785
2018-04-25 09:22:27.614 DEBUG 4655 --- [           main] c.t.c.f.a.loops.LoopTransactionSet       : Delete file instance file record id: 6532786
2018-04-25 09:22:27.900 DEBUG 4655 --- [           main] c.t.c.f.a.loops.LoopTransactionSet       : Saved exception: Exception{exceptionId=364396, fileDefinitionId=26, fileInstanceId=1037, fileRecordId=261564, exceptionType='ERROR', category='DATA ELEMENT', subCategory='Illegal element value.', detail='Loop id 2000 Segment ID: INS Student Status Code [U] must equal one of P,F,N.', subscriberId='00001529918', memberId='01', exceptionCreated=2018-04-25 09:22:27.899}
2018-04-25 09:22:27.928 DEBUG 4655 --- [           main] c.t.c.f.a.loops.LoopTransactionSet       : Saved exception: Exception{exceptionId=364397, fileDefinitionId=26, fileInstanceId=1037, fileRecordId=263237, exceptionType='ERROR', category='DATA ELEMENT', subCategory='Illegal element value.', detail='Loop id 2000 Segment ID: INS Student Status Code [U] must equal one of P,F,N.', subscriberId='00001534228', memberId='01', exceptionCreated=2018-04-25 09:22:27.926}
2018-04-25 09:22:27.951 DEBUG 4655 --- [           main] c.t.c.f.a.loops.LoopTransactionSet       : Saved exception: Exception{exceptionId=364398, fileDefinitionId=26, fileInstanceId=1037, fileRecordId=257112, exceptionType='ERROR', category='DATA ELEMENT', subCategory='Illegal element value.', detail='Loop id 2000 Segment ID: INS Student Status Code [U] must equal one of P,F,N.', subscriberId='00001521319', memberId='03', exceptionCreated=2018-04-25 09:22:27.95}
2018-04-25 09:22:27.957 DEBUG 4655 --- [           main] c.t.c.f.a.loops.LoopTransactionSet       : Delete file instance file record id: 6535283
2018-04-25 09:22:27.957 DEBUG 4655 --- [           main] c.t.c.f.a.loops.LoopTransactionSet       : Delete file instance file record id: 6535284
2018-04-25 09:22:27.957 DEBUG 4655 --- [           main] c.t.c.f.a.loops.LoopTransactionSet       : Delete file instance file record id: 6536956
2018-04-25 09:22:27.958 DEBUG 4655 --- [           main] c.t.c.f.a.loops.LoopTransactionSet       : Delete file instance file record id: 6536957
2018-04-25 09:22:27.958 DEBUG 4655 --- [           main] c.t.c.f.a.loops.LoopTransactionSet       : Delete file instance file record id: 6530876
2018-04-25 09:22:27.958 DEBUG 4655 --- [           main] c.t.c.f.a.loops.LoopTransactionSet       : Delete file instance file record id: 6530878
2018-04-25 09:22:27.958 DEBUG 4655 --- [           main] c.t.c.f.a.loops.LoopTransactionSet       : Delete file instance file record id: 6530877
2018-04-25 09:22:27.958 DEBUG 4655 --- [           main] c.t.c.f.a.loops.LoopTransactionSet       : Delete file instance file record id: 6530879
2018-04-25 09:22:28.244 DEBUG 4655 --- [           main] c.t.c.f.a.loops.LoopTransactionSet       : Saved exception: Exception{exceptionId=364399, fileDefinitionId=26, fileInstanceId=1037, fileRecordId=261199, exceptionType='ERROR', category='DATA ELEMENT', subCategory='Illegal element value.', detail='Loop id 2000 Segment ID: INS Student Status Code [U] must equal one of P,F,N.', subscriberId='00001529118', memberId='02', exceptionCreated=2018-04-25 09:22:28.243}
2018-04-25 09:22:28.247 DEBUG 4655 --- [           main] c.t.c.f.a.loops.LoopTransactionSet       : Saved exception: Exception{exceptionId=364400, fileDefinitionId=26, fileInstanceId=1037, fileRecordId=254283, exceptionType='ERROR', category='DATA ELEMENT', subCategory='Illegal element value.', detail='Loop id 2000 Segment ID: INS Student Status Code [U] must equal one of P,F,N.', subscriberId='00001514685', memberId='02', exceptionCreated=2018-04-25 09:22:28.247}
2018-04-25 09:22:28.295 DEBUG 4655 --- [           main] c.t.c.f.a.loops.LoopTransactionSet       : Delete file instance file record id: 6534918
2018-04-25 09:22:28.295 DEBUG 4655 --- [           main] c.t.c.f.a.loops.LoopTransactionSet       : Delete file instance file record id: 6534919
2018-04-25 09:22:28.295 DEBUG 4655 --- [           main] c.t.c.f.a.loops.LoopTransactionSet       : Delete file instance file record id: 6528048
2018-04-25 09:22:28.295 DEBUG 4655 --- [           main] c.t.c.f.a.loops.LoopTransactionSet       : Delete file instance file record id: 6528049
2018-04-25 09:22:28.295 DEBUG 4655 --- [           main] c.t.c.f.a.loops.LoopTransactionSet       : Delete file instance file record id: 6528050
2018-04-25 09:22:28.296 DEBUG 4655 --- [           main] c.t.c.f.a.loops.LoopTransactionSet       : Delete file instance file record id: 6528051
2018-04-25 09:22:28.296 DEBUG 4655 --- [           main] c.t.c.f.a.loops.LoopTransactionSet       : Delete file instance file record id: 6528052
2018-04-25 09:22:28.915 DEBUG 4655 --- [           main] c.t.c.f.a.loops.LoopTransactionSet       : Saved exception: Exception{exceptionId=364401, fileDefinitionId=26, fileInstanceId=1037, fileRecordId=260649, exceptionType='ERROR', category='DATA ELEMENT', subCategory='Illegal element value.', detail='Loop id 2000 Segment ID: INS Student Status Code [U] must equal one of P,F,N.', subscriberId='00001527167', memberId='01', exceptionCreated=2018-04-25 09:22:28.914}
2018-04-25 09:22:28.957 DEBUG 4655 --- [           main] c.t.c.f.a.loops.LoopTransactionSet       : Delete file instance file record id: 6534371
2018-04-25 09:22:28.957 DEBUG 4655 --- [           main] c.t.c.f.a.loops.LoopTransactionSet       : Delete file instance file record id: 6534372
2018-04-25 09:22:28.957 DEBUG 4655 --- [           main] c.t.c.f.a.loops.LoopTransactionSet       : Delete file instance file record id: 6534373
2018-04-25 09:22:28.957 DEBUG 4655 --- [           main] c.t.c.f.a.loops.LoopTransactionSet       : Delete file instance file record id: 6534374
2018-04-25 09:22:29.243 DEBUG 4655 --- [           main] c.t.c.f.a.loops.LoopTransactionSet       : Saved exception: Exception{exceptionId=364402, fileDefinitionId=26, fileInstanceId=1037, fileRecordId=258366, exceptionType='ERROR', category='DATA ELEMENT', subCategory='Illegal element value.', detail='Loop id 2000 Segment ID: INS Student Status Code [U] must equal one of P,F,N.', subscriberId='00001523682', memberId='01', exceptionCreated=2018-04-25 09:22:29.242}
2018-04-25 09:22:29.262 DEBUG 4655 --- [           main] c.t.c.f.a.loops.LoopTransactionSet       : Saved exception: Exception{exceptionId=364403, fileDefinitionId=26, fileInstanceId=1037, fileRecordId=260362, exceptionType='ERROR', category='DATA ELEMENT', subCategory='Illegal element value.', detail='Loop id 2000 Segment ID: INS Student Status Code [U] must equal one of P,F,N.', subscriberId='00001526315', memberId='01', exceptionCreated=2018-04-25 09:22:29.261}
2018-04-25 09:22:29.291 DEBUG 4655 --- [           main] c.t.c.f.a.loops.LoopTransactionSet       : Delete file instance file record id: 6532131
2018-04-25 09:22:29.291 DEBUG 4655 --- [           main] c.t.c.f.a.loops.LoopTransactionSet       : Delete file instance file record id: 6532132
2018-04-25 09:22:29.291 DEBUG 4655 --- [           main] c.t.c.f.a.loops.LoopTransactionSet       : Delete file instance file record id: 6534084
2018-04-25 09:22:29.291 DEBUG 4655 --- [           main] c.t.c.f.a.loops.LoopTransactionSet       : Delete file instance file record id: 6534085
2018-04-25 09:22:29.603 DEBUG 4655 --- [           main] c.t.c.f.a.loops.LoopTransactionSet       : Saved exception: Exception{exceptionId=364404, fileDefinitionId=26, fileInstanceId=1037, fileRecordId=256156, exceptionType='ERROR', category='DATA ELEMENT', subCategory='Illegal element value.', detail='Loop id 2000 Segment ID: INS Student Status Code [U] must equal one of P,F,N.', subscriberId='00001519145', memberId='01', exceptionCreated=2018-04-25 09:22:29.601}
2018-04-25 09:22:29.617 DEBUG 4655 --- [           main] c.t.c.f.a.loops.LoopTransactionSet       : Delete file instance file record id: 6529921
2018-04-25 09:22:29.617 DEBUG 4655 --- [           main] c.t.c.f.a.loops.LoopTransactionSet       : Delete file instance file record id: 6529922
2018-04-25 09:22:29.617 DEBUG 4655 --- [           main] c.t.c.f.a.loops.LoopTransactionSet       : Delete file instance file record id: 6529923
2018-04-25 09:22:29.617 DEBUG 4655 --- [           main] c.t.c.f.a.loops.LoopTransactionSet       : Delete file instance file record id: 6529924
2018-04-25 09:22:29.926 DEBUG 4655 --- [           main] c.t.c.f.a.loops.LoopTransactionSet       : Saved exception: Exception{exceptionId=364405, fileDefinitionId=26, fileInstanceId=1037, fileRecordId=262755, exceptionType='ERROR', category='DATA ELEMENT', subCategory='Illegal element value.', detail='Loop id 2000 Segment ID: INS Student Status Code [U] must equal one of P,F,N.', subscriberId='00001533116', memberId='03', exceptionCreated=2018-04-25 09:22:29.925}
2018-04-25 09:22:29.944 DEBUG 4655 --- [           main] c.t.c.f.a.loops.LoopTransactionSet       : Delete file instance file record id: 6536472
2018-04-25 09:22:29.944 DEBUG 4655 --- [           main] c.t.c.f.a.loops.LoopTransactionSet       : Delete file instance file record id: 6536475
2018-04-25 09:22:29.944 DEBUG 4655 --- [           main] c.t.c.f.a.loops.LoopTransactionSet       : Delete file instance file record id: 6536473
2018-04-25 09:22:29.944 DEBUG 4655 --- [           main] c.t.c.f.a.loops.LoopTransactionSet       : Delete file instance file record id: 6536474
2018-04-25 09:22:30.663 DEBUG 4655 --- [           main] c.t.c.f.a.loops.LoopTransactionSet       : Saved exception: Exception{exceptionId=364406, fileDefinitionId=26, fileInstanceId=1037, fileRecordId=261976, exceptionType='ERROR', category='DATA ELEMENT', subCategory='Illegal element value.', detail='Loop id 2000 Segment ID: INS Student Status Code [U] must equal one of P,F,N.', subscriberId='00001531330', memberId='01', exceptionCreated=2018-04-25 09:22:30.662}
2018-04-25 09:22:30.673 DEBUG 4655 --- [           main] c.t.c.f.a.loops.LoopTransactionSet       : Delete file instance file record id: 6535695
2018-04-25 09:22:30.673 DEBUG 4655 --- [           main] c.t.c.f.a.loops.LoopTransactionSet       : Delete file instance file record id: 6535696
2018-04-25 09:22:31.594  INFO 4655 --- [           main] com.trinet.cvf.files.TriNetCvfFilesMain  : Started TriNetCvfFilesMain in 20.861 seconds (JVM running for 21.723)
Wed Apr 25 09:22:31 EDT 2018: TriNet-VSP-834X4 - Get number of subscribers in the file record data tables post file creation.
Wed Apr 25 09:22:32 EDT 2018: Number of subscribers = 10844.
Wed Apr 25 09:22:32 EDT 2018: TriNet-VSP-834X4 - Check exception table for errors.
Wed Apr 25 09:22:33 EDT 2018: Number or errors = 32.
Wed Apr 25 09:22:33 EDT 2018: TriNet-VSP-834X4 - Move target/TriNet-VSP-834X4-20180425-092132.x12 to ../processandarchivefile/incomingqueue/TriNet-VSP-834X4-20180425-092132.x12
Wed Apr 25 09:22:33 EDT 2018: TriNet-VSP-834X4 - Process and archive file ../processandarchivefile/incomingqueue/TriNet-VSP-834X4-20180425-092132.x12
Wed Apr 25 09:22:33 EDT 2018: Creating processed directory archives/TriNet-VSP-834X4/processed.
Wed Apr 25 09:22:33 EDT 2018: Creating failed directory archives/TriNet-VSP-834X4/failed.
Wed Apr 25 09:22:33 EDT 2018: Creating ignored directory archives/TriNet-VSP-834X4/ignored.
Wed Apr 25 09:22:33 EDT 2018: Running process file script using this command: $PROCESSSCRIPTSDIRECTORY/$PROCESSNAME.sh "$INCOMINGFILEPATH"
Wed Apr 25 09:22:33 EDT 2018: TriNet-VSP-834X4 Process - Find file instance id for file TriNet-VSP-834X4-20180425-092132.x12.
Wed Apr 25 09:22:33 EDT 2018: TriNet-VSP-834X4 Process - Create file upload record.
Wed Apr 25 09:22:34 EDT 2018: TriNet-VSP-834X4 Process - Uploading 834 file to none://@:/TriNet-VSP-834X4-20180425-092132.x12
Wed Apr 25 09:22:34 EDT 2018: TriNet-VSP-834X4 Process - File uploaded successfully. Mark the file as sent.
Wed Apr 25 09:22:34 EDT 2018: TriNet-VSP-834X4 Process Done
Wed Apr 25 09:22:34 EDT 2018: Compressing file ../processandarchivefile/incomingqueue/TriNet-VSP-834X4-20180425-092132.x12 for the PROCESSED file archive using bzip2.
Wed Apr 25 09:22:35 EDT 2018: Remove the original file "../processandarchivefile/incomingqueue/TriNet-VSP-834X4-20180425-092132.x12" because the compressed file "../processandarchivefile/incomingqueue/TriNet-VSP-834X4-20180425-092132.x12.bz2" was created.
Wed Apr 25 09:22:35 EDT 2018: Archiving ../processandarchivefile/incomingqueue/TriNet-VSP-834X4-20180425-092132.x12.bz2 as archives/TriNet-VSP-834X4/processed/TriNet-VSP-834X4-20180425-092132.x12.bz2.
Wed Apr 25 09:22:35 EDT 2018: TriNet-VSP-834X4 - Update termination counts.
Wed Apr 25 09:22:36 EDT 2018: TriNet-VSP-834X4 - Update file instance status.
Wed Apr 25 09:22:37 EDT 2018: File generated and sent successfully but 32 error(s) found in the exceptions table. Please check the exceptions table using the following sql and try correct the issues before the next run: select * from ansi5010.exception_view where file_instance_id = 1037;
Wed Apr 25 09:22:37 EDT 2018: TriNet-VSP-834X4 Done
