Thu May 10 01:22:47 EDT 2018: TriNet-VSP-834X4 Starting
Thu May 10 01:22:47 EDT 2018: TriNet-VSP-834X4 - Create file record.
Thu May 10 01:22:49 EDT 2018: File id = 1067
Thu May 10 01:22:49 EDT 2018: TriNet-VSP-834X4 - Create file record data.
Thu May 10 01:23:34 EDT 2018: TriNet-VSP-834X4 - Get number of subscribers in the file record data tables.
Thu May 10 01:23:34 EDT 2018: Number of subscribers = 9786.
Thu May 10 01:23:34 EDT 2018: TriNet-VSP-834X4 - Create file target/TriNet-VSP-834X4-20180510-012247.x12.
2018-05-10 01:23:36.303  INFO 27120 --- [           main] com.trinet.cvf.files.TriNetCvfFilesMain  : Starting TriNetCvfFilesMain v00015 on bib01bredimft01.ux.corp.local with PID 27120 (/opt/trinet/cronprograms/cvf-java-files/lib/com.trinet.cvf.filesimpl-TriNet-VSP-834.jar started by cronjobs in /opt/trinet/util/cronjobs)
2018-05-10 01:23:36.309 DEBUG 27120 --- [           main] com.trinet.cvf.files.TriNetCvfFilesMain  : Running with Spring Boot v1.5.2.RELEASE, Spring v4.3.7.RELEASE
2018-05-10 01:23:36.309  INFO 27120 --- [           main] com.trinet.cvf.files.TriNetCvfFilesMain  : No active profile set, falling back to default profiles: default
2018-05-10 01:23:45.455  INFO 27120 --- [           main] com.trinet.cvf.files.ansi5010.Ansi5010   : Create ANSI5010 file for file id 1067 output to target/TriNet-VSP-834X4-20180510-012247.x12.
2018-05-10 01:23:45.564  INFO 27120 --- [           main] com.trinet.cvf.files.ansi5010.Ansi5010   : File name: VSP 834 X4
2018-05-10 01:23:47.538 DEBUG 27120 --- [           main] c.t.c.f.a.loops.LoopTransactionSet       : Saved exception: Exception{exceptionId=393323, fileDefinitionId=26, fileInstanceId=1067, fileRecordId=261572, exceptionType='ERROR', category='DATA ELEMENT', subCategory='Illegal element value.', detail='Loop id 2000 Segment ID: INS Student Status Code [U] must equal one of P,F,N.', subscriberId='00001529922', memberId='01', exceptionCreated=2018-05-10 01:23:47.534}
2018-05-10 01:23:47.596 DEBUG 27120 --- [           main] c.t.c.f.a.loops.LoopTransactionSet       : Delete file instance file record id: 6772141
2018-05-10 01:23:47.596 DEBUG 27120 --- [           main] c.t.c.f.a.loops.LoopTransactionSet       : Delete file instance file record id: 6772142
2018-05-10 01:23:48.559 DEBUG 27120 --- [           main] c.t.c.f.a.loops.LoopTransactionSet       : Saved exception: Exception{exceptionId=393324, fileDefinitionId=26, fileInstanceId=1067, fileRecordId=252242, exceptionType='ERROR', category='DATA ELEMENT', subCategory='Illegal element value.', detail='Loop id 2000 Segment ID: INS Student Status Code [U] must equal one of P,F,N.', subscriberId='00001511364', memberId='01', exceptionCreated=2018-05-10 01:23:48.557}
2018-05-10 01:23:48.581 DEBUG 27120 --- [           main] c.t.c.f.a.loops.LoopTransactionSet       : Delete file instance file record id: 6763626
2018-05-10 01:23:48.581 DEBUG 27120 --- [           main] c.t.c.f.a.loops.LoopTransactionSet       : Delete file instance file record id: 6763627
2018-05-10 01:23:48.581 DEBUG 27120 --- [           main] c.t.c.f.a.loops.LoopTransactionSet       : Delete file instance file record id: 6763628
2018-05-10 01:23:49.923 DEBUG 27120 --- [           main] c.t.c.f.a.loops.LoopTransactionSet       : Saved exception: Exception{exceptionId=393325, fileDefinitionId=26, fileInstanceId=1067, fileRecordId=261259, exceptionType='ERROR', category='DATA ELEMENT', subCategory='Illegal element value.', detail='Loop id 2000 Segment ID: INS Student Status Code [U] must equal one of P,F,N.', subscriberId='00001529605', memberId='01', exceptionCreated=2018-05-10 01:23:49.92}
2018-05-10 01:23:49.930 DEBUG 27120 --- [           main] c.t.c.f.a.loops.LoopTransactionSet       : Saved exception: Exception{exceptionId=393326, fileDefinitionId=26, fileInstanceId=1067, fileRecordId=257773, exceptionType='ERROR', category='DATA ELEMENT', subCategory='Illegal element value.', detail='Loop id 2000 Segment ID: INS Student Status Code [U] must equal one of P,F,N.', subscriberId='00001522956', memberId='01', exceptionCreated=2018-05-10 01:23:49.928}
2018-05-10 01:23:49.932 DEBUG 27120 --- [           main] c.t.c.f.a.loops.LoopTransactionSet       : Saved exception: Exception{exceptionId=393327, fileDefinitionId=26, fileInstanceId=1067, fileRecordId=253012, exceptionType='ERROR', category='DATA ELEMENT', subCategory='Illegal element value.', detail='Loop id 2000 Segment ID: INS Student Status Code [U] must equal one of P,F,N.', subscriberId='00001512300', memberId='01', exceptionCreated=2018-05-10 01:23:49.931}
2018-05-10 01:23:49.961 DEBUG 27120 --- [           main] c.t.c.f.a.loops.LoopTransactionSet       : Delete file instance file record id: 6771935
2018-05-10 01:23:49.961 DEBUG 27120 --- [           main] c.t.c.f.a.loops.LoopTransactionSet       : Delete file instance file record id: 6771936
2018-05-10 01:23:49.961 DEBUG 27120 --- [           main] c.t.c.f.a.loops.LoopTransactionSet       : Delete file instance file record id: 6771937
2018-05-10 01:23:49.962 DEBUG 27120 --- [           main] c.t.c.f.a.loops.LoopTransactionSet       : Delete file instance file record id: 6768748
2018-05-10 01:23:49.962 DEBUG 27120 --- [           main] c.t.c.f.a.loops.LoopTransactionSet       : Delete file instance file record id: 6768749
2018-05-10 01:23:49.962 DEBUG 27120 --- [           main] c.t.c.f.a.loops.LoopTransactionSet       : Delete file instance file record id: 6764379
2018-05-10 01:23:49.962 DEBUG 27120 --- [           main] c.t.c.f.a.loops.LoopTransactionSet       : Delete file instance file record id: 6764380
2018-05-10 01:23:50.297 DEBUG 27120 --- [           main] c.t.c.f.a.loops.LoopTransactionSet       : Saved exception: Exception{exceptionId=393328, fileDefinitionId=26, fileInstanceId=1067, fileRecordId=261077, exceptionType='ERROR', category='DATA ELEMENT', subCategory='Illegal element value.', detail='Loop id 2000 Segment ID: INS Student Status Code [U] must equal one of P,F,N.', subscriberId='00001528093', memberId='01', exceptionCreated=2018-05-10 01:23:50.295}
2018-05-10 01:23:50.310 DEBUG 27120 --- [           main] c.t.c.f.a.loops.LoopTransactionSet       : Saved exception: Exception{exceptionId=393329, fileDefinitionId=26, fileInstanceId=1067, fileRecordId=257757, exceptionType='ERROR', category='DATA ELEMENT', subCategory='Illegal element value.', detail='Loop id 2000 Segment ID: INS Student Status Code [U] must equal one of P,F,N.', subscriberId='00001522935', memberId='01', exceptionCreated=2018-05-10 01:23:50.308}
2018-05-10 01:23:50.330 DEBUG 27120 --- [           main] c.t.c.f.a.loops.LoopTransactionSet       : Saved exception: Exception{exceptionId=393330, fileDefinitionId=26, fileInstanceId=1067, fileRecordId=263919, exceptionType='ERROR', category='DATA ELEMENT', subCategory='Illegal element value.', detail='Loop id 2000 Segment ID: INS Student Status Code [U] must equal one of P,F,N.', subscriberId='00001536422', memberId='01', exceptionCreated=2018-05-10 01:23:50.329}
2018-05-10 01:23:50.343 DEBUG 27120 --- [           main] c.t.c.f.a.loops.LoopTransactionSet       : Delete file instance file record id: 6771766
2018-05-10 01:23:50.344 DEBUG 27120 --- [           main] c.t.c.f.a.loops.LoopTransactionSet       : Delete file instance file record id: 6771767
2018-05-10 01:23:50.344 DEBUG 27120 --- [           main] c.t.c.f.a.loops.LoopTransactionSet       : Delete file instance file record id: 6768732
2018-05-10 01:23:50.344 DEBUG 27120 --- [           main] c.t.c.f.a.loops.LoopTransactionSet       : Delete file instance file record id: 6768733
2018-05-10 01:23:50.344 DEBUG 27120 --- [           main] c.t.c.f.a.loops.LoopTransactionSet       : Delete file instance file record id: 6768734
2018-05-10 01:23:50.344 DEBUG 27120 --- [           main] c.t.c.f.a.loops.LoopTransactionSet       : Delete file instance file record id: 6768735
2018-05-10 01:23:50.344 DEBUG 27120 --- [           main] c.t.c.f.a.loops.LoopTransactionSet       : Delete file instance file record id: 6774251
2018-05-10 01:23:50.344 DEBUG 27120 --- [           main] c.t.c.f.a.loops.LoopTransactionSet       : Delete file instance file record id: 6774252
2018-05-10 01:23:50.682 DEBUG 27120 --- [           main] c.t.c.f.a.loops.LoopTransactionSet       : Saved exception: Exception{exceptionId=393331, fileDefinitionId=26, fileInstanceId=1067, fileRecordId=262450, exceptionType='ERROR', category='DATA ELEMENT', subCategory='Illegal element value.', detail='Loop id 2000 Segment ID: INS Student Status Code [U] must equal one of P,F,N.', subscriberId='00001532039', memberId='01', exceptionCreated=2018-05-10 01:23:50.68}
2018-05-10 01:23:50.710 DEBUG 27120 --- [           main] c.t.c.f.a.loops.LoopTransactionSet       : Saved exception: Exception{exceptionId=393332, fileDefinitionId=26, fileInstanceId=1067, fileRecordId=270722, exceptionType='ERROR', category='DATA ELEMENT', subCategory='Invalid element length.', detail='Loop id 2100A Segment ID: N4 State Code [NSW] length of 3 exceeds the maximum length of 2', subscriberId='00001924356', memberId='04', exceptionCreated=2018-05-10 01:23:50.708}
2018-05-10 01:23:50.712 DEBUG 27120 --- [           main] c.t.c.f.a.loops.LoopTransactionSet       : Saved exception: Exception{exceptionId=393333, fileDefinitionId=26, fileInstanceId=1067, fileRecordId=270723, exceptionType='ERROR', category='DATA ELEMENT', subCategory='Invalid element length.', detail='Loop id 2100A Segment ID: N4 State Code [NSW] length of 3 exceeds the maximum length of 2', subscriberId='00001924356', memberId='05', exceptionCreated=2018-05-10 01:23:50.711}
2018-05-10 01:23:50.732 DEBUG 27120 --- [           main] c.t.c.f.a.loops.LoopTransactionSet       : Saved exception: Exception{exceptionId=393334, fileDefinitionId=26, fileInstanceId=1067, fileRecordId=258901, exceptionType='ERROR', category='DATA ELEMENT', subCategory='Illegal element value.', detail='Loop id 2000 Segment ID: INS Student Status Code [U] must equal one of P,F,N.', subscriberId='00001524550', memberId='01', exceptionCreated=2018-05-10 01:23:50.731}
2018-05-10 01:23:50.737 DEBUG 27120 --- [           main] c.t.c.f.a.loops.LoopTransactionSet       : Delete file instance file record id: 6772899
2018-05-10 01:23:50.737 DEBUG 27120 --- [           main] c.t.c.f.a.loops.LoopTransactionSet       : Delete file instance file record id: 6772900
2018-05-10 01:23:50.737 DEBUG 27120 --- [           main] c.t.c.f.a.loops.LoopTransactionSet       : Delete file instance file record id: 6780266
2018-05-10 01:23:50.737 DEBUG 27120 --- [           main] c.t.c.f.a.loops.LoopTransactionSet       : Delete file instance file record id: 6780267
2018-05-10 01:23:50.737 DEBUG 27120 --- [           main] c.t.c.f.a.loops.LoopTransactionSet       : Delete file instance file record id: 6780268
2018-05-10 01:23:50.738 DEBUG 27120 --- [           main] c.t.c.f.a.loops.LoopTransactionSet       : Delete file instance file record id: 6780269
2018-05-10 01:23:50.738 DEBUG 27120 --- [           main] c.t.c.f.a.loops.LoopTransactionSet       : Delete file instance file record id: 6780270
2018-05-10 01:23:50.738 DEBUG 27120 --- [           main] c.t.c.f.a.loops.LoopTransactionSet       : Delete file instance file record id: 6769774
2018-05-10 01:23:50.738 DEBUG 27120 --- [           main] c.t.c.f.a.loops.LoopTransactionSet       : Delete file instance file record id: 6769775
2018-05-10 01:23:51.076 DEBUG 27120 --- [           main] c.t.c.f.a.loops.LoopTransactionSet       : Saved exception: Exception{exceptionId=393335, fileDefinitionId=26, fileInstanceId=1067, fileRecordId=261573, exceptionType='ERROR', category='DATA ELEMENT', subCategory='Missing required element.', detail='Loop id 2000 Segment ID: INS Employment Status Code', subscriberId='00001529923', memberId='00001529923', exceptionCreated=2018-05-10 01:23:51.074}
2018-05-10 01:23:51.079 DEBUG 27120 --- [           main] c.t.c.f.a.loops.LoopTransactionSet       : Saved exception: Exception{exceptionId=393336, fileDefinitionId=26, fileInstanceId=1067, fileRecordId=261305, exceptionType='ERROR', category='DATA ELEMENT', subCategory='Illegal element value.', detail='Loop id 2000 Segment ID: INS Student Status Code [U] must equal one of P,F,N.', subscriberId='00001529627', memberId='01', exceptionCreated=2018-05-10 01:23:51.078}
2018-05-10 01:23:51.117 DEBUG 27120 --- [           main] c.t.c.f.a.loops.LoopTransactionSet       : Delete file instance file record id: 6772143
2018-05-10 01:23:51.118 DEBUG 27120 --- [           main] c.t.c.f.a.loops.LoopTransactionSet       : Delete file instance file record id: 6772144
2018-05-10 01:23:51.118 DEBUG 27120 --- [           main] c.t.c.f.a.loops.LoopTransactionSet       : Delete file instance file record id: 6771976
2018-05-10 01:23:51.118 DEBUG 27120 --- [           main] c.t.c.f.a.loops.LoopTransactionSet       : Delete file instance file record id: 6771977
2018-05-10 01:23:51.118 DEBUG 27120 --- [           main] c.t.c.f.a.loops.LoopTransactionSet       : Delete file instance file record id: 6771978
2018-05-10 01:23:51.118 DEBUG 27120 --- [           main] c.t.c.f.a.loops.LoopTransactionSet       : Delete file instance file record id: 6771979
2018-05-10 01:23:51.460 DEBUG 27120 --- [           main] c.t.c.f.a.loops.LoopTransactionSet       : Saved exception: Exception{exceptionId=393337, fileDefinitionId=26, fileInstanceId=1067, fileRecordId=254793, exceptionType='ERROR', category='DATA ELEMENT', subCategory='Illegal element value.', detail='Loop id 2000 Segment ID: INS Student Status Code [U] must equal one of P,F,N.', subscriberId='00001516412', memberId='02', exceptionCreated=2018-05-10 01:23:51.458}
2018-05-10 01:23:51.498 DEBUG 27120 --- [           main] c.t.c.f.a.loops.LoopTransactionSet       : Delete file instance file record id: 6766008
2018-05-10 01:23:51.498 DEBUG 27120 --- [           main] c.t.c.f.a.loops.LoopTransactionSet       : Delete file instance file record id: 6766009
2018-05-10 01:23:51.806 DEBUG 27120 --- [           main] c.t.c.f.a.loops.LoopTransactionSet       : Saved exception: Exception{exceptionId=393338, fileDefinitionId=26, fileInstanceId=1067, fileRecordId=257949, exceptionType='ERROR', category='DATA ELEMENT', subCategory='Illegal element value.', detail='Loop id 2000 Segment ID: INS Student Status Code [U] must equal one of P,F,N.', subscriberId='00001523144', memberId='02', exceptionCreated=2018-05-10 01:23:51.805}
2018-05-10 01:23:51.808 DEBUG 27120 --- [           main] c.t.c.f.a.loops.LoopTransactionSet       : Saved exception: Exception{exceptionId=393339, fileDefinitionId=26, fileInstanceId=1067, fileRecordId=257950, exceptionType='ERROR', category='DATA ELEMENT', subCategory='Illegal element value.', detail='Loop id 2000 Segment ID: INS Student Status Code [U] must equal one of P,F,N.', subscriberId='00001523144', memberId='04', exceptionCreated=2018-05-10 01:23:51.807}
2018-05-10 01:23:51.859 DEBUG 27120 --- [           main] c.t.c.f.a.loops.LoopTransactionSet       : Delete file instance file record id: 6768910
2018-05-10 01:23:51.860 DEBUG 27120 --- [           main] c.t.c.f.a.loops.LoopTransactionSet       : Delete file instance file record id: 6768911
2018-05-10 01:23:51.860 DEBUG 27120 --- [           main] c.t.c.f.a.loops.LoopTransactionSet       : Delete file instance file record id: 6768912
2018-05-10 01:23:51.860 DEBUG 27120 --- [           main] c.t.c.f.a.loops.LoopTransactionSet       : Delete file instance file record id: 6768913
2018-05-10 01:23:52.466 DEBUG 27120 --- [           main] c.t.c.f.a.loops.LoopTransactionSet       : Saved exception: Exception{exceptionId=393340, fileDefinitionId=26, fileInstanceId=1067, fileRecordId=274489, exceptionType='ERROR', category='DATA ELEMENT', subCategory='Invalid element length.', detail='Loop id 2100A Segment ID: N4 State Code [SOMER] length of 5 exceeds the maximum length of 2', subscriberId='00002040356', memberId='02', exceptionCreated=2018-05-10 01:23:52.464}
2018-05-10 01:23:52.474 DEBUG 27120 --- [           main] c.t.c.f.a.loops.LoopTransactionSet       : Saved exception: Exception{exceptionId=393341, fileDefinitionId=26, fileInstanceId=1067, fileRecordId=263753, exceptionType='ERROR', category='DATA ELEMENT', subCategory='Illegal element value.', detail='Loop id 2000 Segment ID: INS Student Status Code [U] must equal one of P,F,N.', subscriberId='00001536035', memberId='02', exceptionCreated=2018-05-10 01:23:52.472}
2018-05-10 01:23:52.477 DEBUG 27120 --- [           main] c.t.c.f.a.loops.LoopTransactionSet       : Saved exception: Exception{exceptionId=393342, fileDefinitionId=26, fileInstanceId=1067, fileRecordId=255760, exceptionType='ERROR', category='DATA ELEMENT', subCategory='Illegal element value.', detail='Loop id 2000 Segment ID: INS Student Status Code [U] must equal one of P,F,N.', subscriberId='00001518585', memberId='01', exceptionCreated=2018-05-10 01:23:52.476}
2018-05-10 01:23:52.526 DEBUG 27120 --- [           main] c.t.c.f.a.loops.LoopTransactionSet       : Delete file instance file record id: 6783631
2018-05-10 01:23:52.527 DEBUG 27120 --- [           main] c.t.c.f.a.loops.LoopTransactionSet       : Delete file instance file record id: 6783632
2018-05-10 01:23:52.527 DEBUG 27120 --- [           main] c.t.c.f.a.loops.LoopTransactionSet       : Delete file instance file record id: 6783633
2018-05-10 01:23:52.527 DEBUG 27120 --- [           main] c.t.c.f.a.loops.LoopTransactionSet       : Delete file instance file record id: 6783634
2018-05-10 01:23:52.527 DEBUG 27120 --- [           main] c.t.c.f.a.loops.LoopTransactionSet       : Delete file instance file record id: 6783635
2018-05-10 01:23:52.527 DEBUG 27120 --- [           main] c.t.c.f.a.loops.LoopTransactionSet       : Delete file instance file record id: 6783636
2018-05-10 01:23:52.527 DEBUG 27120 --- [           main] c.t.c.f.a.loops.LoopTransactionSet       : Delete file instance file record id: 6774097
2018-05-10 01:23:52.527 DEBUG 27120 --- [           main] c.t.c.f.a.loops.LoopTransactionSet       : Delete file instance file record id: 6774098
2018-05-10 01:23:52.527 DEBUG 27120 --- [           main] c.t.c.f.a.loops.LoopTransactionSet       : Delete file instance file record id: 6766856
2018-05-10 01:23:52.527 DEBUG 27120 --- [           main] c.t.c.f.a.loops.LoopTransactionSet       : Delete file instance file record id: 6766857
2018-05-10 01:23:52.804 DEBUG 27120 --- [           main] c.t.c.f.a.loops.LoopTransactionSet       : Saved exception: Exception{exceptionId=393343, fileDefinitionId=26, fileInstanceId=1067, fileRecordId=259062, exceptionType='ERROR', category='DATA ELEMENT', subCategory='Illegal element value.', detail='Loop id 2000 Segment ID: INS Student Status Code [U] must equal one of P,F,N.', subscriberId='00001524745', memberId='03', exceptionCreated=2018-05-10 01:23:52.803}
2018-05-10 01:23:52.843 DEBUG 27120 --- [           main] c.t.c.f.a.loops.LoopTransactionSet       : Saved exception: Exception{exceptionId=393344, fileDefinitionId=26, fileInstanceId=1067, fileRecordId=261564, exceptionType='ERROR', category='DATA ELEMENT', subCategory='Illegal element value.', detail='Loop id 2000 Segment ID: INS Student Status Code [U] must equal one of P,F,N.', subscriberId='00001529918', memberId='01', exceptionCreated=2018-05-10 01:23:52.841}
2018-05-10 01:23:52.861 DEBUG 27120 --- [           main] c.t.c.f.a.loops.LoopTransactionSet       : Delete file instance file record id: 6769925
2018-05-10 01:23:52.862 DEBUG 27120 --- [           main] c.t.c.f.a.loops.LoopTransactionSet       : Delete file instance file record id: 6769926
2018-05-10 01:23:52.862 DEBUG 27120 --- [           main] c.t.c.f.a.loops.LoopTransactionSet       : Delete file instance file record id: 6769927
2018-05-10 01:23:52.862 DEBUG 27120 --- [           main] c.t.c.f.a.loops.LoopTransactionSet       : Delete file instance file record id: 6769928
2018-05-10 01:23:52.862 DEBUG 27120 --- [           main] c.t.c.f.a.loops.LoopTransactionSet       : Delete file instance file record id: 6772133
2018-05-10 01:23:52.862 DEBUG 27120 --- [           main] c.t.c.f.a.loops.LoopTransactionSet       : Delete file instance file record id: 6772134
2018-05-10 01:23:53.213 DEBUG 27120 --- [           main] c.t.c.f.a.loops.LoopTransactionSet       : Saved exception: Exception{exceptionId=393345, fileDefinitionId=26, fileInstanceId=1067, fileRecordId=263237, exceptionType='ERROR', category='DATA ELEMENT', subCategory='Illegal element value.', detail='Loop id 2000 Segment ID: INS Student Status Code [U] must equal one of P,F,N.', subscriberId='00001534228', memberId='01', exceptionCreated=2018-05-10 01:23:53.211}
2018-05-10 01:23:53.235 DEBUG 27120 --- [           main] c.t.c.f.a.loops.LoopTransactionSet       : Saved exception: Exception{exceptionId=393346, fileDefinitionId=26, fileInstanceId=1067, fileRecordId=257112, exceptionType='ERROR', category='DATA ELEMENT', subCategory='Illegal element value.', detail='Loop id 2000 Segment ID: INS Student Status Code [U] must equal one of P,F,N.', subscriberId='00001521319', memberId='03', exceptionCreated=2018-05-10 01:23:53.233}
2018-05-10 01:23:53.248 DEBUG 27120 --- [           main] c.t.c.f.a.loops.LoopTransactionSet       : Saved exception: Exception{exceptionId=393347, fileDefinitionId=26, fileInstanceId=1067, fileRecordId=261199, exceptionType='ERROR', category='DATA ELEMENT', subCategory='Illegal element value.', detail='Loop id 2000 Segment ID: INS Student Status Code [U] must equal one of P,F,N.', subscriberId='00001529118', memberId='02', exceptionCreated=2018-05-10 01:23:53.246}
2018-05-10 01:23:53.251 DEBUG 27120 --- [           main] c.t.c.f.a.loops.LoopTransactionSet       : Saved exception: Exception{exceptionId=393348, fileDefinitionId=26, fileInstanceId=1067, fileRecordId=254283, exceptionType='ERROR', category='DATA ELEMENT', subCategory='Illegal element value.', detail='Loop id 2000 Segment ID: INS Student Status Code [U] must equal one of P,F,N.', subscriberId='00001514685', memberId='02', exceptionCreated=2018-05-10 01:23:53.251}
2018-05-10 01:23:53.269 DEBUG 27120 --- [           main] c.t.c.f.a.loops.LoopTransactionSet       : Delete file instance file record id: 6773644
2018-05-10 01:23:53.270 DEBUG 27120 --- [           main] c.t.c.f.a.loops.LoopTransactionSet       : Delete file instance file record id: 6773645
2018-05-10 01:23:53.270 DEBUG 27120 --- [           main] c.t.c.f.a.loops.LoopTransactionSet       : Delete file instance file record id: 6768122
2018-05-10 01:23:53.270 DEBUG 27120 --- [           main] c.t.c.f.a.loops.LoopTransactionSet       : Delete file instance file record id: 6768124
2018-05-10 01:23:53.270 DEBUG 27120 --- [           main] c.t.c.f.a.loops.LoopTransactionSet       : Delete file instance file record id: 6768123
2018-05-10 01:23:53.270 DEBUG 27120 --- [           main] c.t.c.f.a.loops.LoopTransactionSet       : Delete file instance file record id: 6768125
2018-05-10 01:23:53.270 DEBUG 27120 --- [           main] c.t.c.f.a.loops.LoopTransactionSet       : Delete file instance file record id: 6771883
2018-05-10 01:23:53.270 DEBUG 27120 --- [           main] c.t.c.f.a.loops.LoopTransactionSet       : Delete file instance file record id: 6771884
2018-05-10 01:23:53.270 DEBUG 27120 --- [           main] c.t.c.f.a.loops.LoopTransactionSet       : Delete file instance file record id: 6765544
2018-05-10 01:23:53.270 DEBUG 27120 --- [           main] c.t.c.f.a.loops.LoopTransactionSet       : Delete file instance file record id: 6765545
2018-05-10 01:23:53.270 DEBUG 27120 --- [           main] c.t.c.f.a.loops.LoopTransactionSet       : Delete file instance file record id: 6765546
2018-05-10 01:23:53.270 DEBUG 27120 --- [           main] c.t.c.f.a.loops.LoopTransactionSet       : Delete file instance file record id: 6765547
2018-05-10 01:23:53.270 DEBUG 27120 --- [           main] c.t.c.f.a.loops.LoopTransactionSet       : Delete file instance file record id: 6765548
2018-05-10 01:23:53.915 DEBUG 27120 --- [           main] c.t.c.f.a.loops.LoopTransactionSet       : Saved exception: Exception{exceptionId=393349, fileDefinitionId=26, fileInstanceId=1067, fileRecordId=260649, exceptionType='ERROR', category='DATA ELEMENT', subCategory='Illegal element value.', detail='Loop id 2000 Segment ID: INS Student Status Code [U] must equal one of P,F,N.', subscriberId='00001527167', memberId='01', exceptionCreated=2018-05-10 01:23:53.913}
2018-05-10 01:23:53.940 DEBUG 27120 --- [           main] c.t.c.f.a.loops.LoopTransactionSet       : Delete file instance file record id: 6771367
2018-05-10 01:23:53.941 DEBUG 27120 --- [           main] c.t.c.f.a.loops.LoopTransactionSet       : Delete file instance file record id: 6771368
2018-05-10 01:23:53.941 DEBUG 27120 --- [           main] c.t.c.f.a.loops.LoopTransactionSet       : Delete file instance file record id: 6771369
2018-05-10 01:23:53.941 DEBUG 27120 --- [           main] c.t.c.f.a.loops.LoopTransactionSet       : Delete file instance file record id: 6771370
2018-05-10 01:23:54.240 DEBUG 27120 --- [           main] c.t.c.f.a.loops.LoopTransactionSet       : Saved exception: Exception{exceptionId=393350, fileDefinitionId=26, fileInstanceId=1067, fileRecordId=258366, exceptionType='ERROR', category='DATA ELEMENT', subCategory='Illegal element value.', detail='Loop id 2000 Segment ID: INS Student Status Code [U] must equal one of P,F,N.', subscriberId='00001523682', memberId='01', exceptionCreated=2018-05-10 01:23:54.239}
2018-05-10 01:23:54.263 DEBUG 27120 --- [           main] c.t.c.f.a.loops.LoopTransactionSet       : Saved exception: Exception{exceptionId=393351, fileDefinitionId=26, fileInstanceId=1067, fileRecordId=260362, exceptionType='ERROR', category='DATA ELEMENT', subCategory='Illegal element value.', detail='Loop id 2000 Segment ID: INS Student Status Code [U] must equal one of P,F,N.', subscriberId='00001526315', memberId='01', exceptionCreated=2018-05-10 01:23:54.262}
2018-05-10 01:23:54.288 DEBUG 27120 --- [           main] c.t.c.f.a.loops.LoopTransactionSet       : Delete file instance file record id: 6769257
2018-05-10 01:23:54.288 DEBUG 27120 --- [           main] c.t.c.f.a.loops.LoopTransactionSet       : Delete file instance file record id: 6769258
2018-05-10 01:23:54.289 DEBUG 27120 --- [           main] c.t.c.f.a.loops.LoopTransactionSet       : Delete file instance file record id: 6771104
2018-05-10 01:23:54.289 DEBUG 27120 --- [           main] c.t.c.f.a.loops.LoopTransactionSet       : Delete file instance file record id: 6771105
2018-05-10 01:23:54.609 DEBUG 27120 --- [           main] c.t.c.f.a.loops.LoopTransactionSet       : Saved exception: Exception{exceptionId=393352, fileDefinitionId=26, fileInstanceId=1067, fileRecordId=256156, exceptionType='ERROR', category='DATA ELEMENT', subCategory='Illegal element value.', detail='Loop id 2000 Segment ID: INS Student Status Code [U] must equal one of P,F,N.', subscriberId='00001519145', memberId='01', exceptionCreated=2018-05-10 01:23:54.607}
2018-05-10 01:23:54.628 DEBUG 27120 --- [           main] c.t.c.f.a.loops.LoopTransactionSet       : Delete file instance file record id: 6767228
2018-05-10 01:23:54.629 DEBUG 27120 --- [           main] c.t.c.f.a.loops.LoopTransactionSet       : Delete file instance file record id: 6767229
2018-05-10 01:23:54.629 DEBUG 27120 --- [           main] c.t.c.f.a.loops.LoopTransactionSet       : Delete file instance file record id: 6767230
2018-05-10 01:23:54.629 DEBUG 27120 --- [           main] c.t.c.f.a.loops.LoopTransactionSet       : Delete file instance file record id: 6767231
2018-05-10 01:23:54.944 DEBUG 27120 --- [           main] c.t.c.f.a.loops.LoopTransactionSet       : Saved exception: Exception{exceptionId=393353, fileDefinitionId=26, fileInstanceId=1067, fileRecordId=262755, exceptionType='ERROR', category='DATA ELEMENT', subCategory='Illegal element value.', detail='Loop id 2000 Segment ID: INS Student Status Code [U] must equal one of P,F,N.', subscriberId='00001533116', memberId='03', exceptionCreated=2018-05-10 01:23:54.943}
2018-05-10 01:23:54.970 DEBUG 27120 --- [           main] c.t.c.f.a.loops.LoopTransactionSet       : Delete file instance file record id: 6773193
2018-05-10 01:23:54.971 DEBUG 27120 --- [           main] c.t.c.f.a.loops.LoopTransactionSet       : Delete file instance file record id: 6773196
2018-05-10 01:23:54.971 DEBUG 27120 --- [           main] c.t.c.f.a.loops.LoopTransactionSet       : Delete file instance file record id: 6773194
2018-05-10 01:23:54.971 DEBUG 27120 --- [           main] c.t.c.f.a.loops.LoopTransactionSet       : Delete file instance file record id: 6773195
2018-05-10 01:23:55.626 DEBUG 27120 --- [           main] c.t.c.f.a.loops.LoopTransactionSet       : Saved exception: Exception{exceptionId=393354, fileDefinitionId=26, fileInstanceId=1067, fileRecordId=261976, exceptionType='ERROR', category='DATA ELEMENT', subCategory='Illegal element value.', detail='Loop id 2000 Segment ID: INS Student Status Code [U] must equal one of P,F,N.', subscriberId='00001531330', memberId='01', exceptionCreated=2018-05-10 01:23:55.624}
2018-05-10 01:23:55.653 DEBUG 27120 --- [           main] c.t.c.f.a.loops.LoopTransactionSet       : Delete file instance file record id: 6772444
2018-05-10 01:23:55.653 DEBUG 27120 --- [           main] c.t.c.f.a.loops.LoopTransactionSet       : Delete file instance file record id: 6772445
2018-05-10 01:23:56.358  INFO 27120 --- [           main] com.trinet.cvf.files.TriNetCvfFilesMain  : Started TriNetCvfFilesMain in 20.657 seconds (JVM running for 21.384)
Thu May 10 01:23:56 EDT 2018: TriNet-VSP-834X4 - Get number of subscribers in the file record data tables post file creation.
Thu May 10 01:23:57 EDT 2018: Number of subscribers = 9756.
Thu May 10 01:23:57 EDT 2018: TriNet-VSP-834X4 - Check exception table for errors.
Thu May 10 01:23:58 EDT 2018: Number or errors = 32.
Thu May 10 01:23:58 EDT 2018: TriNet-VSP-834X4 - Move target/TriNet-VSP-834X4-20180510-012247.x12 to ../processandarchivefile/incomingqueue/TriNet-VSP-834X4-20180510-012247.x12
Thu May 10 01:23:58 EDT 2018: TriNet-VSP-834X4 - Process and archive file ../processandarchivefile/incomingqueue/TriNet-VSP-834X4-20180510-012247.x12
Thu May 10 01:23:58 EDT 2018: Running process file script using this command: $PROCESSSCRIPTSDIRECTORY/$PROCESSNAME.sh "$INCOMINGFILEPATH"
Thu May 10 01:23:58 EDT 2018: TriNet-VSP-834X4 Process - Find file instance id for file TriNet-VSP-834X4-20180510-012247.x12.
Thu May 10 01:23:59 EDT 2018: TriNet-VSP-834X4 Process - Create file upload record.
Thu May 10 01:24:00 EDT 2018: TriNet-VSP-834X4 Process - Uploading 834 file to none://@:/TriNet-VSP-834X4-20180510-012247.x12
Thu May 10 01:24:00 EDT 2018: TriNet-VSP-834X4 Process - File uploaded successfully. Mark the file as sent.
Thu May 10 01:24:00 EDT 2018: TriNet-VSP-834X4 Process Done
Thu May 10 01:24:00 EDT 2018: Compressing file ../processandarchivefile/incomingqueue/TriNet-VSP-834X4-20180510-012247.x12 for the PROCESSED file archive using bzip2.
Thu May 10 01:24:01 EDT 2018: Remove the original file "../processandarchivefile/incomingqueue/TriNet-VSP-834X4-20180510-012247.x12" because the compressed file "../processandarchivefile/incomingqueue/TriNet-VSP-834X4-20180510-012247.x12.bz2" was created.
Thu May 10 01:24:01 EDT 2018: Archiving ../processandarchivefile/incomingqueue/TriNet-VSP-834X4-20180510-012247.x12.bz2 as archives/TriNet-VSP-834X4/processed/TriNet-VSP-834X4-20180510-012247.x12.bz2.
Thu May 10 01:24:01 EDT 2018: TriNet-VSP-834X4 - Update termination counts.
Thu May 10 01:24:02 EDT 2018: TriNet-VSP-834X4 - Update file instance status.
Thu May 10 01:24:02 EDT 2018: File generated and sent successfully but 32 error(s) found in the exceptions table. Please check the exceptions table using the following sql and try correct the issues before the next run: select * from ansi5010.exception_view where file_instance_id = 1067;
Thu May 10 01:24:02 EDT 2018: TriNet-VSP-834X4 Done
