Thu May 10 03:05:32 EDT 2018: TriNet-VSP-834X4 Starting
Thu May 10 03:05:33 EDT 2018: TriNet-VSP-834X4 - Create file record.
Thu May 10 03:05:33 EDT 2018: File id = 1069
Thu May 10 03:05:33 EDT 2018: TriNet-VSP-834X4 - Create file record data.
Thu May 10 03:05:50 EDT 2018: TriNet-VSP-834X4 - Get number of subscribers in the file record data tables.
Thu May 10 03:05:51 EDT 2018: Number of subscribers = 9786.
Thu May 10 03:05:51 EDT 2018: TriNet-VSP-834X4 - Create file target/TriNet-VSP-834X4-20180510-030532.x12.
2018-05-10 03:05:53.011  INFO 13061 --- [           main] com.trinet.cvf.files.TriNetCvfFilesMain  : Starting TriNetCvfFilesMain v00015 on bib01bredimft01.ux.corp.local with PID 13061 (/opt/trinet/cronprograms/cvf-java-files/lib/com.trinet.cvf.filesimpl-TriNet-VSP-834.jar started by cronjobs in /opt/trinet/util/cronjobs)
2018-05-10 03:05:53.019 DEBUG 13061 --- [           main] com.trinet.cvf.files.TriNetCvfFilesMain  : Running with Spring Boot v1.5.2.RELEASE, Spring v4.3.7.RELEASE
2018-05-10 03:05:53.020  INFO 13061 --- [           main] com.trinet.cvf.files.TriNetCvfFilesMain  : No active profile set, falling back to default profiles: default
2018-05-10 03:06:02.231  INFO 13061 --- [           main] com.trinet.cvf.files.ansi5010.Ansi5010   : Create ANSI5010 file for file id 1069 output to target/TriNet-VSP-834X4-20180510-030532.x12.
2018-05-10 03:06:02.356  INFO 13061 --- [           main] com.trinet.cvf.files.ansi5010.Ansi5010   : File name: VSP 834 X4
2018-05-10 03:06:04.329 DEBUG 13061 --- [           main] c.t.c.f.a.loops.LoopTransactionSet       : Saved exception: Exception{exceptionId=393387, fileDefinitionId=26, fileInstanceId=1069, fileRecordId=261572, exceptionType='ERROR', category='DATA ELEMENT', subCategory='Illegal element value.', detail='Loop id 2000 Segment ID: INS Student Status Code [U] must equal one of P,F,N.', subscriberId='00001529922', memberId='01', exceptionCreated=2018-05-10 03:06:04.325}
2018-05-10 03:06:04.389 DEBUG 13061 --- [           main] c.t.c.f.a.loops.LoopTransactionSet       : Delete file instance file record id: 6818241
2018-05-10 03:06:04.390 DEBUG 13061 --- [           main] c.t.c.f.a.loops.LoopTransactionSet       : Delete file instance file record id: 6818242
2018-05-10 03:06:05.338 DEBUG 13061 --- [           main] c.t.c.f.a.loops.LoopTransactionSet       : Saved exception: Exception{exceptionId=393388, fileDefinitionId=26, fileInstanceId=1069, fileRecordId=252242, exceptionType='ERROR', category='DATA ELEMENT', subCategory='Illegal element value.', detail='Loop id 2000 Segment ID: INS Student Status Code [U] must equal one of P,F,N.', subscriberId='00001511364', memberId='01', exceptionCreated=2018-05-10 03:06:05.336}
2018-05-10 03:06:05.361 DEBUG 13061 --- [           main] c.t.c.f.a.loops.LoopTransactionSet       : Delete file instance file record id: 6809726
2018-05-10 03:06:05.361 DEBUG 13061 --- [           main] c.t.c.f.a.loops.LoopTransactionSet       : Delete file instance file record id: 6809727
2018-05-10 03:06:05.361 DEBUG 13061 --- [           main] c.t.c.f.a.loops.LoopTransactionSet       : Delete file instance file record id: 6809728
2018-05-10 03:06:06.872 DEBUG 13061 --- [           main] c.t.c.f.a.loops.LoopTransactionSet       : Saved exception: Exception{exceptionId=393389, fileDefinitionId=26, fileInstanceId=1069, fileRecordId=261259, exceptionType='ERROR', category='DATA ELEMENT', subCategory='Illegal element value.', detail='Loop id 2000 Segment ID: INS Student Status Code [U] must equal one of P,F,N.', subscriberId='00001529605', memberId='01', exceptionCreated=2018-05-10 03:06:06.87}
2018-05-10 03:06:06.879 DEBUG 13061 --- [           main] c.t.c.f.a.loops.LoopTransactionSet       : Saved exception: Exception{exceptionId=393390, fileDefinitionId=26, fileInstanceId=1069, fileRecordId=257773, exceptionType='ERROR', category='DATA ELEMENT', subCategory='Illegal element value.', detail='Loop id 2000 Segment ID: INS Student Status Code [U] must equal one of P,F,N.', subscriberId='00001522956', memberId='01', exceptionCreated=2018-05-10 03:06:06.876}
2018-05-10 03:06:06.891 DEBUG 13061 --- [           main] c.t.c.f.a.loops.LoopTransactionSet       : Saved exception: Exception{exceptionId=393391, fileDefinitionId=26, fileInstanceId=1069, fileRecordId=253012, exceptionType='ERROR', category='DATA ELEMENT', subCategory='Illegal element value.', detail='Loop id 2000 Segment ID: INS Student Status Code [U] must equal one of P,F,N.', subscriberId='00001512300', memberId='01', exceptionCreated=2018-05-10 03:06:06.889}
2018-05-10 03:06:06.923 DEBUG 13061 --- [           main] c.t.c.f.a.loops.LoopTransactionSet       : Delete file instance file record id: 6818035
2018-05-10 03:06:06.923 DEBUG 13061 --- [           main] c.t.c.f.a.loops.LoopTransactionSet       : Delete file instance file record id: 6818036
2018-05-10 03:06:06.923 DEBUG 13061 --- [           main] c.t.c.f.a.loops.LoopTransactionSet       : Delete file instance file record id: 6818037
2018-05-10 03:06:06.923 DEBUG 13061 --- [           main] c.t.c.f.a.loops.LoopTransactionSet       : Delete file instance file record id: 6814848
2018-05-10 03:06:06.923 DEBUG 13061 --- [           main] c.t.c.f.a.loops.LoopTransactionSet       : Delete file instance file record id: 6814849
2018-05-10 03:06:06.923 DEBUG 13061 --- [           main] c.t.c.f.a.loops.LoopTransactionSet       : Delete file instance file record id: 6810479
2018-05-10 03:06:06.923 DEBUG 13061 --- [           main] c.t.c.f.a.loops.LoopTransactionSet       : Delete file instance file record id: 6810480
2018-05-10 03:06:07.318 DEBUG 13061 --- [           main] c.t.c.f.a.loops.LoopTransactionSet       : Saved exception: Exception{exceptionId=393392, fileDefinitionId=26, fileInstanceId=1069, fileRecordId=261077, exceptionType='ERROR', category='DATA ELEMENT', subCategory='Illegal element value.', detail='Loop id 2000 Segment ID: INS Student Status Code [U] must equal one of P,F,N.', subscriberId='00001528093', memberId='01', exceptionCreated=2018-05-10 03:06:07.316}
2018-05-10 03:06:07.335 DEBUG 13061 --- [           main] c.t.c.f.a.loops.LoopTransactionSet       : Saved exception: Exception{exceptionId=393393, fileDefinitionId=26, fileInstanceId=1069, fileRecordId=257757, exceptionType='ERROR', category='DATA ELEMENT', subCategory='Illegal element value.', detail='Loop id 2000 Segment ID: INS Student Status Code [U] must equal one of P,F,N.', subscriberId='00001522935', memberId='01', exceptionCreated=2018-05-10 03:06:07.334}
2018-05-10 03:06:07.358 DEBUG 13061 --- [           main] c.t.c.f.a.loops.LoopTransactionSet       : Saved exception: Exception{exceptionId=393394, fileDefinitionId=26, fileInstanceId=1069, fileRecordId=263919, exceptionType='ERROR', category='DATA ELEMENT', subCategory='Illegal element value.', detail='Loop id 2000 Segment ID: INS Student Status Code [U] must equal one of P,F,N.', subscriberId='00001536422', memberId='01', exceptionCreated=2018-05-10 03:06:07.356}
2018-05-10 03:06:07.370 DEBUG 13061 --- [           main] c.t.c.f.a.loops.LoopTransactionSet       : Delete file instance file record id: 6817866
2018-05-10 03:06:07.371 DEBUG 13061 --- [           main] c.t.c.f.a.loops.LoopTransactionSet       : Delete file instance file record id: 6817867
2018-05-10 03:06:07.371 DEBUG 13061 --- [           main] c.t.c.f.a.loops.LoopTransactionSet       : Delete file instance file record id: 6814832
2018-05-10 03:06:07.371 DEBUG 13061 --- [           main] c.t.c.f.a.loops.LoopTransactionSet       : Delete file instance file record id: 6814833
2018-05-10 03:06:07.371 DEBUG 13061 --- [           main] c.t.c.f.a.loops.LoopTransactionSet       : Delete file instance file record id: 6814834
2018-05-10 03:06:07.371 DEBUG 13061 --- [           main] c.t.c.f.a.loops.LoopTransactionSet       : Delete file instance file record id: 6814835
2018-05-10 03:06:07.372 DEBUG 13061 --- [           main] c.t.c.f.a.loops.LoopTransactionSet       : Delete file instance file record id: 6820351
2018-05-10 03:06:07.372 DEBUG 13061 --- [           main] c.t.c.f.a.loops.LoopTransactionSet       : Delete file instance file record id: 6820352
2018-05-10 03:06:07.722 DEBUG 13061 --- [           main] c.t.c.f.a.loops.LoopTransactionSet       : Saved exception: Exception{exceptionId=393395, fileDefinitionId=26, fileInstanceId=1069, fileRecordId=262450, exceptionType='ERROR', category='DATA ELEMENT', subCategory='Illegal element value.', detail='Loop id 2000 Segment ID: INS Student Status Code [U] must equal one of P,F,N.', subscriberId='00001532039', memberId='01', exceptionCreated=2018-05-10 03:06:07.72}
2018-05-10 03:06:07.748 DEBUG 13061 --- [           main] c.t.c.f.a.loops.LoopTransactionSet       : Saved exception: Exception{exceptionId=393396, fileDefinitionId=26, fileInstanceId=1069, fileRecordId=270722, exceptionType='ERROR', category='DATA ELEMENT', subCategory='Invalid element length.', detail='Loop id 2100A Segment ID: N4 State Code [NSW] length of 3 exceeds the maximum length of 2', subscriberId='00001924356', memberId='04', exceptionCreated=2018-05-10 03:06:07.747}
2018-05-10 03:06:07.750 DEBUG 13061 --- [           main] c.t.c.f.a.loops.LoopTransactionSet       : Saved exception: Exception{exceptionId=393397, fileDefinitionId=26, fileInstanceId=1069, fileRecordId=270723, exceptionType='ERROR', category='DATA ELEMENT', subCategory='Invalid element length.', detail='Loop id 2100A Segment ID: N4 State Code [NSW] length of 3 exceeds the maximum length of 2', subscriberId='00001924356', memberId='05', exceptionCreated=2018-05-10 03:06:07.749}
2018-05-10 03:06:07.768 DEBUG 13061 --- [           main] c.t.c.f.a.loops.LoopTransactionSet       : Saved exception: Exception{exceptionId=393398, fileDefinitionId=26, fileInstanceId=1069, fileRecordId=258901, exceptionType='ERROR', category='DATA ELEMENT', subCategory='Illegal element value.', detail='Loop id 2000 Segment ID: INS Student Status Code [U] must equal one of P,F,N.', subscriberId='00001524550', memberId='01', exceptionCreated=2018-05-10 03:06:07.767}
2018-05-10 03:06:07.773 DEBUG 13061 --- [           main] c.t.c.f.a.loops.LoopTransactionSet       : Delete file instance file record id: 6818999
2018-05-10 03:06:07.773 DEBUG 13061 --- [           main] c.t.c.f.a.loops.LoopTransactionSet       : Delete file instance file record id: 6819000
2018-05-10 03:06:07.773 DEBUG 13061 --- [           main] c.t.c.f.a.loops.LoopTransactionSet       : Delete file instance file record id: 6826366
2018-05-10 03:06:07.773 DEBUG 13061 --- [           main] c.t.c.f.a.loops.LoopTransactionSet       : Delete file instance file record id: 6826367
2018-05-10 03:06:07.773 DEBUG 13061 --- [           main] c.t.c.f.a.loops.LoopTransactionSet       : Delete file instance file record id: 6826368
2018-05-10 03:06:07.773 DEBUG 13061 --- [           main] c.t.c.f.a.loops.LoopTransactionSet       : Delete file instance file record id: 6826369
2018-05-10 03:06:07.773 DEBUG 13061 --- [           main] c.t.c.f.a.loops.LoopTransactionSet       : Delete file instance file record id: 6826370
2018-05-10 03:06:07.774 DEBUG 13061 --- [           main] c.t.c.f.a.loops.LoopTransactionSet       : Delete file instance file record id: 6815874
2018-05-10 03:06:07.774 DEBUG 13061 --- [           main] c.t.c.f.a.loops.LoopTransactionSet       : Delete file instance file record id: 6815875
2018-05-10 03:06:08.120 DEBUG 13061 --- [           main] c.t.c.f.a.loops.LoopTransactionSet       : Saved exception: Exception{exceptionId=393399, fileDefinitionId=26, fileInstanceId=1069, fileRecordId=261573, exceptionType='ERROR', category='DATA ELEMENT', subCategory='Missing required element.', detail='Loop id 2000 Segment ID: INS Employment Status Code', subscriberId='00001529923', memberId='00001529923', exceptionCreated=2018-05-10 03:06:08.119}
2018-05-10 03:06:08.122 DEBUG 13061 --- [           main] c.t.c.f.a.loops.LoopTransactionSet       : Saved exception: Exception{exceptionId=393400, fileDefinitionId=26, fileInstanceId=1069, fileRecordId=261305, exceptionType='ERROR', category='DATA ELEMENT', subCategory='Illegal element value.', detail='Loop id 2000 Segment ID: INS Student Status Code [U] must equal one of P,F,N.', subscriberId='00001529627', memberId='01', exceptionCreated=2018-05-10 03:06:08.121}
2018-05-10 03:06:08.160 DEBUG 13061 --- [           main] c.t.c.f.a.loops.LoopTransactionSet       : Delete file instance file record id: 6818243
2018-05-10 03:06:08.161 DEBUG 13061 --- [           main] c.t.c.f.a.loops.LoopTransactionSet       : Delete file instance file record id: 6818244
2018-05-10 03:06:08.161 DEBUG 13061 --- [           main] c.t.c.f.a.loops.LoopTransactionSet       : Delete file instance file record id: 6818076
2018-05-10 03:06:08.161 DEBUG 13061 --- [           main] c.t.c.f.a.loops.LoopTransactionSet       : Delete file instance file record id: 6818077
2018-05-10 03:06:08.161 DEBUG 13061 --- [           main] c.t.c.f.a.loops.LoopTransactionSet       : Delete file instance file record id: 6818078
2018-05-10 03:06:08.161 DEBUG 13061 --- [           main] c.t.c.f.a.loops.LoopTransactionSet       : Delete file instance file record id: 6818079
2018-05-10 03:06:08.516 DEBUG 13061 --- [           main] c.t.c.f.a.loops.LoopTransactionSet       : Saved exception: Exception{exceptionId=393401, fileDefinitionId=26, fileInstanceId=1069, fileRecordId=254793, exceptionType='ERROR', category='DATA ELEMENT', subCategory='Illegal element value.', detail='Loop id 2000 Segment ID: INS Student Status Code [U] must equal one of P,F,N.', subscriberId='00001516412', memberId='02', exceptionCreated=2018-05-10 03:06:08.515}
2018-05-10 03:06:08.554 DEBUG 13061 --- [           main] c.t.c.f.a.loops.LoopTransactionSet       : Delete file instance file record id: 6812108
2018-05-10 03:06:08.554 DEBUG 13061 --- [           main] c.t.c.f.a.loops.LoopTransactionSet       : Delete file instance file record id: 6812109
2018-05-10 03:06:08.882 DEBUG 13061 --- [           main] c.t.c.f.a.loops.LoopTransactionSet       : Saved exception: Exception{exceptionId=393402, fileDefinitionId=26, fileInstanceId=1069, fileRecordId=257949, exceptionType='ERROR', category='DATA ELEMENT', subCategory='Illegal element value.', detail='Loop id 2000 Segment ID: INS Student Status Code [U] must equal one of P,F,N.', subscriberId='00001523144', memberId='02', exceptionCreated=2018-05-10 03:06:08.88}
2018-05-10 03:06:08.884 DEBUG 13061 --- [           main] c.t.c.f.a.loops.LoopTransactionSet       : Saved exception: Exception{exceptionId=393403, fileDefinitionId=26, fileInstanceId=1069, fileRecordId=257950, exceptionType='ERROR', category='DATA ELEMENT', subCategory='Illegal element value.', detail='Loop id 2000 Segment ID: INS Student Status Code [U] must equal one of P,F,N.', subscriberId='00001523144', memberId='04', exceptionCreated=2018-05-10 03:06:08.882}
2018-05-10 03:06:08.926 DEBUG 13061 --- [           main] c.t.c.f.a.loops.LoopTransactionSet       : Delete file instance file record id: 6815010
2018-05-10 03:06:08.926 DEBUG 13061 --- [           main] c.t.c.f.a.loops.LoopTransactionSet       : Delete file instance file record id: 6815011
2018-05-10 03:06:08.926 DEBUG 13061 --- [           main] c.t.c.f.a.loops.LoopTransactionSet       : Delete file instance file record id: 6815012
2018-05-10 03:06:08.926 DEBUG 13061 --- [           main] c.t.c.f.a.loops.LoopTransactionSet       : Delete file instance file record id: 6815013
2018-05-10 03:06:09.599 DEBUG 13061 --- [           main] c.t.c.f.a.loops.LoopTransactionSet       : Saved exception: Exception{exceptionId=393404, fileDefinitionId=26, fileInstanceId=1069, fileRecordId=274489, exceptionType='ERROR', category='DATA ELEMENT', subCategory='Invalid element length.', detail='Loop id 2100A Segment ID: N4 State Code [SOMER] length of 5 exceeds the maximum length of 2', subscriberId='00002040356', memberId='02', exceptionCreated=2018-05-10 03:06:09.597}
2018-05-10 03:06:09.609 DEBUG 13061 --- [           main] c.t.c.f.a.loops.LoopTransactionSet       : Saved exception: Exception{exceptionId=393405, fileDefinitionId=26, fileInstanceId=1069, fileRecordId=263753, exceptionType='ERROR', category='DATA ELEMENT', subCategory='Illegal element value.', detail='Loop id 2000 Segment ID: INS Student Status Code [U] must equal one of P,F,N.', subscriberId='00001536035', memberId='02', exceptionCreated=2018-05-10 03:06:09.607}
2018-05-10 03:06:09.615 DEBUG 13061 --- [           main] c.t.c.f.a.loops.LoopTransactionSet       : Saved exception: Exception{exceptionId=393406, fileDefinitionId=26, fileInstanceId=1069, fileRecordId=255760, exceptionType='ERROR', category='DATA ELEMENT', subCategory='Illegal element value.', detail='Loop id 2000 Segment ID: INS Student Status Code [U] must equal one of P,F,N.', subscriberId='00001518585', memberId='01', exceptionCreated=2018-05-10 03:06:09.613}
2018-05-10 03:06:09.672 DEBUG 13061 --- [           main] c.t.c.f.a.loops.LoopTransactionSet       : Delete file instance file record id: 6829731
2018-05-10 03:06:09.673 DEBUG 13061 --- [           main] c.t.c.f.a.loops.LoopTransactionSet       : Delete file instance file record id: 6829732
2018-05-10 03:06:09.673 DEBUG 13061 --- [           main] c.t.c.f.a.loops.LoopTransactionSet       : Delete file instance file record id: 6829733
2018-05-10 03:06:09.673 DEBUG 13061 --- [           main] c.t.c.f.a.loops.LoopTransactionSet       : Delete file instance file record id: 6829734
2018-05-10 03:06:09.673 DEBUG 13061 --- [           main] c.t.c.f.a.loops.LoopTransactionSet       : Delete file instance file record id: 6829735
2018-05-10 03:06:09.673 DEBUG 13061 --- [           main] c.t.c.f.a.loops.LoopTransactionSet       : Delete file instance file record id: 6829736
2018-05-10 03:06:09.673 DEBUG 13061 --- [           main] c.t.c.f.a.loops.LoopTransactionSet       : Delete file instance file record id: 6820197
2018-05-10 03:06:09.673 DEBUG 13061 --- [           main] c.t.c.f.a.loops.LoopTransactionSet       : Delete file instance file record id: 6820198
2018-05-10 03:06:09.673 DEBUG 13061 --- [           main] c.t.c.f.a.loops.LoopTransactionSet       : Delete file instance file record id: 6812956
2018-05-10 03:06:09.673 DEBUG 13061 --- [           main] c.t.c.f.a.loops.LoopTransactionSet       : Delete file instance file record id: 6812957
2018-05-10 03:06:09.979 DEBUG 13061 --- [           main] c.t.c.f.a.loops.LoopTransactionSet       : Saved exception: Exception{exceptionId=393407, fileDefinitionId=26, fileInstanceId=1069, fileRecordId=259062, exceptionType='ERROR', category='DATA ELEMENT', subCategory='Illegal element value.', detail='Loop id 2000 Segment ID: INS Student Status Code [U] must equal one of P,F,N.', subscriberId='00001524745', memberId='03', exceptionCreated=2018-05-10 03:06:09.978}
2018-05-10 03:06:10.018 DEBUG 13061 --- [           main] c.t.c.f.a.loops.LoopTransactionSet       : Saved exception: Exception{exceptionId=393408, fileDefinitionId=26, fileInstanceId=1069, fileRecordId=261564, exceptionType='ERROR', category='DATA ELEMENT', subCategory='Illegal element value.', detail='Loop id 2000 Segment ID: INS Student Status Code [U] must equal one of P,F,N.', subscriberId='00001529918', memberId='01', exceptionCreated=2018-05-10 03:06:10.017}
2018-05-10 03:06:10.040 DEBUG 13061 --- [           main] c.t.c.f.a.loops.LoopTransactionSet       : Delete file instance file record id: 6816025
2018-05-10 03:06:10.040 DEBUG 13061 --- [           main] c.t.c.f.a.loops.LoopTransactionSet       : Delete file instance file record id: 6816026
2018-05-10 03:06:10.040 DEBUG 13061 --- [           main] c.t.c.f.a.loops.LoopTransactionSet       : Delete file instance file record id: 6816027
2018-05-10 03:06:10.040 DEBUG 13061 --- [           main] c.t.c.f.a.loops.LoopTransactionSet       : Delete file instance file record id: 6816028
2018-05-10 03:06:10.041 DEBUG 13061 --- [           main] c.t.c.f.a.loops.LoopTransactionSet       : Delete file instance file record id: 6818233
2018-05-10 03:06:10.041 DEBUG 13061 --- [           main] c.t.c.f.a.loops.LoopTransactionSet       : Delete file instance file record id: 6818234
2018-05-10 03:06:10.415 DEBUG 13061 --- [           main] c.t.c.f.a.loops.LoopTransactionSet       : Saved exception: Exception{exceptionId=393409, fileDefinitionId=26, fileInstanceId=1069, fileRecordId=263237, exceptionType='ERROR', category='DATA ELEMENT', subCategory='Illegal element value.', detail='Loop id 2000 Segment ID: INS Student Status Code [U] must equal one of P,F,N.', subscriberId='00001534228', memberId='01', exceptionCreated=2018-05-10 03:06:10.414}
2018-05-10 03:06:10.437 DEBUG 13061 --- [           main] c.t.c.f.a.loops.LoopTransactionSet       : Saved exception: Exception{exceptionId=393410, fileDefinitionId=26, fileInstanceId=1069, fileRecordId=257112, exceptionType='ERROR', category='DATA ELEMENT', subCategory='Illegal element value.', detail='Loop id 2000 Segment ID: INS Student Status Code [U] must equal one of P,F,N.', subscriberId='00001521319', memberId='03', exceptionCreated=2018-05-10 03:06:10.436}
2018-05-10 03:06:10.453 DEBUG 13061 --- [           main] c.t.c.f.a.loops.LoopTransactionSet       : Saved exception: Exception{exceptionId=393411, fileDefinitionId=26, fileInstanceId=1069, fileRecordId=261199, exceptionType='ERROR', category='DATA ELEMENT', subCategory='Illegal element value.', detail='Loop id 2000 Segment ID: INS Student Status Code [U] must equal one of P,F,N.', subscriberId='00001529118', memberId='02', exceptionCreated=2018-05-10 03:06:10.452}
2018-05-10 03:06:10.458 DEBUG 13061 --- [           main] c.t.c.f.a.loops.LoopTransactionSet       : Saved exception: Exception{exceptionId=393412, fileDefinitionId=26, fileInstanceId=1069, fileRecordId=254283, exceptionType='ERROR', category='DATA ELEMENT', subCategory='Illegal element value.', detail='Loop id 2000 Segment ID: INS Student Status Code [U] must equal one of P,F,N.', subscriberId='00001514685', memberId='02', exceptionCreated=2018-05-10 03:06:10.457}
2018-05-10 03:06:10.481 DEBUG 13061 --- [           main] c.t.c.f.a.loops.LoopTransactionSet       : Delete file instance file record id: 6819744
2018-05-10 03:06:10.481 DEBUG 13061 --- [           main] c.t.c.f.a.loops.LoopTransactionSet       : Delete file instance file record id: 6819745
2018-05-10 03:06:10.481 DEBUG 13061 --- [           main] c.t.c.f.a.loops.LoopTransactionSet       : Delete file instance file record id: 6814222
2018-05-10 03:06:10.481 DEBUG 13061 --- [           main] c.t.c.f.a.loops.LoopTransactionSet       : Delete file instance file record id: 6814224
2018-05-10 03:06:10.481 DEBUG 13061 --- [           main] c.t.c.f.a.loops.LoopTransactionSet       : Delete file instance file record id: 6814223
2018-05-10 03:06:10.481 DEBUG 13061 --- [           main] c.t.c.f.a.loops.LoopTransactionSet       : Delete file instance file record id: 6814225
2018-05-10 03:06:10.482 DEBUG 13061 --- [           main] c.t.c.f.a.loops.LoopTransactionSet       : Delete file instance file record id: 6817983
2018-05-10 03:06:10.482 DEBUG 13061 --- [           main] c.t.c.f.a.loops.LoopTransactionSet       : Delete file instance file record id: 6817984
2018-05-10 03:06:10.482 DEBUG 13061 --- [           main] c.t.c.f.a.loops.LoopTransactionSet       : Delete file instance file record id: 6811644
2018-05-10 03:06:10.482 DEBUG 13061 --- [           main] c.t.c.f.a.loops.LoopTransactionSet       : Delete file instance file record id: 6811645
2018-05-10 03:06:10.482 DEBUG 13061 --- [           main] c.t.c.f.a.loops.LoopTransactionSet       : Delete file instance file record id: 6811646
2018-05-10 03:06:10.482 DEBUG 13061 --- [           main] c.t.c.f.a.loops.LoopTransactionSet       : Delete file instance file record id: 6811647
2018-05-10 03:06:10.482 DEBUG 13061 --- [           main] c.t.c.f.a.loops.LoopTransactionSet       : Delete file instance file record id: 6811648
2018-05-10 03:06:11.134 DEBUG 13061 --- [           main] c.t.c.f.a.loops.LoopTransactionSet       : Saved exception: Exception{exceptionId=393413, fileDefinitionId=26, fileInstanceId=1069, fileRecordId=260649, exceptionType='ERROR', category='DATA ELEMENT', subCategory='Illegal element value.', detail='Loop id 2000 Segment ID: INS Student Status Code [U] must equal one of P,F,N.', subscriberId='00001527167', memberId='01', exceptionCreated=2018-05-10 03:06:11.132}
2018-05-10 03:06:11.164 DEBUG 13061 --- [           main] c.t.c.f.a.loops.LoopTransactionSet       : Delete file instance file record id: 6817467
2018-05-10 03:06:11.164 DEBUG 13061 --- [           main] c.t.c.f.a.loops.LoopTransactionSet       : Delete file instance file record id: 6817468
2018-05-10 03:06:11.164 DEBUG 13061 --- [           main] c.t.c.f.a.loops.LoopTransactionSet       : Delete file instance file record id: 6817469
2018-05-10 03:06:11.164 DEBUG 13061 --- [           main] c.t.c.f.a.loops.LoopTransactionSet       : Delete file instance file record id: 6817470
2018-05-10 03:06:11.477 DEBUG 13061 --- [           main] c.t.c.f.a.loops.LoopTransactionSet       : Saved exception: Exception{exceptionId=393414, fileDefinitionId=26, fileInstanceId=1069, fileRecordId=258366, exceptionType='ERROR', category='DATA ELEMENT', subCategory='Illegal element value.', detail='Loop id 2000 Segment ID: INS Student Status Code [U] must equal one of P,F,N.', subscriberId='00001523682', memberId='01', exceptionCreated=2018-05-10 03:06:11.476}
2018-05-10 03:06:11.497 DEBUG 13061 --- [           main] c.t.c.f.a.loops.LoopTransactionSet       : Saved exception: Exception{exceptionId=393415, fileDefinitionId=26, fileInstanceId=1069, fileRecordId=260362, exceptionType='ERROR', category='DATA ELEMENT', subCategory='Illegal element value.', detail='Loop id 2000 Segment ID: INS Student Status Code [U] must equal one of P,F,N.', subscriberId='00001526315', memberId='01', exceptionCreated=2018-05-10 03:06:11.496}
2018-05-10 03:06:11.521 DEBUG 13061 --- [           main] c.t.c.f.a.loops.LoopTransactionSet       : Delete file instance file record id: 6815357
2018-05-10 03:06:11.522 DEBUG 13061 --- [           main] c.t.c.f.a.loops.LoopTransactionSet       : Delete file instance file record id: 6815358
2018-05-10 03:06:11.522 DEBUG 13061 --- [           main] c.t.c.f.a.loops.LoopTransactionSet       : Delete file instance file record id: 6817204
2018-05-10 03:06:11.522 DEBUG 13061 --- [           main] c.t.c.f.a.loops.LoopTransactionSet       : Delete file instance file record id: 6817205
2018-05-10 03:06:11.836 DEBUG 13061 --- [           main] c.t.c.f.a.loops.LoopTransactionSet       : Saved exception: Exception{exceptionId=393416, fileDefinitionId=26, fileInstanceId=1069, fileRecordId=256156, exceptionType='ERROR', category='DATA ELEMENT', subCategory='Illegal element value.', detail='Loop id 2000 Segment ID: INS Student Status Code [U] must equal one of P,F,N.', subscriberId='00001519145', memberId='01', exceptionCreated=2018-05-10 03:06:11.834}
2018-05-10 03:06:11.852 DEBUG 13061 --- [           main] c.t.c.f.a.loops.LoopTransactionSet       : Delete file instance file record id: 6813328
2018-05-10 03:06:11.853 DEBUG 13061 --- [           main] c.t.c.f.a.loops.LoopTransactionSet       : Delete file instance file record id: 6813329
2018-05-10 03:06:11.853 DEBUG 13061 --- [           main] c.t.c.f.a.loops.LoopTransactionSet       : Delete file instance file record id: 6813330
2018-05-10 03:06:11.853 DEBUG 13061 --- [           main] c.t.c.f.a.loops.LoopTransactionSet       : Delete file instance file record id: 6813331
2018-05-10 03:06:12.155 DEBUG 13061 --- [           main] c.t.c.f.a.loops.LoopTransactionSet       : Saved exception: Exception{exceptionId=393417, fileDefinitionId=26, fileInstanceId=1069, fileRecordId=262755, exceptionType='ERROR', category='DATA ELEMENT', subCategory='Illegal element value.', detail='Loop id 2000 Segment ID: INS Student Status Code [U] must equal one of P,F,N.', subscriberId='00001533116', memberId='03', exceptionCreated=2018-05-10 03:06:12.153}
2018-05-10 03:06:12.184 DEBUG 13061 --- [           main] c.t.c.f.a.loops.LoopTransactionSet       : Delete file instance file record id: 6819293
2018-05-10 03:06:12.185 DEBUG 13061 --- [           main] c.t.c.f.a.loops.LoopTransactionSet       : Delete file instance file record id: 6819296
2018-05-10 03:06:12.185 DEBUG 13061 --- [           main] c.t.c.f.a.loops.LoopTransactionSet       : Delete file instance file record id: 6819294
2018-05-10 03:06:12.185 DEBUG 13061 --- [           main] c.t.c.f.a.loops.LoopTransactionSet       : Delete file instance file record id: 6819295
2018-05-10 03:06:12.791 DEBUG 13061 --- [           main] c.t.c.f.a.loops.LoopTransactionSet       : Saved exception: Exception{exceptionId=393418, fileDefinitionId=26, fileInstanceId=1069, fileRecordId=261976, exceptionType='ERROR', category='DATA ELEMENT', subCategory='Illegal element value.', detail='Loop id 2000 Segment ID: INS Student Status Code [U] must equal one of P,F,N.', subscriberId='00001531330', memberId='01', exceptionCreated=2018-05-10 03:06:12.79}
2018-05-10 03:06:12.820 DEBUG 13061 --- [           main] c.t.c.f.a.loops.LoopTransactionSet       : Delete file instance file record id: 6818544
2018-05-10 03:06:12.821 DEBUG 13061 --- [           main] c.t.c.f.a.loops.LoopTransactionSet       : Delete file instance file record id: 6818545
2018-05-10 03:06:13.426  INFO 13061 --- [           main] com.trinet.cvf.files.TriNetCvfFilesMain  : Started TriNetCvfFilesMain in 21.026 seconds (JVM running for 21.97)
Thu May 10 03:06:13 EDT 2018: TriNet-VSP-834X4 - Get number of subscribers in the file record data tables post file creation.
Thu May 10 03:06:14 EDT 2018: Number of subscribers = 9756.
Thu May 10 03:06:14 EDT 2018: TriNet-VSP-834X4 - Check exception table for errors.
Thu May 10 03:06:15 EDT 2018: Number or errors = 32.
Thu May 10 03:06:15 EDT 2018: TriNet-VSP-834X4 - Move target/TriNet-VSP-834X4-20180510-030532.x12 to ../processandarchivefile/incomingqueue/TriNet-VSP-834X4-20180510-030532.x12
Thu May 10 03:06:15 EDT 2018: TriNet-VSP-834X4 - Process and archive file ../processandarchivefile/incomingqueue/TriNet-VSP-834X4-20180510-030532.x12
Thu May 10 03:06:15 EDT 2018: Running process file script using this command: $PROCESSSCRIPTSDIRECTORY/$PROCESSNAME.sh "$INCOMINGFILEPATH"
Thu May 10 03:06:15 EDT 2018: TriNet-VSP-834X4 Process - Find file instance id for file TriNet-VSP-834X4-20180510-030532.x12.
Thu May 10 03:06:15 EDT 2018: TriNet-VSP-834X4 Process - Create file upload record.
Thu May 10 03:06:16 EDT 2018: TriNet-VSP-834X4 Process - Uploading 834 file to none://@:/TriNet-VSP-834X4-20180510-030532.x12
Thu May 10 03:06:16 EDT 2018: TriNet-VSP-834X4 Process - File uploaded successfully. Mark the file as sent.
Thu May 10 03:06:16 EDT 2018: TriNet-VSP-834X4 Process Done
Thu May 10 03:06:16 EDT 2018: Compressing file ../processandarchivefile/incomingqueue/TriNet-VSP-834X4-20180510-030532.x12 for the PROCESSED file archive using bzip2.
Thu May 10 03:06:17 EDT 2018: Remove the original file "../processandarchivefile/incomingqueue/TriNet-VSP-834X4-20180510-030532.x12" because the compressed file "../processandarchivefile/incomingqueue/TriNet-VSP-834X4-20180510-030532.x12.bz2" was created.
Thu May 10 03:06:17 EDT 2018: Archiving ../processandarchivefile/incomingqueue/TriNet-VSP-834X4-20180510-030532.x12.bz2 as archives/TriNet-VSP-834X4/processed/TriNet-VSP-834X4-20180510-030532.x12.bz2.
Thu May 10 03:06:17 EDT 2018: TriNet-VSP-834X4 - Update termination counts.
Thu May 10 03:06:18 EDT 2018: TriNet-VSP-834X4 - Update file instance status.
Thu May 10 03:06:19 EDT 2018: File generated and sent successfully but 32 error(s) found in the exceptions table. Please check the exceptions table using the following sql and try correct the issues before the next run: select * from ansi5010.exception_view where file_instance_id = 1069;
Thu May 10 03:06:19 EDT 2018: TriNet-VSP-834X4 Done
