Mon May  7 06:01:36 EDT 2018: TriNet-VSP-834X4 Starting
Mon May  7 06:01:36 EDT 2018: TriNet-VSP-834X4 - Create file record.
Mon May  7 06:01:39 EDT 2018: File id = 1062
Mon May  7 06:01:39 EDT 2018: TriNet-VSP-834X4 - Create file record data.
Mon May  7 06:02:16 EDT 2018: TriNet-VSP-834X4 - Get number of subscribers in the file record data tables.
Mon May  7 06:02:16 EDT 2018: Number of subscribers = 10830.
Mon May  7 06:02:16 EDT 2018: TriNet-VSP-834X4 - Create file target/TriNet-VSP-834X4-20180507-060136.x12.
2018-05-07 06:02:18.432  INFO 21764 --- [           main] com.trinet.cvf.files.TriNetCvfFilesMain  : Starting TriNetCvfFilesMain v00015 on bib01bredimft01.ux.corp.local with PID 21764 (/opt/trinet/cronprograms/cvf-java-files/lib/com.trinet.cvf.filesimpl-TriNet-VSP-834.jar started by cronjobs in /opt/trinet/util/cronjobs)
2018-05-07 06:02:18.439 DEBUG 21764 --- [           main] com.trinet.cvf.files.TriNetCvfFilesMain  : Running with Spring Boot v1.5.2.RELEASE, Spring v4.3.7.RELEASE
2018-05-07 06:02:18.439  INFO 21764 --- [           main] com.trinet.cvf.files.TriNetCvfFilesMain  : No active profile set, falling back to default profiles: default
2018-05-07 06:02:26.339  INFO 21764 --- [           main] com.trinet.cvf.files.ansi5010.Ansi5010   : Create ANSI5010 file for file id 1062 output to target/TriNet-VSP-834X4-20180507-060136.x12.
2018-05-07 06:02:26.434  INFO 21764 --- [           main] com.trinet.cvf.files.ansi5010.Ansi5010   : File name: VSP 834 X4
2018-05-07 06:02:28.479 DEBUG 21764 --- [           main] c.t.c.f.a.loops.LoopTransactionSet       : Saved exception: Exception{exceptionId=386985, fileDefinitionId=26, fileInstanceId=1062, fileRecordId=261572, exceptionType='ERROR', category='DATA ELEMENT', subCategory='Illegal element value.', detail='Loop id 2000 Segment ID: INS Student Status Code [U] must equal one of P,F,N.', subscriberId='00001529922', memberId='01', exceptionCreated=2018-05-07 06:02:28.46}
2018-05-07 06:02:28.537 DEBUG 21764 --- [           main] c.t.c.f.a.loops.LoopTransactionSet       : Delete file instance file record id: 6667433
2018-05-07 06:02:28.538 DEBUG 21764 --- [           main] c.t.c.f.a.loops.LoopTransactionSet       : Delete file instance file record id: 6667434
2018-05-07 06:02:30.159 DEBUG 21764 --- [           main] c.t.c.f.a.loops.LoopTransactionSet       : Saved exception: Exception{exceptionId=386986, fileDefinitionId=26, fileInstanceId=1062, fileRecordId=252242, exceptionType='ERROR', category='DATA ELEMENT', subCategory='Illegal element value.', detail='Loop id 2000 Segment ID: INS Student Status Code [U] must equal one of P,F,N.', subscriberId='00001511364', memberId='01', exceptionCreated=2018-05-07 06:02:30.157}
2018-05-07 06:02:30.206 DEBUG 21764 --- [           main] c.t.c.f.a.loops.LoopTransactionSet       : Delete file instance file record id: 6658105
2018-05-07 06:02:30.206 DEBUG 21764 --- [           main] c.t.c.f.a.loops.LoopTransactionSet       : Delete file instance file record id: 6658106
2018-05-07 06:02:30.207 DEBUG 21764 --- [           main] c.t.c.f.a.loops.LoopTransactionSet       : Delete file instance file record id: 6658107
2018-05-07 06:02:30.556 DEBUG 21764 --- [           main] c.t.c.f.a.loops.LoopTransactionSet       : Saved exception: Exception{exceptionId=386987, fileDefinitionId=26, fileInstanceId=1062, fileRecordId=261259, exceptionType='ERROR', category='DATA ELEMENT', subCategory='Illegal element value.', detail='Loop id 2000 Segment ID: INS Student Status Code [U] must equal one of P,F,N.', subscriberId='00001529605', memberId='01', exceptionCreated=2018-05-07 06:02:30.555}
2018-05-07 06:02:30.558 DEBUG 21764 --- [           main] c.t.c.f.a.loops.LoopTransactionSet       : Delete file instance file record id: 6667120
2018-05-07 06:02:30.558 DEBUG 21764 --- [           main] c.t.c.f.a.loops.LoopTransactionSet       : Delete file instance file record id: 6667121
2018-05-07 06:02:30.558 DEBUG 21764 --- [           main] c.t.c.f.a.loops.LoopTransactionSet       : Delete file instance file record id: 6667122
2018-05-07 06:02:30.840 DEBUG 21764 --- [           main] c.t.c.f.a.loops.LoopTransactionSet       : Saved exception: Exception{exceptionId=386988, fileDefinitionId=26, fileInstanceId=1062, fileRecordId=257773, exceptionType='ERROR', category='DATA ELEMENT', subCategory='Illegal element value.', detail='Loop id 2000 Segment ID: INS Student Status Code [U] must equal one of P,F,N.', subscriberId='00001522956', memberId='01', exceptionCreated=2018-05-07 06:02:30.839}
2018-05-07 06:02:30.842 DEBUG 21764 --- [           main] c.t.c.f.a.loops.LoopTransactionSet       : Saved exception: Exception{exceptionId=386989, fileDefinitionId=26, fileInstanceId=1062, fileRecordId=253012, exceptionType='ERROR', category='DATA ELEMENT', subCategory='Illegal element value.', detail='Loop id 2000 Segment ID: INS Student Status Code [U] must equal one of P,F,N.', subscriberId='00001512300', memberId='01', exceptionCreated=2018-05-07 06:02:30.841}
2018-05-07 06:02:30.885 DEBUG 21764 --- [           main] c.t.c.f.a.loops.LoopTransactionSet       : Saved exception: Exception{exceptionId=386990, fileDefinitionId=26, fileInstanceId=1062, fileRecordId=261077, exceptionType='ERROR', category='DATA ELEMENT', subCategory='Illegal element value.', detail='Loop id 2000 Segment ID: INS Student Status Code [U] must equal one of P,F,N.', subscriberId='00001528093', memberId='01', exceptionCreated=2018-05-07 06:02:30.884}
2018-05-07 06:02:30.891 DEBUG 21764 --- [           main] c.t.c.f.a.loops.LoopTransactionSet       : Delete file instance file record id: 6663636
2018-05-07 06:02:30.891 DEBUG 21764 --- [           main] c.t.c.f.a.loops.LoopTransactionSet       : Delete file instance file record id: 6663637
2018-05-07 06:02:30.891 DEBUG 21764 --- [           main] c.t.c.f.a.loops.LoopTransactionSet       : Delete file instance file record id: 6658875
2018-05-07 06:02:30.891 DEBUG 21764 --- [           main] c.t.c.f.a.loops.LoopTransactionSet       : Delete file instance file record id: 6658876
2018-05-07 06:02:30.892 DEBUG 21764 --- [           main] c.t.c.f.a.loops.LoopTransactionSet       : Delete file instance file record id: 6666938
2018-05-07 06:02:30.892 DEBUG 21764 --- [           main] c.t.c.f.a.loops.LoopTransactionSet       : Delete file instance file record id: 6666939
2018-05-07 06:02:31.240 DEBUG 21764 --- [           main] c.t.c.f.a.loops.LoopTransactionSet       : Saved exception: Exception{exceptionId=386991, fileDefinitionId=26, fileInstanceId=1062, fileRecordId=257757, exceptionType='ERROR', category='DATA ELEMENT', subCategory='Illegal element value.', detail='Loop id 2000 Segment ID: INS Student Status Code [U] must equal one of P,F,N.', subscriberId='00001522935', memberId='01', exceptionCreated=2018-05-07 06:02:31.238}
2018-05-07 06:02:31.260 DEBUG 21764 --- [           main] c.t.c.f.a.loops.LoopTransactionSet       : Saved exception: Exception{exceptionId=386992, fileDefinitionId=26, fileInstanceId=1062, fileRecordId=263919, exceptionType='ERROR', category='DATA ELEMENT', subCategory='Illegal element value.', detail='Loop id 2000 Segment ID: INS Student Status Code [U] must equal one of P,F,N.', subscriberId='00001536422', memberId='01', exceptionCreated=2018-05-07 06:02:31.259}
2018-05-07 06:02:31.285 DEBUG 21764 --- [           main] c.t.c.f.a.loops.LoopTransactionSet       : Delete file instance file record id: 6663620
2018-05-07 06:02:31.285 DEBUG 21764 --- [           main] c.t.c.f.a.loops.LoopTransactionSet       : Delete file instance file record id: 6663621
2018-05-07 06:02:31.285 DEBUG 21764 --- [           main] c.t.c.f.a.loops.LoopTransactionSet       : Delete file instance file record id: 6663622
2018-05-07 06:02:31.285 DEBUG 21764 --- [           main] c.t.c.f.a.loops.LoopTransactionSet       : Delete file instance file record id: 6663623
2018-05-07 06:02:31.286 DEBUG 21764 --- [           main] c.t.c.f.a.loops.LoopTransactionSet       : Delete file instance file record id: 6669780
2018-05-07 06:02:31.286 DEBUG 21764 --- [           main] c.t.c.f.a.loops.LoopTransactionSet       : Delete file instance file record id: 6669781
2018-05-07 06:02:31.568 DEBUG 21764 --- [           main] c.t.c.f.a.loops.LoopTransactionSet       : Saved exception: Exception{exceptionId=386993, fileDefinitionId=26, fileInstanceId=1062, fileRecordId=262450, exceptionType='ERROR', category='DATA ELEMENT', subCategory='Illegal element value.', detail='Loop id 2000 Segment ID: INS Student Status Code [U] must equal one of P,F,N.', subscriberId='00001532039', memberId='01', exceptionCreated=2018-05-07 06:02:31.566}
2018-05-07 06:02:31.602 DEBUG 21764 --- [           main] c.t.c.f.a.loops.LoopTransactionSet       : Saved exception: Exception{exceptionId=386994, fileDefinitionId=26, fileInstanceId=1062, fileRecordId=258901, exceptionType='ERROR', category='DATA ELEMENT', subCategory='Illegal element value.', detail='Loop id 2000 Segment ID: INS Student Status Code [U] must equal one of P,F,N.', subscriberId='00001524550', memberId='01', exceptionCreated=2018-05-07 06:02:31.601}
2018-05-07 06:02:31.616 DEBUG 21764 --- [           main] c.t.c.f.a.loops.LoopTransactionSet       : Delete file instance file record id: 6668311
2018-05-07 06:02:31.616 DEBUG 21764 --- [           main] c.t.c.f.a.loops.LoopTransactionSet       : Delete file instance file record id: 6668312
2018-05-07 06:02:31.617 DEBUG 21764 --- [           main] c.t.c.f.a.loops.LoopTransactionSet       : Delete file instance file record id: 6664764
2018-05-07 06:02:31.617 DEBUG 21764 --- [           main] c.t.c.f.a.loops.LoopTransactionSet       : Delete file instance file record id: 6664765
2018-05-07 06:02:31.892 DEBUG 21764 --- [           main] c.t.c.f.a.loops.LoopTransactionSet       : Saved exception: Exception{exceptionId=386995, fileDefinitionId=26, fileInstanceId=1062, fileRecordId=261573, exceptionType='ERROR', category='DATA ELEMENT', subCategory='Missing required element.', detail='Loop id 2000 Segment ID: INS Employment Status Code', subscriberId='00001529923', memberId='00001529923', exceptionCreated=2018-05-07 06:02:31.891}
2018-05-07 06:02:31.893 DEBUG 21764 --- [           main] c.t.c.f.a.loops.LoopTransactionSet       : Saved exception: Exception{exceptionId=386996, fileDefinitionId=26, fileInstanceId=1062, fileRecordId=261305, exceptionType='ERROR', category='DATA ELEMENT', subCategory='Illegal element value.', detail='Loop id 2000 Segment ID: INS Student Status Code [U] must equal one of P,F,N.', subscriberId='00001529627', memberId='01', exceptionCreated=2018-05-07 06:02:31.892}
2018-05-07 06:02:31.932 DEBUG 21764 --- [           main] c.t.c.f.a.loops.LoopTransactionSet       : Delete file instance file record id: 6667435
2018-05-07 06:02:31.933 DEBUG 21764 --- [           main] c.t.c.f.a.loops.LoopTransactionSet       : Delete file instance file record id: 6667436
2018-05-07 06:02:31.933 DEBUG 21764 --- [           main] c.t.c.f.a.loops.LoopTransactionSet       : Delete file instance file record id: 6667166
2018-05-07 06:02:31.933 DEBUG 21764 --- [           main] c.t.c.f.a.loops.LoopTransactionSet       : Delete file instance file record id: 6667167
2018-05-07 06:02:31.933 DEBUG 21764 --- [           main] c.t.c.f.a.loops.LoopTransactionSet       : Delete file instance file record id: 6667168
2018-05-07 06:02:31.933 DEBUG 21764 --- [           main] c.t.c.f.a.loops.LoopTransactionSet       : Delete file instance file record id: 6667169
2018-05-07 06:02:32.221 DEBUG 21764 --- [           main] c.t.c.f.a.loops.LoopTransactionSet       : Saved exception: Exception{exceptionId=386997, fileDefinitionId=26, fileInstanceId=1062, fileRecordId=254793, exceptionType='ERROR', category='DATA ELEMENT', subCategory='Illegal element value.', detail='Loop id 2000 Segment ID: INS Student Status Code [U] must equal one of P,F,N.', subscriberId='00001516412', memberId='02', exceptionCreated=2018-05-07 06:02:32.22}
2018-05-07 06:02:32.256 DEBUG 21764 --- [           main] c.t.c.f.a.loops.LoopTransactionSet       : Delete file instance file record id: 6660656
2018-05-07 06:02:32.256 DEBUG 21764 --- [           main] c.t.c.f.a.loops.LoopTransactionSet       : Delete file instance file record id: 6660657
2018-05-07 06:02:32.519 DEBUG 21764 --- [           main] c.t.c.f.a.loops.LoopTransactionSet       : Saved exception: Exception{exceptionId=386998, fileDefinitionId=26, fileInstanceId=1062, fileRecordId=257949, exceptionType='ERROR', category='DATA ELEMENT', subCategory='Illegal element value.', detail='Loop id 2000 Segment ID: INS Student Status Code [U] must equal one of P,F,N.', subscriberId='00001523144', memberId='02', exceptionCreated=2018-05-07 06:02:32.518}
2018-05-07 06:02:32.520 DEBUG 21764 --- [           main] c.t.c.f.a.loops.LoopTransactionSet       : Saved exception: Exception{exceptionId=386999, fileDefinitionId=26, fileInstanceId=1062, fileRecordId=257950, exceptionType='ERROR', category='DATA ELEMENT', subCategory='Illegal element value.', detail='Loop id 2000 Segment ID: INS Student Status Code [U] must equal one of P,F,N.', subscriberId='00001523144', memberId='04', exceptionCreated=2018-05-07 06:02:32.52}
2018-05-07 06:02:32.556 DEBUG 21764 --- [           main] c.t.c.f.a.loops.LoopTransactionSet       : Delete file instance file record id: 6663811
2018-05-07 06:02:32.557 DEBUG 21764 --- [           main] c.t.c.f.a.loops.LoopTransactionSet       : Delete file instance file record id: 6663812
2018-05-07 06:02:32.557 DEBUG 21764 --- [           main] c.t.c.f.a.loops.LoopTransactionSet       : Delete file instance file record id: 6663813
2018-05-07 06:02:32.557 DEBUG 21764 --- [           main] c.t.c.f.a.loops.LoopTransactionSet       : Delete file instance file record id: 6663814
2018-05-07 06:02:33.186 DEBUG 21764 --- [           main] c.t.c.f.a.loops.LoopTransactionSet       : Saved exception: Exception{exceptionId=387000, fileDefinitionId=26, fileInstanceId=1062, fileRecordId=263753, exceptionType='ERROR', category='DATA ELEMENT', subCategory='Illegal element value.', detail='Loop id 2000 Segment ID: INS Student Status Code [U] must equal one of P,F,N.', subscriberId='00001536035', memberId='02', exceptionCreated=2018-05-07 06:02:33.185}
2018-05-07 06:02:33.190 DEBUG 21764 --- [           main] c.t.c.f.a.loops.LoopTransactionSet       : Saved exception: Exception{exceptionId=387001, fileDefinitionId=26, fileInstanceId=1062, fileRecordId=255760, exceptionType='ERROR', category='DATA ELEMENT', subCategory='Illegal element value.', detail='Loop id 2000 Segment ID: INS Student Status Code [U] must equal one of P,F,N.', subscriberId='00001518585', memberId='01', exceptionCreated=2018-05-07 06:02:33.189}
2018-05-07 06:02:33.234 DEBUG 21764 --- [           main] c.t.c.f.a.loops.LoopTransactionSet       : Delete file instance file record id: 6669614
2018-05-07 06:02:33.234 DEBUG 21764 --- [           main] c.t.c.f.a.loops.LoopTransactionSet       : Delete file instance file record id: 6669615
2018-05-07 06:02:33.234 DEBUG 21764 --- [           main] c.t.c.f.a.loops.LoopTransactionSet       : Delete file instance file record id: 6661623
2018-05-07 06:02:33.234 DEBUG 21764 --- [           main] c.t.c.f.a.loops.LoopTransactionSet       : Delete file instance file record id: 6661624
2018-05-07 06:02:33.726 DEBUG 21764 --- [           main] c.t.c.f.a.loops.LoopTransactionSet       : Saved exception: Exception{exceptionId=387002, fileDefinitionId=26, fileInstanceId=1062, fileRecordId=259062, exceptionType='ERROR', category='DATA ELEMENT', subCategory='Illegal element value.', detail='Loop id 2000 Segment ID: INS Student Status Code [U] must equal one of P,F,N.', subscriberId='00001524745', memberId='03', exceptionCreated=2018-05-07 06:02:33.725}
2018-05-07 06:02:33.760 DEBUG 21764 --- [           main] c.t.c.f.a.loops.LoopTransactionSet       : Delete file instance file record id: 6664924
2018-05-07 06:02:33.760 DEBUG 21764 --- [           main] c.t.c.f.a.loops.LoopTransactionSet       : Delete file instance file record id: 6664925
2018-05-07 06:02:33.760 DEBUG 21764 --- [           main] c.t.c.f.a.loops.LoopTransactionSet       : Delete file instance file record id: 6664926
2018-05-07 06:02:33.760 DEBUG 21764 --- [           main] c.t.c.f.a.loops.LoopTransactionSet       : Delete file instance file record id: 6664927
2018-05-07 06:02:34.001 DEBUG 21764 --- [           main] c.t.c.f.a.loops.LoopTransactionSet       : Saved exception: Exception{exceptionId=387003, fileDefinitionId=26, fileInstanceId=1062, fileRecordId=261564, exceptionType='ERROR', category='DATA ELEMENT', subCategory='Illegal element value.', detail='Loop id 2000 Segment ID: INS Student Status Code [U] must equal one of P,F,N.', subscriberId='00001529918', memberId='01', exceptionCreated=2018-05-07 06:02:33.999}
2018-05-07 06:02:34.023 DEBUG 21764 --- [           main] c.t.c.f.a.loops.LoopTransactionSet       : Saved exception: Exception{exceptionId=387004, fileDefinitionId=26, fileInstanceId=1062, fileRecordId=263237, exceptionType='ERROR', category='DATA ELEMENT', subCategory='Illegal element value.', detail='Loop id 2000 Segment ID: INS Student Status Code [U] must equal one of P,F,N.', subscriberId='00001534228', memberId='01', exceptionCreated=2018-05-07 06:02:34.022}
2018-05-07 06:02:34.042 DEBUG 21764 --- [           main] c.t.c.f.a.loops.LoopTransactionSet       : Saved exception: Exception{exceptionId=387005, fileDefinitionId=26, fileInstanceId=1062, fileRecordId=257112, exceptionType='ERROR', category='DATA ELEMENT', subCategory='Illegal element value.', detail='Loop id 2000 Segment ID: INS Student Status Code [U] must equal one of P,F,N.', subscriberId='00001521319', memberId='03', exceptionCreated=2018-05-07 06:02:34.041}
2018-05-07 06:02:34.049 DEBUG 21764 --- [           main] c.t.c.f.a.loops.LoopTransactionSet       : Delete file instance file record id: 6667425
2018-05-07 06:02:34.049 DEBUG 21764 --- [           main] c.t.c.f.a.loops.LoopTransactionSet       : Delete file instance file record id: 6667426
2018-05-07 06:02:34.050 DEBUG 21764 --- [           main] c.t.c.f.a.loops.LoopTransactionSet       : Delete file instance file record id: 6669098
2018-05-07 06:02:34.050 DEBUG 21764 --- [           main] c.t.c.f.a.loops.LoopTransactionSet       : Delete file instance file record id: 6669099
2018-05-07 06:02:34.050 DEBUG 21764 --- [           main] c.t.c.f.a.loops.LoopTransactionSet       : Delete file instance file record id: 6662974
2018-05-07 06:02:34.050 DEBUG 21764 --- [           main] c.t.c.f.a.loops.LoopTransactionSet       : Delete file instance file record id: 6662976
2018-05-07 06:02:34.050 DEBUG 21764 --- [           main] c.t.c.f.a.loops.LoopTransactionSet       : Delete file instance file record id: 6662975
2018-05-07 06:02:34.050 DEBUG 21764 --- [           main] c.t.c.f.a.loops.LoopTransactionSet       : Delete file instance file record id: 6662977
2018-05-07 06:02:34.298 DEBUG 21764 --- [           main] c.t.c.f.a.loops.LoopTransactionSet       : Saved exception: Exception{exceptionId=387006, fileDefinitionId=26, fileInstanceId=1062, fileRecordId=261199, exceptionType='ERROR', category='DATA ELEMENT', subCategory='Illegal element value.', detail='Loop id 2000 Segment ID: INS Student Status Code [U] must equal one of P,F,N.', subscriberId='00001529118', memberId='02', exceptionCreated=2018-05-07 06:02:34.297}
2018-05-07 06:02:34.301 DEBUG 21764 --- [           main] c.t.c.f.a.loops.LoopTransactionSet       : Saved exception: Exception{exceptionId=387007, fileDefinitionId=26, fileInstanceId=1062, fileRecordId=254283, exceptionType='ERROR', category='DATA ELEMENT', subCategory='Illegal element value.', detail='Loop id 2000 Segment ID: INS Student Status Code [U] must equal one of P,F,N.', subscriberId='00001514685', memberId='02', exceptionCreated=2018-05-07 06:02:34.301}
2018-05-07 06:02:34.345 DEBUG 21764 --- [           main] c.t.c.f.a.loops.LoopTransactionSet       : Delete file instance file record id: 6667060
2018-05-07 06:02:34.346 DEBUG 21764 --- [           main] c.t.c.f.a.loops.LoopTransactionSet       : Delete file instance file record id: 6667061
2018-05-07 06:02:34.346 DEBUG 21764 --- [           main] c.t.c.f.a.loops.LoopTransactionSet       : Delete file instance file record id: 6660146
2018-05-07 06:02:34.346 DEBUG 21764 --- [           main] c.t.c.f.a.loops.LoopTransactionSet       : Delete file instance file record id: 6660147
2018-05-07 06:02:34.346 DEBUG 21764 --- [           main] c.t.c.f.a.loops.LoopTransactionSet       : Delete file instance file record id: 6660148
2018-05-07 06:02:34.346 DEBUG 21764 --- [           main] c.t.c.f.a.loops.LoopTransactionSet       : Delete file instance file record id: 6660149
2018-05-07 06:02:34.346 DEBUG 21764 --- [           main] c.t.c.f.a.loops.LoopTransactionSet       : Delete file instance file record id: 6660150
2018-05-07 06:02:34.884 DEBUG 21764 --- [           main] c.t.c.f.a.loops.LoopTransactionSet       : Saved exception: Exception{exceptionId=387008, fileDefinitionId=26, fileInstanceId=1062, fileRecordId=260649, exceptionType='ERROR', category='DATA ELEMENT', subCategory='Illegal element value.', detail='Loop id 2000 Segment ID: INS Student Status Code [U] must equal one of P,F,N.', subscriberId='00001527167', memberId='01', exceptionCreated=2018-05-07 06:02:34.883}
2018-05-07 06:02:34.921 DEBUG 21764 --- [           main] c.t.c.f.a.loops.LoopTransactionSet       : Delete file instance file record id: 6666512
2018-05-07 06:02:34.921 DEBUG 21764 --- [           main] c.t.c.f.a.loops.LoopTransactionSet       : Delete file instance file record id: 6666513
2018-05-07 06:02:34.921 DEBUG 21764 --- [           main] c.t.c.f.a.loops.LoopTransactionSet       : Delete file instance file record id: 6666514
2018-05-07 06:02:34.922 DEBUG 21764 --- [           main] c.t.c.f.a.loops.LoopTransactionSet       : Delete file instance file record id: 6666515
2018-05-07 06:02:35.176 DEBUG 21764 --- [           main] c.t.c.f.a.loops.LoopTransactionSet       : Saved exception: Exception{exceptionId=387009, fileDefinitionId=26, fileInstanceId=1062, fileRecordId=258366, exceptionType='ERROR', category='DATA ELEMENT', subCategory='Illegal element value.', detail='Loop id 2000 Segment ID: INS Student Status Code [U] must equal one of P,F,N.', subscriberId='00001523682', memberId='01', exceptionCreated=2018-05-07 06:02:35.175}
2018-05-07 06:02:35.193 DEBUG 21764 --- [           main] c.t.c.f.a.loops.LoopTransactionSet       : Saved exception: Exception{exceptionId=387010, fileDefinitionId=26, fileInstanceId=1062, fileRecordId=260362, exceptionType='ERROR', category='DATA ELEMENT', subCategory='Illegal element value.', detail='Loop id 2000 Segment ID: INS Student Status Code [U] must equal one of P,F,N.', subscriberId='00001526315', memberId='01', exceptionCreated=2018-05-07 06:02:35.192}
2018-05-07 06:02:35.221 DEBUG 21764 --- [           main] c.t.c.f.a.loops.LoopTransactionSet       : Delete file instance file record id: 6664229
2018-05-07 06:02:35.221 DEBUG 21764 --- [           main] c.t.c.f.a.loops.LoopTransactionSet       : Delete file instance file record id: 6664230
2018-05-07 06:02:35.221 DEBUG 21764 --- [           main] c.t.c.f.a.loops.LoopTransactionSet       : Delete file instance file record id: 6666225
2018-05-07 06:02:35.221 DEBUG 21764 --- [           main] c.t.c.f.a.loops.LoopTransactionSet       : Delete file instance file record id: 6666226
2018-05-07 06:02:35.501 DEBUG 21764 --- [           main] c.t.c.f.a.loops.LoopTransactionSet       : Saved exception: Exception{exceptionId=387011, fileDefinitionId=26, fileInstanceId=1062, fileRecordId=256156, exceptionType='ERROR', category='DATA ELEMENT', subCategory='Illegal element value.', detail='Loop id 2000 Segment ID: INS Student Status Code [U] must equal one of P,F,N.', subscriberId='00001519145', memberId='01', exceptionCreated=2018-05-07 06:02:35.5}
2018-05-07 06:02:35.516 DEBUG 21764 --- [           main] c.t.c.f.a.loops.LoopTransactionSet       : Delete file instance file record id: 6662019
2018-05-07 06:02:35.516 DEBUG 21764 --- [           main] c.t.c.f.a.loops.LoopTransactionSet       : Delete file instance file record id: 6662020
2018-05-07 06:02:35.516 DEBUG 21764 --- [           main] c.t.c.f.a.loops.LoopTransactionSet       : Delete file instance file record id: 6662021
2018-05-07 06:02:35.516 DEBUG 21764 --- [           main] c.t.c.f.a.loops.LoopTransactionSet       : Delete file instance file record id: 6662022
2018-05-07 06:02:35.909 DEBUG 21764 --- [           main] c.t.c.f.a.loops.LoopTransactionSet       : Saved exception: Exception{exceptionId=387012, fileDefinitionId=26, fileInstanceId=1062, fileRecordId=262755, exceptionType='ERROR', category='DATA ELEMENT', subCategory='Illegal element value.', detail='Loop id 2000 Segment ID: INS Student Status Code [U] must equal one of P,F,N.', subscriberId='00001533116', memberId='03', exceptionCreated=2018-05-07 06:02:35.908}
2018-05-07 06:02:35.928 DEBUG 21764 --- [           main] c.t.c.f.a.loops.LoopTransactionSet       : Delete file instance file record id: 6668614
2018-05-07 06:02:35.928 DEBUG 21764 --- [           main] c.t.c.f.a.loops.LoopTransactionSet       : Delete file instance file record id: 6668617
2018-05-07 06:02:35.928 DEBUG 21764 --- [           main] c.t.c.f.a.loops.LoopTransactionSet       : Delete file instance file record id: 6668615
2018-05-07 06:02:35.928 DEBUG 21764 --- [           main] c.t.c.f.a.loops.LoopTransactionSet       : Delete file instance file record id: 6668616
2018-05-07 06:02:36.509 DEBUG 21764 --- [           main] c.t.c.f.a.loops.LoopTransactionSet       : Saved exception: Exception{exceptionId=387013, fileDefinitionId=26, fileInstanceId=1062, fileRecordId=261976, exceptionType='ERROR', category='DATA ELEMENT', subCategory='Illegal element value.', detail='Loop id 2000 Segment ID: INS Student Status Code [U] must equal one of P,F,N.', subscriberId='00001531330', memberId='01', exceptionCreated=2018-05-07 06:02:36.507}
2018-05-07 06:02:36.521 DEBUG 21764 --- [           main] c.t.c.f.a.loops.LoopTransactionSet       : Delete file instance file record id: 6667837
2018-05-07 06:02:36.522 DEBUG 21764 --- [           main] c.t.c.f.a.loops.LoopTransactionSet       : Delete file instance file record id: 6667838
2018-05-07 06:02:37.247  INFO 21764 --- [           main] com.trinet.cvf.files.TriNetCvfFilesMain  : Started TriNetCvfFilesMain in 19.39 seconds (JVM running for 20.264)
Mon May  7 06:02:37 EDT 2018: TriNet-VSP-834X4 - Get number of subscribers in the file record data tables post file creation.
Mon May  7 06:02:38 EDT 2018: Number of subscribers = 10802.
Mon May  7 06:02:38 EDT 2018: TriNet-VSP-834X4 - Check exception table for errors.
Mon May  7 06:02:38 EDT 2018: Number or errors = 29.
Mon May  7 06:02:38 EDT 2018: TriNet-VSP-834X4 - Move target/TriNet-VSP-834X4-20180507-060136.x12 to ../processandarchivefile/incomingqueue/TriNet-VSP-834X4-20180507-060136.x12
Mon May  7 06:02:38 EDT 2018: TriNet-VSP-834X4 - Process and archive file ../processandarchivefile/incomingqueue/TriNet-VSP-834X4-20180507-060136.x12
Mon May  7 06:02:38 EDT 2018: Running process file script using this command: $PROCESSSCRIPTSDIRECTORY/$PROCESSNAME.sh "$INCOMINGFILEPATH"
Mon May  7 06:02:39 EDT 2018: TriNet-VSP-834X4 Process - Find file instance id for file TriNet-VSP-834X4-20180507-060136.x12.
Mon May  7 06:02:39 EDT 2018: TriNet-VSP-834X4 Process - Create file upload record.
Mon May  7 06:02:40 EDT 2018: TriNet-VSP-834X4 Process - Uploading 834 file to none://@:/TriNet-VSP-834X4-20180507-060136.x12
Mon May  7 06:02:40 EDT 2018: TriNet-VSP-834X4 Process - File uploaded successfully. Mark the file as sent.
Mon May  7 06:02:40 EDT 2018: TriNet-VSP-834X4 Process Done
Mon May  7 06:02:40 EDT 2018: Compressing file ../processandarchivefile/incomingqueue/TriNet-VSP-834X4-20180507-060136.x12 for the PROCESSED file archive using bzip2.
Mon May  7 06:02:41 EDT 2018: Remove the original file "../processandarchivefile/incomingqueue/TriNet-VSP-834X4-20180507-060136.x12" because the compressed file "../processandarchivefile/incomingqueue/TriNet-VSP-834X4-20180507-060136.x12.bz2" was created.
Mon May  7 06:02:41 EDT 2018: Archiving ../processandarchivefile/incomingqueue/TriNet-VSP-834X4-20180507-060136.x12.bz2 as archives/TriNet-VSP-834X4/processed/TriNet-VSP-834X4-20180507-060136.x12.bz2.
Mon May  7 06:02:41 EDT 2018: TriNet-VSP-834X4 - Update termination counts.
Mon May  7 06:02:42 EDT 2018: TriNet-VSP-834X4 - Update file instance status.
Mon May  7 06:02:42 EDT 2018: File generated and sent successfully but 29 error(s) found in the exceptions table. Please check the exceptions table using the following sql and try correct the issues before the next run: select * from ansi5010.exception_view where file_instance_id = 1062;
Mon May  7 06:02:42 EDT 2018: TriNet-VSP-834X4 Done
