Thu May 10 02:11:44 EDT 2018: TriNet-VSP-834X4 Starting
Thu May 10 02:11:44 EDT 2018: TriNet-VSP-834X4 - Create file record.
Thu May 10 02:11:45 EDT 2018: File id = 1068
Thu May 10 02:11:45 EDT 2018: TriNet-VSP-834X4 - Create file record data.
Thu May 10 02:12:01 EDT 2018: TriNet-VSP-834X4 - Get number of subscribers in the file record data tables.
Thu May 10 02:12:02 EDT 2018: Number of subscribers = 9786.
Thu May 10 02:12:02 EDT 2018: TriNet-VSP-834X4 - Create file target/TriNet-VSP-834X4-20180510-021144.x12.
2018-05-10 02:12:03.670  INFO 3182 --- [           main] com.trinet.cvf.files.TriNetCvfFilesMain  : Starting TriNetCvfFilesMain v00015 on bib01bredimft01.ux.corp.local with PID 3182 (/opt/trinet/cronprograms/cvf-java-files/lib/com.trinet.cvf.filesimpl-TriNet-VSP-834.jar started by cronjobs in /opt/trinet/util/cronjobs)
2018-05-10 02:12:03.677 DEBUG 3182 --- [           main] com.trinet.cvf.files.TriNetCvfFilesMain  : Running with Spring Boot v1.5.2.RELEASE, Spring v4.3.7.RELEASE
2018-05-10 02:12:03.677  INFO 3182 --- [           main] com.trinet.cvf.files.TriNetCvfFilesMain  : No active profile set, falling back to default profiles: default
2018-05-10 02:12:12.395  INFO 3182 --- [           main] com.trinet.cvf.files.ansi5010.Ansi5010   : Create ANSI5010 file for file id 1068 output to target/TriNet-VSP-834X4-20180510-021144.x12.
2018-05-10 02:12:12.507  INFO 3182 --- [           main] com.trinet.cvf.files.ansi5010.Ansi5010   : File name: VSP 834 X4
2018-05-10 02:12:14.460 DEBUG 3182 --- [           main] c.t.c.f.a.loops.LoopTransactionSet       : Saved exception: Exception{exceptionId=393355, fileDefinitionId=26, fileInstanceId=1068, fileRecordId=261572, exceptionType='ERROR', category='DATA ELEMENT', subCategory='Illegal element value.', detail='Loop id 2000 Segment ID: INS Student Status Code [U] must equal one of P,F,N.', subscriberId='00001529922', memberId='01', exceptionCreated=2018-05-10 02:12:14.455}
2018-05-10 02:12:14.517 DEBUG 3182 --- [           main] c.t.c.f.a.loops.LoopTransactionSet       : Delete file instance file record id: 6795191
2018-05-10 02:12:14.518 DEBUG 3182 --- [           main] c.t.c.f.a.loops.LoopTransactionSet       : Delete file instance file record id: 6795192
2018-05-10 02:12:15.466 DEBUG 3182 --- [           main] c.t.c.f.a.loops.LoopTransactionSet       : Saved exception: Exception{exceptionId=393356, fileDefinitionId=26, fileInstanceId=1068, fileRecordId=252242, exceptionType='ERROR', category='DATA ELEMENT', subCategory='Illegal element value.', detail='Loop id 2000 Segment ID: INS Student Status Code [U] must equal one of P,F,N.', subscriberId='00001511364', memberId='01', exceptionCreated=2018-05-10 02:12:15.464}
2018-05-10 02:12:15.488 DEBUG 3182 --- [           main] c.t.c.f.a.loops.LoopTransactionSet       : Delete file instance file record id: 6786676
2018-05-10 02:12:15.489 DEBUG 3182 --- [           main] c.t.c.f.a.loops.LoopTransactionSet       : Delete file instance file record id: 6786677
2018-05-10 02:12:15.489 DEBUG 3182 --- [           main] c.t.c.f.a.loops.LoopTransactionSet       : Delete file instance file record id: 6786678
2018-05-10 02:12:16.977 DEBUG 3182 --- [           main] c.t.c.f.a.loops.LoopTransactionSet       : Saved exception: Exception{exceptionId=393357, fileDefinitionId=26, fileInstanceId=1068, fileRecordId=261259, exceptionType='ERROR', category='DATA ELEMENT', subCategory='Illegal element value.', detail='Loop id 2000 Segment ID: INS Student Status Code [U] must equal one of P,F,N.', subscriberId='00001529605', memberId='01', exceptionCreated=2018-05-10 02:12:16.975}
2018-05-10 02:12:16.986 DEBUG 3182 --- [           main] c.t.c.f.a.loops.LoopTransactionSet       : Saved exception: Exception{exceptionId=393358, fileDefinitionId=26, fileInstanceId=1068, fileRecordId=257773, exceptionType='ERROR', category='DATA ELEMENT', subCategory='Illegal element value.', detail='Loop id 2000 Segment ID: INS Student Status Code [U] must equal one of P,F,N.', subscriberId='00001522956', memberId='01', exceptionCreated=2018-05-10 02:12:16.984}
2018-05-10 02:12:16.990 DEBUG 3182 --- [           main] c.t.c.f.a.loops.LoopTransactionSet       : Saved exception: Exception{exceptionId=393359, fileDefinitionId=26, fileInstanceId=1068, fileRecordId=253012, exceptionType='ERROR', category='DATA ELEMENT', subCategory='Illegal element value.', detail='Loop id 2000 Segment ID: INS Student Status Code [U] must equal one of P,F,N.', subscriberId='00001512300', memberId='01', exceptionCreated=2018-05-10 02:12:16.988}
2018-05-10 02:12:17.022 DEBUG 3182 --- [           main] c.t.c.f.a.loops.LoopTransactionSet       : Delete file instance file record id: 6794985
2018-05-10 02:12:17.022 DEBUG 3182 --- [           main] c.t.c.f.a.loops.LoopTransactionSet       : Delete file instance file record id: 6794986
2018-05-10 02:12:17.022 DEBUG 3182 --- [           main] c.t.c.f.a.loops.LoopTransactionSet       : Delete file instance file record id: 6794987
2018-05-10 02:12:17.022 DEBUG 3182 --- [           main] c.t.c.f.a.loops.LoopTransactionSet       : Delete file instance file record id: 6791798
2018-05-10 02:12:17.022 DEBUG 3182 --- [           main] c.t.c.f.a.loops.LoopTransactionSet       : Delete file instance file record id: 6791799
2018-05-10 02:12:17.023 DEBUG 3182 --- [           main] c.t.c.f.a.loops.LoopTransactionSet       : Delete file instance file record id: 6787429
2018-05-10 02:12:17.023 DEBUG 3182 --- [           main] c.t.c.f.a.loops.LoopTransactionSet       : Delete file instance file record id: 6787430
2018-05-10 02:12:17.359 DEBUG 3182 --- [           main] c.t.c.f.a.loops.LoopTransactionSet       : Saved exception: Exception{exceptionId=393360, fileDefinitionId=26, fileInstanceId=1068, fileRecordId=261077, exceptionType='ERROR', category='DATA ELEMENT', subCategory='Illegal element value.', detail='Loop id 2000 Segment ID: INS Student Status Code [U] must equal one of P,F,N.', subscriberId='00001528093', memberId='01', exceptionCreated=2018-05-10 02:12:17.357}
2018-05-10 02:12:17.372 DEBUG 3182 --- [           main] c.t.c.f.a.loops.LoopTransactionSet       : Saved exception: Exception{exceptionId=393361, fileDefinitionId=26, fileInstanceId=1068, fileRecordId=257757, exceptionType='ERROR', category='DATA ELEMENT', subCategory='Illegal element value.', detail='Loop id 2000 Segment ID: INS Student Status Code [U] must equal one of P,F,N.', subscriberId='00001522935', memberId='01', exceptionCreated=2018-05-10 02:12:17.371}
2018-05-10 02:12:17.392 DEBUG 3182 --- [           main] c.t.c.f.a.loops.LoopTransactionSet       : Saved exception: Exception{exceptionId=393362, fileDefinitionId=26, fileInstanceId=1068, fileRecordId=263919, exceptionType='ERROR', category='DATA ELEMENT', subCategory='Illegal element value.', detail='Loop id 2000 Segment ID: INS Student Status Code [U] must equal one of P,F,N.', subscriberId='00001536422', memberId='01', exceptionCreated=2018-05-10 02:12:17.391}
2018-05-10 02:12:17.403 DEBUG 3182 --- [           main] c.t.c.f.a.loops.LoopTransactionSet       : Delete file instance file record id: 6794816
2018-05-10 02:12:17.403 DEBUG 3182 --- [           main] c.t.c.f.a.loops.LoopTransactionSet       : Delete file instance file record id: 6794817
2018-05-10 02:12:17.403 DEBUG 3182 --- [           main] c.t.c.f.a.loops.LoopTransactionSet       : Delete file instance file record id: 6791782
2018-05-10 02:12:17.403 DEBUG 3182 --- [           main] c.t.c.f.a.loops.LoopTransactionSet       : Delete file instance file record id: 6791783
2018-05-10 02:12:17.403 DEBUG 3182 --- [           main] c.t.c.f.a.loops.LoopTransactionSet       : Delete file instance file record id: 6791784
2018-05-10 02:12:17.404 DEBUG 3182 --- [           main] c.t.c.f.a.loops.LoopTransactionSet       : Delete file instance file record id: 6791785
2018-05-10 02:12:17.404 DEBUG 3182 --- [           main] c.t.c.f.a.loops.LoopTransactionSet       : Delete file instance file record id: 6797301
2018-05-10 02:12:17.404 DEBUG 3182 --- [           main] c.t.c.f.a.loops.LoopTransactionSet       : Delete file instance file record id: 6797302
2018-05-10 02:12:17.770 DEBUG 3182 --- [           main] c.t.c.f.a.loops.LoopTransactionSet       : Saved exception: Exception{exceptionId=393363, fileDefinitionId=26, fileInstanceId=1068, fileRecordId=262450, exceptionType='ERROR', category='DATA ELEMENT', subCategory='Illegal element value.', detail='Loop id 2000 Segment ID: INS Student Status Code [U] must equal one of P,F,N.', subscriberId='00001532039', memberId='01', exceptionCreated=2018-05-10 02:12:17.768}
2018-05-10 02:12:17.797 DEBUG 3182 --- [           main] c.t.c.f.a.loops.LoopTransactionSet       : Saved exception: Exception{exceptionId=393364, fileDefinitionId=26, fileInstanceId=1068, fileRecordId=270722, exceptionType='ERROR', category='DATA ELEMENT', subCategory='Invalid element length.', detail='Loop id 2100A Segment ID: N4 State Code [NSW] length of 3 exceeds the maximum length of 2', subscriberId='00001924356', memberId='04', exceptionCreated=2018-05-10 02:12:17.795}
2018-05-10 02:12:17.798 DEBUG 3182 --- [           main] c.t.c.f.a.loops.LoopTransactionSet       : Saved exception: Exception{exceptionId=393365, fileDefinitionId=26, fileInstanceId=1068, fileRecordId=270723, exceptionType='ERROR', category='DATA ELEMENT', subCategory='Invalid element length.', detail='Loop id 2100A Segment ID: N4 State Code [NSW] length of 3 exceeds the maximum length of 2', subscriberId='00001924356', memberId='05', exceptionCreated=2018-05-10 02:12:17.797}
2018-05-10 02:12:17.816 DEBUG 3182 --- [           main] c.t.c.f.a.loops.LoopTransactionSet       : Saved exception: Exception{exceptionId=393366, fileDefinitionId=26, fileInstanceId=1068, fileRecordId=258901, exceptionType='ERROR', category='DATA ELEMENT', subCategory='Illegal element value.', detail='Loop id 2000 Segment ID: INS Student Status Code [U] must equal one of P,F,N.', subscriberId='00001524550', memberId='01', exceptionCreated=2018-05-10 02:12:17.815}
2018-05-10 02:12:17.820 DEBUG 3182 --- [           main] c.t.c.f.a.loops.LoopTransactionSet       : Delete file instance file record id: 6795949
2018-05-10 02:12:17.820 DEBUG 3182 --- [           main] c.t.c.f.a.loops.LoopTransactionSet       : Delete file instance file record id: 6795950
2018-05-10 02:12:17.820 DEBUG 3182 --- [           main] c.t.c.f.a.loops.LoopTransactionSet       : Delete file instance file record id: 6803316
2018-05-10 02:12:17.820 DEBUG 3182 --- [           main] c.t.c.f.a.loops.LoopTransactionSet       : Delete file instance file record id: 6803317
2018-05-10 02:12:17.820 DEBUG 3182 --- [           main] c.t.c.f.a.loops.LoopTransactionSet       : Delete file instance file record id: 6803318
2018-05-10 02:12:17.820 DEBUG 3182 --- [           main] c.t.c.f.a.loops.LoopTransactionSet       : Delete file instance file record id: 6803319
2018-05-10 02:12:17.820 DEBUG 3182 --- [           main] c.t.c.f.a.loops.LoopTransactionSet       : Delete file instance file record id: 6803320
2018-05-10 02:12:17.821 DEBUG 3182 --- [           main] c.t.c.f.a.loops.LoopTransactionSet       : Delete file instance file record id: 6792824
2018-05-10 02:12:17.821 DEBUG 3182 --- [           main] c.t.c.f.a.loops.LoopTransactionSet       : Delete file instance file record id: 6792825
2018-05-10 02:12:18.149 DEBUG 3182 --- [           main] c.t.c.f.a.loops.LoopTransactionSet       : Saved exception: Exception{exceptionId=393367, fileDefinitionId=26, fileInstanceId=1068, fileRecordId=261573, exceptionType='ERROR', category='DATA ELEMENT', subCategory='Missing required element.', detail='Loop id 2000 Segment ID: INS Employment Status Code', subscriberId='00001529923', memberId='00001529923', exceptionCreated=2018-05-10 02:12:18.147}
2018-05-10 02:12:18.150 DEBUG 3182 --- [           main] c.t.c.f.a.loops.LoopTransactionSet       : Saved exception: Exception{exceptionId=393368, fileDefinitionId=26, fileInstanceId=1068, fileRecordId=261305, exceptionType='ERROR', category='DATA ELEMENT', subCategory='Illegal element value.', detail='Loop id 2000 Segment ID: INS Student Status Code [U] must equal one of P,F,N.', subscriberId='00001529627', memberId='01', exceptionCreated=2018-05-10 02:12:18.149}
2018-05-10 02:12:18.189 DEBUG 3182 --- [           main] c.t.c.f.a.loops.LoopTransactionSet       : Delete file instance file record id: 6795193
2018-05-10 02:12:18.189 DEBUG 3182 --- [           main] c.t.c.f.a.loops.LoopTransactionSet       : Delete file instance file record id: 6795194
2018-05-10 02:12:18.189 DEBUG 3182 --- [           main] c.t.c.f.a.loops.LoopTransactionSet       : Delete file instance file record id: 6795026
2018-05-10 02:12:18.189 DEBUG 3182 --- [           main] c.t.c.f.a.loops.LoopTransactionSet       : Delete file instance file record id: 6795027
2018-05-10 02:12:18.189 DEBUG 3182 --- [           main] c.t.c.f.a.loops.LoopTransactionSet       : Delete file instance file record id: 6795028
2018-05-10 02:12:18.190 DEBUG 3182 --- [           main] c.t.c.f.a.loops.LoopTransactionSet       : Delete file instance file record id: 6795029
2018-05-10 02:12:18.549 DEBUG 3182 --- [           main] c.t.c.f.a.loops.LoopTransactionSet       : Saved exception: Exception{exceptionId=393369, fileDefinitionId=26, fileInstanceId=1068, fileRecordId=254793, exceptionType='ERROR', category='DATA ELEMENT', subCategory='Illegal element value.', detail='Loop id 2000 Segment ID: INS Student Status Code [U] must equal one of P,F,N.', subscriberId='00001516412', memberId='02', exceptionCreated=2018-05-10 02:12:18.547}
2018-05-10 02:12:18.580 DEBUG 3182 --- [           main] c.t.c.f.a.loops.LoopTransactionSet       : Delete file instance file record id: 6789058
2018-05-10 02:12:18.580 DEBUG 3182 --- [           main] c.t.c.f.a.loops.LoopTransactionSet       : Delete file instance file record id: 6789059
2018-05-10 02:12:18.881 DEBUG 3182 --- [           main] c.t.c.f.a.loops.LoopTransactionSet       : Saved exception: Exception{exceptionId=393370, fileDefinitionId=26, fileInstanceId=1068, fileRecordId=257949, exceptionType='ERROR', category='DATA ELEMENT', subCategory='Illegal element value.', detail='Loop id 2000 Segment ID: INS Student Status Code [U] must equal one of P,F,N.', subscriberId='00001523144', memberId='02', exceptionCreated=2018-05-10 02:12:18.88}
2018-05-10 02:12:18.882 DEBUG 3182 --- [           main] c.t.c.f.a.loops.LoopTransactionSet       : Saved exception: Exception{exceptionId=393371, fileDefinitionId=26, fileInstanceId=1068, fileRecordId=257950, exceptionType='ERROR', category='DATA ELEMENT', subCategory='Illegal element value.', detail='Loop id 2000 Segment ID: INS Student Status Code [U] must equal one of P,F,N.', subscriberId='00001523144', memberId='04', exceptionCreated=2018-05-10 02:12:18.882}
2018-05-10 02:12:18.926 DEBUG 3182 --- [           main] c.t.c.f.a.loops.LoopTransactionSet       : Delete file instance file record id: 6791960
2018-05-10 02:12:18.926 DEBUG 3182 --- [           main] c.t.c.f.a.loops.LoopTransactionSet       : Delete file instance file record id: 6791961
2018-05-10 02:12:18.926 DEBUG 3182 --- [           main] c.t.c.f.a.loops.LoopTransactionSet       : Delete file instance file record id: 6791962
2018-05-10 02:12:18.926 DEBUG 3182 --- [           main] c.t.c.f.a.loops.LoopTransactionSet       : Delete file instance file record id: 6791963
2018-05-10 02:12:19.583 DEBUG 3182 --- [           main] c.t.c.f.a.loops.LoopTransactionSet       : Saved exception: Exception{exceptionId=393372, fileDefinitionId=26, fileInstanceId=1068, fileRecordId=274489, exceptionType='ERROR', category='DATA ELEMENT', subCategory='Invalid element length.', detail='Loop id 2100A Segment ID: N4 State Code [SOMER] length of 5 exceeds the maximum length of 2', subscriberId='00002040356', memberId='02', exceptionCreated=2018-05-10 02:12:19.581}
2018-05-10 02:12:19.590 DEBUG 3182 --- [           main] c.t.c.f.a.loops.LoopTransactionSet       : Saved exception: Exception{exceptionId=393373, fileDefinitionId=26, fileInstanceId=1068, fileRecordId=263753, exceptionType='ERROR', category='DATA ELEMENT', subCategory='Illegal element value.', detail='Loop id 2000 Segment ID: INS Student Status Code [U] must equal one of P,F,N.', subscriberId='00001536035', memberId='02', exceptionCreated=2018-05-10 02:12:19.589}
2018-05-10 02:12:19.593 DEBUG 3182 --- [           main] c.t.c.f.a.loops.LoopTransactionSet       : Saved exception: Exception{exceptionId=393374, fileDefinitionId=26, fileInstanceId=1068, fileRecordId=255760, exceptionType='ERROR', category='DATA ELEMENT', subCategory='Illegal element value.', detail='Loop id 2000 Segment ID: INS Student Status Code [U] must equal one of P,F,N.', subscriberId='00001518585', memberId='01', exceptionCreated=2018-05-10 02:12:19.593}
2018-05-10 02:12:19.641 DEBUG 3182 --- [           main] c.t.c.f.a.loops.LoopTransactionSet       : Delete file instance file record id: 6806681
2018-05-10 02:12:19.641 DEBUG 3182 --- [           main] c.t.c.f.a.loops.LoopTransactionSet       : Delete file instance file record id: 6806682
2018-05-10 02:12:19.641 DEBUG 3182 --- [           main] c.t.c.f.a.loops.LoopTransactionSet       : Delete file instance file record id: 6806683
2018-05-10 02:12:19.641 DEBUG 3182 --- [           main] c.t.c.f.a.loops.LoopTransactionSet       : Delete file instance file record id: 6806684
2018-05-10 02:12:19.641 DEBUG 3182 --- [           main] c.t.c.f.a.loops.LoopTransactionSet       : Delete file instance file record id: 6806685
2018-05-10 02:12:19.641 DEBUG 3182 --- [           main] c.t.c.f.a.loops.LoopTransactionSet       : Delete file instance file record id: 6806686
2018-05-10 02:12:19.641 DEBUG 3182 --- [           main] c.t.c.f.a.loops.LoopTransactionSet       : Delete file instance file record id: 6797147
2018-05-10 02:12:19.641 DEBUG 3182 --- [           main] c.t.c.f.a.loops.LoopTransactionSet       : Delete file instance file record id: 6797148
2018-05-10 02:12:19.641 DEBUG 3182 --- [           main] c.t.c.f.a.loops.LoopTransactionSet       : Delete file instance file record id: 6789906
2018-05-10 02:12:19.641 DEBUG 3182 --- [           main] c.t.c.f.a.loops.LoopTransactionSet       : Delete file instance file record id: 6789907
2018-05-10 02:12:19.925 DEBUG 3182 --- [           main] c.t.c.f.a.loops.LoopTransactionSet       : Saved exception: Exception{exceptionId=393375, fileDefinitionId=26, fileInstanceId=1068, fileRecordId=259062, exceptionType='ERROR', category='DATA ELEMENT', subCategory='Illegal element value.', detail='Loop id 2000 Segment ID: INS Student Status Code [U] must equal one of P,F,N.', subscriberId='00001524745', memberId='03', exceptionCreated=2018-05-10 02:12:19.924}
2018-05-10 02:12:19.967 DEBUG 3182 --- [           main] c.t.c.f.a.loops.LoopTransactionSet       : Saved exception: Exception{exceptionId=393376, fileDefinitionId=26, fileInstanceId=1068, fileRecordId=261564, exceptionType='ERROR', category='DATA ELEMENT', subCategory='Illegal element value.', detail='Loop id 2000 Segment ID: INS Student Status Code [U] must equal one of P,F,N.', subscriberId='00001529918', memberId='01', exceptionCreated=2018-05-10 02:12:19.965}
2018-05-10 02:12:19.987 DEBUG 3182 --- [           main] c.t.c.f.a.loops.LoopTransactionSet       : Delete file instance file record id: 6792975
2018-05-10 02:12:19.987 DEBUG 3182 --- [           main] c.t.c.f.a.loops.LoopTransactionSet       : Delete file instance file record id: 6792976
2018-05-10 02:12:19.987 DEBUG 3182 --- [           main] c.t.c.f.a.loops.LoopTransactionSet       : Delete file instance file record id: 6792977
2018-05-10 02:12:19.987 DEBUG 3182 --- [           main] c.t.c.f.a.loops.LoopTransactionSet       : Delete file instance file record id: 6792978
2018-05-10 02:12:19.987 DEBUG 3182 --- [           main] c.t.c.f.a.loops.LoopTransactionSet       : Delete file instance file record id: 6795183
2018-05-10 02:12:19.988 DEBUG 3182 --- [           main] c.t.c.f.a.loops.LoopTransactionSet       : Delete file instance file record id: 6795184
2018-05-10 02:12:20.339 DEBUG 3182 --- [           main] c.t.c.f.a.loops.LoopTransactionSet       : Saved exception: Exception{exceptionId=393377, fileDefinitionId=26, fileInstanceId=1068, fileRecordId=263237, exceptionType='ERROR', category='DATA ELEMENT', subCategory='Illegal element value.', detail='Loop id 2000 Segment ID: INS Student Status Code [U] must equal one of P,F,N.', subscriberId='00001534228', memberId='01', exceptionCreated=2018-05-10 02:12:20.337}
2018-05-10 02:12:20.358 DEBUG 3182 --- [           main] c.t.c.f.a.loops.LoopTransactionSet       : Saved exception: Exception{exceptionId=393378, fileDefinitionId=26, fileInstanceId=1068, fileRecordId=257112, exceptionType='ERROR', category='DATA ELEMENT', subCategory='Illegal element value.', detail='Loop id 2000 Segment ID: INS Student Status Code [U] must equal one of P,F,N.', subscriberId='00001521319', memberId='03', exceptionCreated=2018-05-10 02:12:20.356}
2018-05-10 02:12:20.376 DEBUG 3182 --- [           main] c.t.c.f.a.loops.LoopTransactionSet       : Saved exception: Exception{exceptionId=393379, fileDefinitionId=26, fileInstanceId=1068, fileRecordId=261199, exceptionType='ERROR', category='DATA ELEMENT', subCategory='Illegal element value.', detail='Loop id 2000 Segment ID: INS Student Status Code [U] must equal one of P,F,N.', subscriberId='00001529118', memberId='02', exceptionCreated=2018-05-10 02:12:20.374}
2018-05-10 02:12:20.379 DEBUG 3182 --- [           main] c.t.c.f.a.loops.LoopTransactionSet       : Saved exception: Exception{exceptionId=393380, fileDefinitionId=26, fileInstanceId=1068, fileRecordId=254283, exceptionType='ERROR', category='DATA ELEMENT', subCategory='Illegal element value.', detail='Loop id 2000 Segment ID: INS Student Status Code [U] must equal one of P,F,N.', subscriberId='00001514685', memberId='02', exceptionCreated=2018-05-10 02:12:20.379}
2018-05-10 02:12:20.399 DEBUG 3182 --- [           main] c.t.c.f.a.loops.LoopTransactionSet       : Delete file instance file record id: 6796694
2018-05-10 02:12:20.399 DEBUG 3182 --- [           main] c.t.c.f.a.loops.LoopTransactionSet       : Delete file instance file record id: 6796695
2018-05-10 02:12:20.400 DEBUG 3182 --- [           main] c.t.c.f.a.loops.LoopTransactionSet       : Delete file instance file record id: 6791172
2018-05-10 02:12:20.400 DEBUG 3182 --- [           main] c.t.c.f.a.loops.LoopTransactionSet       : Delete file instance file record id: 6791174
2018-05-10 02:12:20.400 DEBUG 3182 --- [           main] c.t.c.f.a.loops.LoopTransactionSet       : Delete file instance file record id: 6791173
2018-05-10 02:12:20.400 DEBUG 3182 --- [           main] c.t.c.f.a.loops.LoopTransactionSet       : Delete file instance file record id: 6791175
2018-05-10 02:12:20.400 DEBUG 3182 --- [           main] c.t.c.f.a.loops.LoopTransactionSet       : Delete file instance file record id: 6794933
2018-05-10 02:12:20.400 DEBUG 3182 --- [           main] c.t.c.f.a.loops.LoopTransactionSet       : Delete file instance file record id: 6794934
2018-05-10 02:12:20.400 DEBUG 3182 --- [           main] c.t.c.f.a.loops.LoopTransactionSet       : Delete file instance file record id: 6788594
2018-05-10 02:12:20.400 DEBUG 3182 --- [           main] c.t.c.f.a.loops.LoopTransactionSet       : Delete file instance file record id: 6788595
2018-05-10 02:12:20.400 DEBUG 3182 --- [           main] c.t.c.f.a.loops.LoopTransactionSet       : Delete file instance file record id: 6788596
2018-05-10 02:12:20.400 DEBUG 3182 --- [           main] c.t.c.f.a.loops.LoopTransactionSet       : Delete file instance file record id: 6788597
2018-05-10 02:12:20.400 DEBUG 3182 --- [           main] c.t.c.f.a.loops.LoopTransactionSet       : Delete file instance file record id: 6788598
2018-05-10 02:12:21.013 DEBUG 3182 --- [           main] c.t.c.f.a.loops.LoopTransactionSet       : Saved exception: Exception{exceptionId=393381, fileDefinitionId=26, fileInstanceId=1068, fileRecordId=260649, exceptionType='ERROR', category='DATA ELEMENT', subCategory='Illegal element value.', detail='Loop id 2000 Segment ID: INS Student Status Code [U] must equal one of P,F,N.', subscriberId='00001527167', memberId='01', exceptionCreated=2018-05-10 02:12:21.012}
2018-05-10 02:12:21.040 DEBUG 3182 --- [           main] c.t.c.f.a.loops.LoopTransactionSet       : Delete file instance file record id: 6794417
2018-05-10 02:12:21.040 DEBUG 3182 --- [           main] c.t.c.f.a.loops.LoopTransactionSet       : Delete file instance file record id: 6794418
2018-05-10 02:12:21.040 DEBUG 3182 --- [           main] c.t.c.f.a.loops.LoopTransactionSet       : Delete file instance file record id: 6794419
2018-05-10 02:12:21.040 DEBUG 3182 --- [           main] c.t.c.f.a.loops.LoopTransactionSet       : Delete file instance file record id: 6794420
2018-05-10 02:12:21.318 DEBUG 3182 --- [           main] c.t.c.f.a.loops.LoopTransactionSet       : Saved exception: Exception{exceptionId=393382, fileDefinitionId=26, fileInstanceId=1068, fileRecordId=258366, exceptionType='ERROR', category='DATA ELEMENT', subCategory='Illegal element value.', detail='Loop id 2000 Segment ID: INS Student Status Code [U] must equal one of P,F,N.', subscriberId='00001523682', memberId='01', exceptionCreated=2018-05-10 02:12:21.316}
2018-05-10 02:12:21.336 DEBUG 3182 --- [           main] c.t.c.f.a.loops.LoopTransactionSet       : Saved exception: Exception{exceptionId=393383, fileDefinitionId=26, fileInstanceId=1068, fileRecordId=260362, exceptionType='ERROR', category='DATA ELEMENT', subCategory='Illegal element value.', detail='Loop id 2000 Segment ID: INS Student Status Code [U] must equal one of P,F,N.', subscriberId='00001526315', memberId='01', exceptionCreated=2018-05-10 02:12:21.335}
2018-05-10 02:12:21.357 DEBUG 3182 --- [           main] c.t.c.f.a.loops.LoopTransactionSet       : Delete file instance file record id: 6792307
2018-05-10 02:12:21.357 DEBUG 3182 --- [           main] c.t.c.f.a.loops.LoopTransactionSet       : Delete file instance file record id: 6792308
2018-05-10 02:12:21.358 DEBUG 3182 --- [           main] c.t.c.f.a.loops.LoopTransactionSet       : Delete file instance file record id: 6794154
2018-05-10 02:12:21.358 DEBUG 3182 --- [           main] c.t.c.f.a.loops.LoopTransactionSet       : Delete file instance file record id: 6794155
2018-05-10 02:12:21.661 DEBUG 3182 --- [           main] c.t.c.f.a.loops.LoopTransactionSet       : Saved exception: Exception{exceptionId=393384, fileDefinitionId=26, fileInstanceId=1068, fileRecordId=256156, exceptionType='ERROR', category='DATA ELEMENT', subCategory='Illegal element value.', detail='Loop id 2000 Segment ID: INS Student Status Code [U] must equal one of P,F,N.', subscriberId='00001519145', memberId='01', exceptionCreated=2018-05-10 02:12:21.66}
2018-05-10 02:12:21.675 DEBUG 3182 --- [           main] c.t.c.f.a.loops.LoopTransactionSet       : Delete file instance file record id: 6790278
2018-05-10 02:12:21.676 DEBUG 3182 --- [           main] c.t.c.f.a.loops.LoopTransactionSet       : Delete file instance file record id: 6790279
2018-05-10 02:12:21.676 DEBUG 3182 --- [           main] c.t.c.f.a.loops.LoopTransactionSet       : Delete file instance file record id: 6790280
2018-05-10 02:12:21.676 DEBUG 3182 --- [           main] c.t.c.f.a.loops.LoopTransactionSet       : Delete file instance file record id: 6790281
2018-05-10 02:12:21.956 DEBUG 3182 --- [           main] c.t.c.f.a.loops.LoopTransactionSet       : Saved exception: Exception{exceptionId=393385, fileDefinitionId=26, fileInstanceId=1068, fileRecordId=262755, exceptionType='ERROR', category='DATA ELEMENT', subCategory='Illegal element value.', detail='Loop id 2000 Segment ID: INS Student Status Code [U] must equal one of P,F,N.', subscriberId='00001533116', memberId='03', exceptionCreated=2018-05-10 02:12:21.955}
2018-05-10 02:12:21.982 DEBUG 3182 --- [           main] c.t.c.f.a.loops.LoopTransactionSet       : Delete file instance file record id: 6796243
2018-05-10 02:12:21.982 DEBUG 3182 --- [           main] c.t.c.f.a.loops.LoopTransactionSet       : Delete file instance file record id: 6796246
2018-05-10 02:12:21.982 DEBUG 3182 --- [           main] c.t.c.f.a.loops.LoopTransactionSet       : Delete file instance file record id: 6796244
2018-05-10 02:12:21.982 DEBUG 3182 --- [           main] c.t.c.f.a.loops.LoopTransactionSet       : Delete file instance file record id: 6796245
2018-05-10 02:12:22.554 DEBUG 3182 --- [           main] c.t.c.f.a.loops.LoopTransactionSet       : Saved exception: Exception{exceptionId=393386, fileDefinitionId=26, fileInstanceId=1068, fileRecordId=261976, exceptionType='ERROR', category='DATA ELEMENT', subCategory='Illegal element value.', detail='Loop id 2000 Segment ID: INS Student Status Code [U] must equal one of P,F,N.', subscriberId='00001531330', memberId='01', exceptionCreated=2018-05-10 02:12:22.553}
2018-05-10 02:12:22.582 DEBUG 3182 --- [           main] c.t.c.f.a.loops.LoopTransactionSet       : Delete file instance file record id: 6795494
2018-05-10 02:12:22.582 DEBUG 3182 --- [           main] c.t.c.f.a.loops.LoopTransactionSet       : Delete file instance file record id: 6795495
2018-05-10 02:12:23.169  INFO 3182 --- [           main] com.trinet.cvf.files.TriNetCvfFilesMain  : Started TriNetCvfFilesMain in 20.054 seconds (JVM running for 20.789)
Thu May 10 02:12:23 EDT 2018: TriNet-VSP-834X4 - Get number of subscribers in the file record data tables post file creation.
Thu May 10 02:12:24 EDT 2018: Number of subscribers = 9756.
Thu May 10 02:12:24 EDT 2018: TriNet-VSP-834X4 - Check exception table for errors.
Thu May 10 02:12:24 EDT 2018: Number or errors = 32.
Thu May 10 02:12:24 EDT 2018: TriNet-VSP-834X4 - Move target/TriNet-VSP-834X4-20180510-021144.x12 to ../processandarchivefile/incomingqueue/TriNet-VSP-834X4-20180510-021144.x12
Thu May 10 02:12:24 EDT 2018: TriNet-VSP-834X4 - Process and archive file ../processandarchivefile/incomingqueue/TriNet-VSP-834X4-20180510-021144.x12
Thu May 10 02:12:24 EDT 2018: Running process file script using this command: $PROCESSSCRIPTSDIRECTORY/$PROCESSNAME.sh "$INCOMINGFILEPATH"
Thu May 10 02:12:24 EDT 2018: TriNet-VSP-834X4 Process - Find file instance id for file TriNet-VSP-834X4-20180510-021144.x12.
Thu May 10 02:12:25 EDT 2018: TriNet-VSP-834X4 Process - Create file upload record.
Thu May 10 02:12:25 EDT 2018: TriNet-VSP-834X4 Process - Uploading 834 file to none://@:/TriNet-VSP-834X4-20180510-021144.x12
Thu May 10 02:12:25 EDT 2018: TriNet-VSP-834X4 Process - File uploaded successfully. Mark the file as sent.
Thu May 10 02:12:26 EDT 2018: TriNet-VSP-834X4 Process Done
Thu May 10 02:12:26 EDT 2018: Compressing file ../processandarchivefile/incomingqueue/TriNet-VSP-834X4-20180510-021144.x12 for the PROCESSED file archive using bzip2.
Thu May 10 02:12:27 EDT 2018: Remove the original file "../processandarchivefile/incomingqueue/TriNet-VSP-834X4-20180510-021144.x12" because the compressed file "../processandarchivefile/incomingqueue/TriNet-VSP-834X4-20180510-021144.x12.bz2" was created.
Thu May 10 02:12:27 EDT 2018: Archiving ../processandarchivefile/incomingqueue/TriNet-VSP-834X4-20180510-021144.x12.bz2 as archives/TriNet-VSP-834X4/processed/TriNet-VSP-834X4-20180510-021144.x12.bz2.
Thu May 10 02:12:27 EDT 2018: TriNet-VSP-834X4 - Update termination counts.
Thu May 10 02:12:28 EDT 2018: TriNet-VSP-834X4 - Update file instance status.
Thu May 10 02:12:28 EDT 2018: File generated and sent successfully but 32 error(s) found in the exceptions table. Please check the exceptions table using the following sql and try correct the issues before the next run: select * from ansi5010.exception_view where file_instance_id = 1068;
Thu May 10 02:12:28 EDT 2018: TriNet-VSP-834X4 Done
