Wed May  9 08:48:26 EDT 2018: TriNet-VSP-834X4 Starting
Wed May  9 08:48:26 EDT 2018: TriNet-VSP-834X4 - Create file record.
Wed May  9 08:48:26 EDT 2018: File id = 1066
Wed May  9 08:48:26 EDT 2018: TriNet-VSP-834X4 - Create file record data.
Wed May  9 08:48:43 EDT 2018: TriNet-VSP-834X4 - Get number of subscribers in the file record data tables.
Wed May  9 08:48:44 EDT 2018: Number of subscribers = 9788.
Wed May  9 08:48:44 EDT 2018: TriNet-VSP-834X4 - Create file target/TriNet-VSP-834X4-20180509-084826.x12.
2018-05-09 08:48:46.077  INFO 19622 --- [           main] com.trinet.cvf.files.TriNetCvfFilesMain  : Starting TriNetCvfFilesMain v00015 on bib01bredimft01.ux.corp.local with PID 19622 (/opt/trinet/cronprograms/cvf-java-files/lib/com.trinet.cvf.filesimpl-TriNet-VSP-834.jar started by cronjobs in /opt/trinet/util/cronjobs)
2018-05-09 08:48:46.083 DEBUG 19622 --- [           main] com.trinet.cvf.files.TriNetCvfFilesMain  : Running with Spring Boot v1.5.2.RELEASE, Spring v4.3.7.RELEASE
2018-05-09 08:48:46.084  INFO 19622 --- [           main] com.trinet.cvf.files.TriNetCvfFilesMain  : No active profile set, falling back to default profiles: default
2018-05-09 08:48:54.840  INFO 19622 --- [           main] com.trinet.cvf.files.ansi5010.Ansi5010   : Create ANSI5010 file for file id 1066 output to target/TriNet-VSP-834X4-20180509-084826.x12.
2018-05-09 08:48:54.956  INFO 19622 --- [           main] com.trinet.cvf.files.ansi5010.Ansi5010   : File name: VSP 834 X4
2018-05-09 08:48:56.767 DEBUG 19622 --- [           main] c.t.c.f.a.loops.LoopTransactionSet       : Saved exception: Exception{exceptionId=388319, fileDefinitionId=26, fileInstanceId=1066, fileRecordId=261572, exceptionType='ERROR', category='DATA ELEMENT', subCategory='Illegal element value.', detail='Loop id 2000 Segment ID: INS Student Status Code [U] must equal one of P,F,N.', subscriberId='00001529922', memberId='01', exceptionCreated=2018-05-09 08:48:56.762}
2018-05-09 08:48:56.822 DEBUG 19622 --- [           main] c.t.c.f.a.loops.LoopTransactionSet       : Delete file instance file record id: 6749091
2018-05-09 08:48:56.822 DEBUG 19622 --- [           main] c.t.c.f.a.loops.LoopTransactionSet       : Delete file instance file record id: 6749092
2018-05-09 08:48:57.659 DEBUG 19622 --- [           main] c.t.c.f.a.loops.LoopTransactionSet       : Saved exception: Exception{exceptionId=388320, fileDefinitionId=26, fileInstanceId=1066, fileRecordId=252242, exceptionType='ERROR', category='DATA ELEMENT', subCategory='Illegal element value.', detail='Loop id 2000 Segment ID: INS Student Status Code [U] must equal one of P,F,N.', subscriberId='00001511364', memberId='01', exceptionCreated=2018-05-09 08:48:57.657}
2018-05-09 08:48:57.681 DEBUG 19622 --- [           main] c.t.c.f.a.loops.LoopTransactionSet       : Delete file instance file record id: 6740570
2018-05-09 08:48:57.682 DEBUG 19622 --- [           main] c.t.c.f.a.loops.LoopTransactionSet       : Delete file instance file record id: 6740571
2018-05-09 08:48:57.682 DEBUG 19622 --- [           main] c.t.c.f.a.loops.LoopTransactionSet       : Delete file instance file record id: 6740572
2018-05-09 08:48:59.162 DEBUG 19622 --- [           main] c.t.c.f.a.loops.LoopTransactionSet       : Saved exception: Exception{exceptionId=388321, fileDefinitionId=26, fileInstanceId=1066, fileRecordId=261259, exceptionType='ERROR', category='DATA ELEMENT', subCategory='Illegal element value.', detail='Loop id 2000 Segment ID: INS Student Status Code [U] must equal one of P,F,N.', subscriberId='00001529605', memberId='01', exceptionCreated=2018-05-09 08:48:59.161}
2018-05-09 08:48:59.166 DEBUG 19622 --- [           main] c.t.c.f.a.loops.LoopTransactionSet       : Saved exception: Exception{exceptionId=388322, fileDefinitionId=26, fileInstanceId=1066, fileRecordId=257773, exceptionType='ERROR', category='DATA ELEMENT', subCategory='Illegal element value.', detail='Loop id 2000 Segment ID: INS Student Status Code [U] must equal one of P,F,N.', subscriberId='00001522956', memberId='01', exceptionCreated=2018-05-09 08:48:59.165}
2018-05-09 08:48:59.168 DEBUG 19622 --- [           main] c.t.c.f.a.loops.LoopTransactionSet       : Saved exception: Exception{exceptionId=388323, fileDefinitionId=26, fileInstanceId=1066, fileRecordId=253012, exceptionType='ERROR', category='DATA ELEMENT', subCategory='Illegal element value.', detail='Loop id 2000 Segment ID: INS Student Status Code [U] must equal one of P,F,N.', subscriberId='00001512300', memberId='01', exceptionCreated=2018-05-09 08:48:59.167}
2018-05-09 08:48:59.191 DEBUG 19622 --- [           main] c.t.c.f.a.loops.LoopTransactionSet       : Delete file instance file record id: 6748885
2018-05-09 08:48:59.191 DEBUG 19622 --- [           main] c.t.c.f.a.loops.LoopTransactionSet       : Delete file instance file record id: 6748886
2018-05-09 08:48:59.191 DEBUG 19622 --- [           main] c.t.c.f.a.loops.LoopTransactionSet       : Delete file instance file record id: 6748887
2018-05-09 08:48:59.191 DEBUG 19622 --- [           main] c.t.c.f.a.loops.LoopTransactionSet       : Delete file instance file record id: 6745692
2018-05-09 08:48:59.191 DEBUG 19622 --- [           main] c.t.c.f.a.loops.LoopTransactionSet       : Delete file instance file record id: 6745693
2018-05-09 08:48:59.191 DEBUG 19622 --- [           main] c.t.c.f.a.loops.LoopTransactionSet       : Delete file instance file record id: 6741323
2018-05-09 08:48:59.192 DEBUG 19622 --- [           main] c.t.c.f.a.loops.LoopTransactionSet       : Delete file instance file record id: 6741324
2018-05-09 08:48:59.513 DEBUG 19622 --- [           main] c.t.c.f.a.loops.LoopTransactionSet       : Saved exception: Exception{exceptionId=388324, fileDefinitionId=26, fileInstanceId=1066, fileRecordId=261077, exceptionType='ERROR', category='DATA ELEMENT', subCategory='Illegal element value.', detail='Loop id 2000 Segment ID: INS Student Status Code [U] must equal one of P,F,N.', subscriberId='00001528093', memberId='01', exceptionCreated=2018-05-09 08:48:59.511}
2018-05-09 08:48:59.526 DEBUG 19622 --- [           main] c.t.c.f.a.loops.LoopTransactionSet       : Saved exception: Exception{exceptionId=388325, fileDefinitionId=26, fileInstanceId=1066, fileRecordId=257757, exceptionType='ERROR', category='DATA ELEMENT', subCategory='Illegal element value.', detail='Loop id 2000 Segment ID: INS Student Status Code [U] must equal one of P,F,N.', subscriberId='00001522935', memberId='01', exceptionCreated=2018-05-09 08:48:59.524}
2018-05-09 08:48:59.543 DEBUG 19622 --- [           main] c.t.c.f.a.loops.LoopTransactionSet       : Saved exception: Exception{exceptionId=388326, fileDefinitionId=26, fileInstanceId=1066, fileRecordId=263919, exceptionType='ERROR', category='DATA ELEMENT', subCategory='Illegal element value.', detail='Loop id 2000 Segment ID: INS Student Status Code [U] must equal one of P,F,N.', subscriberId='00001536422', memberId='01', exceptionCreated=2018-05-09 08:48:59.542}
2018-05-09 08:48:59.553 DEBUG 19622 --- [           main] c.t.c.f.a.loops.LoopTransactionSet       : Delete file instance file record id: 6748716
2018-05-09 08:48:59.553 DEBUG 19622 --- [           main] c.t.c.f.a.loops.LoopTransactionSet       : Delete file instance file record id: 6748717
2018-05-09 08:48:59.553 DEBUG 19622 --- [           main] c.t.c.f.a.loops.LoopTransactionSet       : Delete file instance file record id: 6745676
2018-05-09 08:48:59.553 DEBUG 19622 --- [           main] c.t.c.f.a.loops.LoopTransactionSet       : Delete file instance file record id: 6745677
2018-05-09 08:48:59.553 DEBUG 19622 --- [           main] c.t.c.f.a.loops.LoopTransactionSet       : Delete file instance file record id: 6745678
2018-05-09 08:48:59.554 DEBUG 19622 --- [           main] c.t.c.f.a.loops.LoopTransactionSet       : Delete file instance file record id: 6745679
2018-05-09 08:48:59.554 DEBUG 19622 --- [           main] c.t.c.f.a.loops.LoopTransactionSet       : Delete file instance file record id: 6751201
2018-05-09 08:48:59.554 DEBUG 19622 --- [           main] c.t.c.f.a.loops.LoopTransactionSet       : Delete file instance file record id: 6751202
2018-05-09 08:48:59.859 DEBUG 19622 --- [           main] c.t.c.f.a.loops.LoopTransactionSet       : Saved exception: Exception{exceptionId=388327, fileDefinitionId=26, fileInstanceId=1066, fileRecordId=262450, exceptionType='ERROR', category='DATA ELEMENT', subCategory='Illegal element value.', detail='Loop id 2000 Segment ID: INS Student Status Code [U] must equal one of P,F,N.', subscriberId='00001532039', memberId='01', exceptionCreated=2018-05-09 08:48:59.858}
2018-05-09 08:48:59.891 DEBUG 19622 --- [           main] c.t.c.f.a.loops.LoopTransactionSet       : Saved exception: Exception{exceptionId=388328, fileDefinitionId=26, fileInstanceId=1066, fileRecordId=258901, exceptionType='ERROR', category='DATA ELEMENT', subCategory='Illegal element value.', detail='Loop id 2000 Segment ID: INS Student Status Code [U] must equal one of P,F,N.', subscriberId='00001524550', memberId='01', exceptionCreated=2018-05-09 08:48:59.89}
2018-05-09 08:48:59.893 DEBUG 19622 --- [           main] c.t.c.f.a.loops.LoopTransactionSet       : Delete file instance file record id: 6749849
2018-05-09 08:48:59.893 DEBUG 19622 --- [           main] c.t.c.f.a.loops.LoopTransactionSet       : Delete file instance file record id: 6749850
2018-05-09 08:48:59.894 DEBUG 19622 --- [           main] c.t.c.f.a.loops.LoopTransactionSet       : Delete file instance file record id: 6746721
2018-05-09 08:48:59.894 DEBUG 19622 --- [           main] c.t.c.f.a.loops.LoopTransactionSet       : Delete file instance file record id: 6746722
2018-05-09 08:49:00.200 DEBUG 19622 --- [           main] c.t.c.f.a.loops.LoopTransactionSet       : Saved exception: Exception{exceptionId=388329, fileDefinitionId=26, fileInstanceId=1066, fileRecordId=261573, exceptionType='ERROR', category='DATA ELEMENT', subCategory='Missing required element.', detail='Loop id 2000 Segment ID: INS Employment Status Code', subscriberId='00001529923', memberId='00001529923', exceptionCreated=2018-05-09 08:49:00.199}
2018-05-09 08:49:00.202 DEBUG 19622 --- [           main] c.t.c.f.a.loops.LoopTransactionSet       : Saved exception: Exception{exceptionId=388330, fileDefinitionId=26, fileInstanceId=1066, fileRecordId=261305, exceptionType='ERROR', category='DATA ELEMENT', subCategory='Illegal element value.', detail='Loop id 2000 Segment ID: INS Student Status Code [U] must equal one of P,F,N.', subscriberId='00001529627', memberId='01', exceptionCreated=2018-05-09 08:49:00.201}
2018-05-09 08:49:00.233 DEBUG 19622 --- [           main] c.t.c.f.a.loops.LoopTransactionSet       : Delete file instance file record id: 6749093
2018-05-09 08:49:00.233 DEBUG 19622 --- [           main] c.t.c.f.a.loops.LoopTransactionSet       : Delete file instance file record id: 6749094
2018-05-09 08:49:00.233 DEBUG 19622 --- [           main] c.t.c.f.a.loops.LoopTransactionSet       : Delete file instance file record id: 6748926
2018-05-09 08:49:00.233 DEBUG 19622 --- [           main] c.t.c.f.a.loops.LoopTransactionSet       : Delete file instance file record id: 6748927
2018-05-09 08:49:00.233 DEBUG 19622 --- [           main] c.t.c.f.a.loops.LoopTransactionSet       : Delete file instance file record id: 6748928
2018-05-09 08:49:00.233 DEBUG 19622 --- [           main] c.t.c.f.a.loops.LoopTransactionSet       : Delete file instance file record id: 6748929
2018-05-09 08:49:00.555 DEBUG 19622 --- [           main] c.t.c.f.a.loops.LoopTransactionSet       : Saved exception: Exception{exceptionId=388331, fileDefinitionId=26, fileInstanceId=1066, fileRecordId=254793, exceptionType='ERROR', category='DATA ELEMENT', subCategory='Illegal element value.', detail='Loop id 2000 Segment ID: INS Student Status Code [U] must equal one of P,F,N.', subscriberId='00001516412', memberId='02', exceptionCreated=2018-05-09 08:49:00.554}
2018-05-09 08:49:00.586 DEBUG 19622 --- [           main] c.t.c.f.a.loops.LoopTransactionSet       : Delete file instance file record id: 6742952
2018-05-09 08:49:00.586 DEBUG 19622 --- [           main] c.t.c.f.a.loops.LoopTransactionSet       : Delete file instance file record id: 6742953
2018-05-09 08:49:00.903 DEBUG 19622 --- [           main] c.t.c.f.a.loops.LoopTransactionSet       : Saved exception: Exception{exceptionId=388332, fileDefinitionId=26, fileInstanceId=1066, fileRecordId=257949, exceptionType='ERROR', category='DATA ELEMENT', subCategory='Illegal element value.', detail='Loop id 2000 Segment ID: INS Student Status Code [U] must equal one of P,F,N.', subscriberId='00001523144', memberId='02', exceptionCreated=2018-05-09 08:49:00.902}
2018-05-09 08:49:00.904 DEBUG 19622 --- [           main] c.t.c.f.a.loops.LoopTransactionSet       : Saved exception: Exception{exceptionId=388333, fileDefinitionId=26, fileInstanceId=1066, fileRecordId=257950, exceptionType='ERROR', category='DATA ELEMENT', subCategory='Illegal element value.', detail='Loop id 2000 Segment ID: INS Student Status Code [U] must equal one of P,F,N.', subscriberId='00001523144', memberId='04', exceptionCreated=2018-05-09 08:49:00.903}
2018-05-09 08:49:00.952 DEBUG 19622 --- [           main] c.t.c.f.a.loops.LoopTransactionSet       : Delete file instance file record id: 6745854
2018-05-09 08:49:00.952 DEBUG 19622 --- [           main] c.t.c.f.a.loops.LoopTransactionSet       : Delete file instance file record id: 6745855
2018-05-09 08:49:00.952 DEBUG 19622 --- [           main] c.t.c.f.a.loops.LoopTransactionSet       : Delete file instance file record id: 6745856
2018-05-09 08:49:00.953 DEBUG 19622 --- [           main] c.t.c.f.a.loops.LoopTransactionSet       : Delete file instance file record id: 6745857
2018-05-09 08:49:01.558 DEBUG 19622 --- [           main] c.t.c.f.a.loops.LoopTransactionSet       : Saved exception: Exception{exceptionId=388334, fileDefinitionId=26, fileInstanceId=1066, fileRecordId=263753, exceptionType='ERROR', category='DATA ELEMENT', subCategory='Illegal element value.', detail='Loop id 2000 Segment ID: INS Student Status Code [U] must equal one of P,F,N.', subscriberId='00001536035', memberId='02', exceptionCreated=2018-05-09 08:49:01.557}
2018-05-09 08:49:01.561 DEBUG 19622 --- [           main] c.t.c.f.a.loops.LoopTransactionSet       : Saved exception: Exception{exceptionId=388335, fileDefinitionId=26, fileInstanceId=1066, fileRecordId=255760, exceptionType='ERROR', category='DATA ELEMENT', subCategory='Illegal element value.', detail='Loop id 2000 Segment ID: INS Student Status Code [U] must equal one of P,F,N.', subscriberId='00001518585', memberId='01', exceptionCreated=2018-05-09 08:49:01.56}
2018-05-09 08:49:01.605 DEBUG 19622 --- [           main] c.t.c.f.a.loops.LoopTransactionSet       : Delete file instance file record id: 6751047
2018-05-09 08:49:01.605 DEBUG 19622 --- [           main] c.t.c.f.a.loops.LoopTransactionSet       : Delete file instance file record id: 6751048
2018-05-09 08:49:01.605 DEBUG 19622 --- [           main] c.t.c.f.a.loops.LoopTransactionSet       : Delete file instance file record id: 6743800
2018-05-09 08:49:01.605 DEBUG 19622 --- [           main] c.t.c.f.a.loops.LoopTransactionSet       : Delete file instance file record id: 6743801
2018-05-09 08:49:01.873 DEBUG 19622 --- [           main] c.t.c.f.a.loops.LoopTransactionSet       : Saved exception: Exception{exceptionId=388336, fileDefinitionId=26, fileInstanceId=1066, fileRecordId=259062, exceptionType='ERROR', category='DATA ELEMENT', subCategory='Illegal element value.', detail='Loop id 2000 Segment ID: INS Student Status Code [U] must equal one of P,F,N.', subscriberId='00001524745', memberId='03', exceptionCreated=2018-05-09 08:49:01.872}
2018-05-09 08:49:01.909 DEBUG 19622 --- [           main] c.t.c.f.a.loops.LoopTransactionSet       : Saved exception: Exception{exceptionId=388337, fileDefinitionId=26, fileInstanceId=1066, fileRecordId=261564, exceptionType='ERROR', category='DATA ELEMENT', subCategory='Illegal element value.', detail='Loop id 2000 Segment ID: INS Student Status Code [U] must equal one of P,F,N.', subscriberId='00001529918', memberId='01', exceptionCreated=2018-05-09 08:49:01.908}
2018-05-09 08:49:01.926 DEBUG 19622 --- [           main] c.t.c.f.a.loops.LoopTransactionSet       : Delete file instance file record id: 6746872
2018-05-09 08:49:01.926 DEBUG 19622 --- [           main] c.t.c.f.a.loops.LoopTransactionSet       : Delete file instance file record id: 6746873
2018-05-09 08:49:01.926 DEBUG 19622 --- [           main] c.t.c.f.a.loops.LoopTransactionSet       : Delete file instance file record id: 6746874
2018-05-09 08:49:01.926 DEBUG 19622 --- [           main] c.t.c.f.a.loops.LoopTransactionSet       : Delete file instance file record id: 6746875
2018-05-09 08:49:01.927 DEBUG 19622 --- [           main] c.t.c.f.a.loops.LoopTransactionSet       : Delete file instance file record id: 6749083
2018-05-09 08:49:01.927 DEBUG 19622 --- [           main] c.t.c.f.a.loops.LoopTransactionSet       : Delete file instance file record id: 6749084
2018-05-09 08:49:02.275 DEBUG 19622 --- [           main] c.t.c.f.a.loops.LoopTransactionSet       : Saved exception: Exception{exceptionId=388338, fileDefinitionId=26, fileInstanceId=1066, fileRecordId=263237, exceptionType='ERROR', category='DATA ELEMENT', subCategory='Illegal element value.', detail='Loop id 2000 Segment ID: INS Student Status Code [U] must equal one of P,F,N.', subscriberId='00001534228', memberId='01', exceptionCreated=2018-05-09 08:49:02.274}
2018-05-09 08:49:02.294 DEBUG 19622 --- [           main] c.t.c.f.a.loops.LoopTransactionSet       : Saved exception: Exception{exceptionId=388339, fileDefinitionId=26, fileInstanceId=1066, fileRecordId=257112, exceptionType='ERROR', category='DATA ELEMENT', subCategory='Illegal element value.', detail='Loop id 2000 Segment ID: INS Student Status Code [U] must equal one of P,F,N.', subscriberId='00001521319', memberId='03', exceptionCreated=2018-05-09 08:49:02.293}
2018-05-09 08:49:02.307 DEBUG 19622 --- [           main] c.t.c.f.a.loops.LoopTransactionSet       : Saved exception: Exception{exceptionId=388340, fileDefinitionId=26, fileInstanceId=1066, fileRecordId=261199, exceptionType='ERROR', category='DATA ELEMENT', subCategory='Illegal element value.', detail='Loop id 2000 Segment ID: INS Student Status Code [U] must equal one of P,F,N.', subscriberId='00001529118', memberId='02', exceptionCreated=2018-05-09 08:49:02.306}
2018-05-09 08:49:02.311 DEBUG 19622 --- [           main] c.t.c.f.a.loops.LoopTransactionSet       : Saved exception: Exception{exceptionId=388341, fileDefinitionId=26, fileInstanceId=1066, fileRecordId=254283, exceptionType='ERROR', category='DATA ELEMENT', subCategory='Illegal element value.', detail='Loop id 2000 Segment ID: INS Student Status Code [U] must equal one of P,F,N.', subscriberId='00001514685', memberId='02', exceptionCreated=2018-05-09 08:49:02.31}
2018-05-09 08:49:02.330 DEBUG 19622 --- [           main] c.t.c.f.a.loops.LoopTransactionSet       : Delete file instance file record id: 6750594
2018-05-09 08:49:02.331 DEBUG 19622 --- [           main] c.t.c.f.a.loops.LoopTransactionSet       : Delete file instance file record id: 6750595
2018-05-09 08:49:02.331 DEBUG 19622 --- [           main] c.t.c.f.a.loops.LoopTransactionSet       : Delete file instance file record id: 6745066
2018-05-09 08:49:02.331 DEBUG 19622 --- [           main] c.t.c.f.a.loops.LoopTransactionSet       : Delete file instance file record id: 6745068
2018-05-09 08:49:02.331 DEBUG 19622 --- [           main] c.t.c.f.a.loops.LoopTransactionSet       : Delete file instance file record id: 6745067
2018-05-09 08:49:02.331 DEBUG 19622 --- [           main] c.t.c.f.a.loops.LoopTransactionSet       : Delete file instance file record id: 6745069
2018-05-09 08:49:02.331 DEBUG 19622 --- [           main] c.t.c.f.a.loops.LoopTransactionSet       : Delete file instance file record id: 6748833
2018-05-09 08:49:02.331 DEBUG 19622 --- [           main] c.t.c.f.a.loops.LoopTransactionSet       : Delete file instance file record id: 6748834
2018-05-09 08:49:02.332 DEBUG 19622 --- [           main] c.t.c.f.a.loops.LoopTransactionSet       : Delete file instance file record id: 6742488
2018-05-09 08:49:02.332 DEBUG 19622 --- [           main] c.t.c.f.a.loops.LoopTransactionSet       : Delete file instance file record id: 6742489
2018-05-09 08:49:02.332 DEBUG 19622 --- [           main] c.t.c.f.a.loops.LoopTransactionSet       : Delete file instance file record id: 6742490
2018-05-09 08:49:02.332 DEBUG 19622 --- [           main] c.t.c.f.a.loops.LoopTransactionSet       : Delete file instance file record id: 6742491
2018-05-09 08:49:02.332 DEBUG 19622 --- [           main] c.t.c.f.a.loops.LoopTransactionSet       : Delete file instance file record id: 6742492
2018-05-09 08:49:02.943 DEBUG 19622 --- [           main] c.t.c.f.a.loops.LoopTransactionSet       : Saved exception: Exception{exceptionId=388342, fileDefinitionId=26, fileInstanceId=1066, fileRecordId=260649, exceptionType='ERROR', category='DATA ELEMENT', subCategory='Illegal element value.', detail='Loop id 2000 Segment ID: INS Student Status Code [U] must equal one of P,F,N.', subscriberId='00001527167', memberId='01', exceptionCreated=2018-05-09 08:49:02.941}
2018-05-09 08:49:02.966 DEBUG 19622 --- [           main] c.t.c.f.a.loops.LoopTransactionSet       : Delete file instance file record id: 6748314
2018-05-09 08:49:02.966 DEBUG 19622 --- [           main] c.t.c.f.a.loops.LoopTransactionSet       : Delete file instance file record id: 6748315
2018-05-09 08:49:02.966 DEBUG 19622 --- [           main] c.t.c.f.a.loops.LoopTransactionSet       : Delete file instance file record id: 6748316
2018-05-09 08:49:02.966 DEBUG 19622 --- [           main] c.t.c.f.a.loops.LoopTransactionSet       : Delete file instance file record id: 6748317
2018-05-09 08:49:03.252 DEBUG 19622 --- [           main] c.t.c.f.a.loops.LoopTransactionSet       : Saved exception: Exception{exceptionId=388343, fileDefinitionId=26, fileInstanceId=1066, fileRecordId=258366, exceptionType='ERROR', category='DATA ELEMENT', subCategory='Illegal element value.', detail='Loop id 2000 Segment ID: INS Student Status Code [U] must equal one of P,F,N.', subscriberId='00001523682', memberId='01', exceptionCreated=2018-05-09 08:49:03.251}
2018-05-09 08:49:03.270 DEBUG 19622 --- [           main] c.t.c.f.a.loops.LoopTransactionSet       : Saved exception: Exception{exceptionId=388344, fileDefinitionId=26, fileInstanceId=1066, fileRecordId=260362, exceptionType='ERROR', category='DATA ELEMENT', subCategory='Illegal element value.', detail='Loop id 2000 Segment ID: INS Student Status Code [U] must equal one of P,F,N.', subscriberId='00001526315', memberId='01', exceptionCreated=2018-05-09 08:49:03.268}
2018-05-09 08:49:03.291 DEBUG 19622 --- [           main] c.t.c.f.a.loops.LoopTransactionSet       : Delete file instance file record id: 6746201
2018-05-09 08:49:03.291 DEBUG 19622 --- [           main] c.t.c.f.a.loops.LoopTransactionSet       : Delete file instance file record id: 6746202
2018-05-09 08:49:03.292 DEBUG 19622 --- [           main] c.t.c.f.a.loops.LoopTransactionSet       : Delete file instance file record id: 6748051
2018-05-09 08:49:03.292 DEBUG 19622 --- [           main] c.t.c.f.a.loops.LoopTransactionSet       : Delete file instance file record id: 6748052
2018-05-09 08:49:03.577 DEBUG 19622 --- [           main] c.t.c.f.a.loops.LoopTransactionSet       : Saved exception: Exception{exceptionId=388345, fileDefinitionId=26, fileInstanceId=1066, fileRecordId=256156, exceptionType='ERROR', category='DATA ELEMENT', subCategory='Illegal element value.', detail='Loop id 2000 Segment ID: INS Student Status Code [U] must equal one of P,F,N.', subscriberId='00001519145', memberId='01', exceptionCreated=2018-05-09 08:49:03.576}
2018-05-09 08:49:03.591 DEBUG 19622 --- [           main] c.t.c.f.a.loops.LoopTransactionSet       : Delete file instance file record id: 6744172
2018-05-09 08:49:03.591 DEBUG 19622 --- [           main] c.t.c.f.a.loops.LoopTransactionSet       : Delete file instance file record id: 6744173
2018-05-09 08:49:03.591 DEBUG 19622 --- [           main] c.t.c.f.a.loops.LoopTransactionSet       : Delete file instance file record id: 6744174
2018-05-09 08:49:03.591 DEBUG 19622 --- [           main] c.t.c.f.a.loops.LoopTransactionSet       : Delete file instance file record id: 6744175
2018-05-09 08:49:03.865 DEBUG 19622 --- [           main] c.t.c.f.a.loops.LoopTransactionSet       : Saved exception: Exception{exceptionId=388346, fileDefinitionId=26, fileInstanceId=1066, fileRecordId=262755, exceptionType='ERROR', category='DATA ELEMENT', subCategory='Illegal element value.', detail='Loop id 2000 Segment ID: INS Student Status Code [U] must equal one of P,F,N.', subscriberId='00001533116', memberId='03', exceptionCreated=2018-05-09 08:49:03.863}
2018-05-09 08:49:03.898 DEBUG 19622 --- [           main] c.t.c.f.a.loops.LoopTransactionSet       : Delete file instance file record id: 6750143
2018-05-09 08:49:03.898 DEBUG 19622 --- [           main] c.t.c.f.a.loops.LoopTransactionSet       : Delete file instance file record id: 6750146
2018-05-09 08:49:03.898 DEBUG 19622 --- [           main] c.t.c.f.a.loops.LoopTransactionSet       : Delete file instance file record id: 6750144
2018-05-09 08:49:03.898 DEBUG 19622 --- [           main] c.t.c.f.a.loops.LoopTransactionSet       : Delete file instance file record id: 6750145
2018-05-09 08:49:04.457 DEBUG 19622 --- [           main] c.t.c.f.a.loops.LoopTransactionSet       : Saved exception: Exception{exceptionId=388347, fileDefinitionId=26, fileInstanceId=1066, fileRecordId=261976, exceptionType='ERROR', category='DATA ELEMENT', subCategory='Illegal element value.', detail='Loop id 2000 Segment ID: INS Student Status Code [U] must equal one of P,F,N.', subscriberId='00001531330', memberId='01', exceptionCreated=2018-05-09 08:49:04.456}
2018-05-09 08:49:04.481 DEBUG 19622 --- [           main] c.t.c.f.a.loops.LoopTransactionSet       : Delete file instance file record id: 6749394
2018-05-09 08:49:04.481 DEBUG 19622 --- [           main] c.t.c.f.a.loops.LoopTransactionSet       : Delete file instance file record id: 6749395
2018-05-09 08:49:05.183  INFO 19622 --- [           main] com.trinet.cvf.files.TriNetCvfFilesMain  : Started TriNetCvfFilesMain in 19.652 seconds (JVM running for 20.404)
Wed May  9 08:49:05 EDT 2018: TriNet-VSP-834X4 - Get number of subscribers in the file record data tables post file creation.
Wed May  9 08:49:06 EDT 2018: Number of subscribers = 9760.
Wed May  9 08:49:06 EDT 2018: TriNet-VSP-834X4 - Check exception table for errors.
Wed May  9 08:49:06 EDT 2018: Number or errors = 29.
Wed May  9 08:49:06 EDT 2018: TriNet-VSP-834X4 - Move target/TriNet-VSP-834X4-20180509-084826.x12 to ../processandarchivefile/incomingqueue/TriNet-VSP-834X4-20180509-084826.x12
Wed May  9 08:49:06 EDT 2018: TriNet-VSP-834X4 - Process and archive file ../processandarchivefile/incomingqueue/TriNet-VSP-834X4-20180509-084826.x12
Wed May  9 08:49:07 EDT 2018: Running process file script using this command: $PROCESSSCRIPTSDIRECTORY/$PROCESSNAME.sh "$INCOMINGFILEPATH"
Wed May  9 08:49:07 EDT 2018: TriNet-VSP-834X4 Process - Find file instance id for file TriNet-VSP-834X4-20180509-084826.x12.
Wed May  9 08:49:07 EDT 2018: TriNet-VSP-834X4 Process - Create file upload record.
Wed May  9 08:49:08 EDT 2018: TriNet-VSP-834X4 Process - Uploading 834 file to none://@:/TriNet-VSP-834X4-20180509-084826.x12
Wed May  9 08:49:08 EDT 2018: TriNet-VSP-834X4 Process - File uploaded successfully. Mark the file as sent.
Wed May  9 08:49:08 EDT 2018: TriNet-VSP-834X4 Process Done
Wed May  9 08:49:08 EDT 2018: Compressing file ../processandarchivefile/incomingqueue/TriNet-VSP-834X4-20180509-084826.x12 for the PROCESSED file archive using bzip2.
Wed May  9 08:49:09 EDT 2018: Remove the original file "../processandarchivefile/incomingqueue/TriNet-VSP-834X4-20180509-084826.x12" because the compressed file "../processandarchivefile/incomingqueue/TriNet-VSP-834X4-20180509-084826.x12.bz2" was created.
Wed May  9 08:49:09 EDT 2018: Archiving ../processandarchivefile/incomingqueue/TriNet-VSP-834X4-20180509-084826.x12.bz2 as archives/TriNet-VSP-834X4/processed/TriNet-VSP-834X4-20180509-084826.x12.bz2.
Wed May  9 08:49:09 EDT 2018: TriNet-VSP-834X4 - Update termination counts.
Wed May  9 08:49:10 EDT 2018: TriNet-VSP-834X4 - Update file instance status.
Wed May  9 08:49:11 EDT 2018: File generated and sent successfully but 29 error(s) found in the exceptions table. Please check the exceptions table using the following sql and try correct the issues before the next run: select * from ansi5010.exception_view where file_instance_id = 1066;
Wed May  9 08:49:11 EDT 2018: TriNet-VSP-834X4 Done
